Log file open, 10/14/21 20:14:51
LogWindows: Failed to load 'aqProf.dll' (GetLastError=126)
LogWindows: File 'aqProf.dll' does not exist
LogWindows: Failed to load 'VtuneApi.dll' (GetLastError=126)
LogWindows: File 'VtuneApi.dll' does not exist
LogWindows: Failed to load 'VtuneApi32e.dll' (GetLastError=126)
LogWindows: File 'VtuneApi32e.dll' does not exist
LogConsoleResponse: Display: Failed to find resolution value strings in scalability ini. Falling back to default.
LogConsoleResponse: Display: Failed to find resolution value strings in scalability ini. Falling back to default.
LogInit: Display: Running engine for game: HW_Yakovlev_A
LogPlatformFile: Not using cached read wrapper
LogTaskGraph: Started task graph with 5 named threads and 14 total threads with 3 sets of task threads.
LogStats: Stats thread started at 5.200062
LogICUInternationalization: ICU TimeZone Detection - Raw Offset: +3:00, Platform Override: ''
LogInit: Display: Loading text-based GConfig....
LogPluginManager: Mounting plugin MeshPainting
LogPluginManager: Mounting plugin XGEController
LogPluginManager: Mounting plugin AISupport
LogPluginManager: Mounting plugin LightPropagationVolume
LogPluginManager: Mounting plugin EnvironmentQueryEditor
LogPluginManager: Mounting plugin Paper2D
LogPluginManager: Mounting plugin LiveLink
LogPluginManager: Mounting plugin CameraShakePreviewer
LogPluginManager: Mounting plugin GameplayCameras
LogPluginManager: Mounting plugin OodleData
LogPluginManager: Mounting plugin OodleNetwork
LogPluginManager: Mounting plugin DatasmithContent
LogPluginManager: Mounting plugin AssetManagerEditor
LogPluginManager: Mounting plugin VariantManagerContent
LogPluginManager: Mounting plugin CryptoKeys
LogPluginManager: Mounting plugin CurveEditorTools
LogPluginManager: Mounting plugin DataValidation
LogPluginManager: Mounting plugin FacialAnimation
LogPluginManager: Mounting plugin GameplayTagsEditor
LogPluginManager: Mounting plugin MacGraphicsSwitching
LogPluginManager: Mounting plugin GeometryMode
LogPluginManager: Mounting plugin MaterialAnalyzer
LogPluginManager: Mounting plugin MobileLauncherProfileWizard
LogPluginManager: Mounting plugin SpeedTreeImporter
LogPluginManager: Mounting plugin PluginBrowser
LogPluginManager: Mounting plugin AnimationSharing
LogPluginManager: Mounting plugin Niagara
LogPluginManager: Mounting plugin CLionSourceCodeAccess
LogPluginManager: Mounting plugin CodeLiteSourceCodeAccess
LogPluginManager: Mounting plugin GitSourceControl
LogPluginManager: Mounting plugin KDevelopSourceCodeAccess
LogPluginManager: Mounting plugin NullSourceCodeAccess
LogPluginManager: Mounting plugin PerforceSourceControl
LogPluginManager: Mounting plugin PixWinPlugin
LogPluginManager: Mounting plugin PlasticSourceControl
LogPluginManager: Mounting plugin PluginUtils
LogPluginManager: Mounting plugin PropertyAccessNode
LogPluginManager: Mounting plugin RiderSourceCodeAccess
LogPluginManager: Mounting plugin SubversionSourceControl
LogPluginManager: Mounting plugin TextureFormatOodle
LogPluginManager: Mounting plugin UObjectPlugin
LogPluginManager: Mounting plugin VisualStudioCodeSourceCodeAccess
LogPluginManager: Mounting plugin VisualStudioSourceCodeAccess
LogPluginManager: Mounting plugin XCodeSourceCodeAccess
LogPluginManager: Mounting plugin AlembicImporter
LogPluginManager: Mounting plugin AutomationUtils
LogPluginManager: Mounting plugin BackChannel
LogPluginManager: Mounting plugin ChaosCloth
LogPluginManager: Mounting plugin ChaosClothEditor
LogPluginManager: Mounting plugin ChaosEditor
LogPluginManager: Mounting plugin ChaosSolverPlugin
LogPluginManager: Mounting plugin CharacterAI
LogPluginManager: Mounting plugin ChaosNiagara
LogPluginManager: Mounting plugin GeometryCache
LogPluginManager: Mounting plugin GeometryCollectionPlugin
LogPluginManager: Mounting plugin GeometryProcessing
LogPluginManager: Mounting plugin OpenImageDenoise
LogPluginManager: Mounting plugin PlatformCrypto
LogPluginManager: Mounting plugin PlanarCut
LogPluginManager: Mounting plugin MotoSynth
LogPluginManager: Mounting plugin ProxyLODPlugin
LogPluginManager: Mounting plugin SkeletalReduction
LogPluginManager: Mounting plugin PythonScriptPlugin
LogPluginManager: Mounting plugin TcpMessaging
LogPluginManager: Mounting plugin UdpMessaging
LogPluginManager: Mounting plugin AndroidMedia
LogPluginManager: Mounting plugin AvfMedia
LogPluginManager: Mounting plugin ImgMedia
LogPluginManager: Mounting plugin MediaCompositing
LogPluginManager: Mounting plugin MediaPlayerEditor
LogPluginManager: Mounting plugin WebMMedia
LogPluginManager: Mounting plugin WmfMedia
LogPluginManager: Mounting plugin ActorSequence
LogPluginManager: Mounting plugin MatineeToLevelSequence
LogPluginManager: Mounting plugin LevelSequenceEditor
LogPluginManager: Mounting plugin TemplateSequence
LogPluginManager: Mounting plugin LauncherChunkInstaller
LogPluginManager: Mounting plugin OnlineSubsystem
LogPluginManager: Mounting plugin OnlineSubsystemNull
LogPluginManager: Mounting plugin OnlineSubsystemUtils
LogPluginManager: Mounting plugin LuminPlatformFeatures
LogPluginManager: Mounting plugin MagicLeap
LogPluginManager: Mounting plugin MagicLeapMedia
LogPluginManager: Mounting plugin MagicLeapPassableWorld
LogPluginManager: Mounting plugin MLSDK
LogPluginManager: Mounting plugin ActorLayerUtilities
LogPluginManager: Mounting plugin AndroidMoviePlayer
LogPluginManager: Mounting plugin AndroidDeviceProfileSelector
LogPluginManager: Mounting plugin MagicLeapLightEstimation
LogPluginManager: Mounting plugin AndroidPermission
LogPluginManager: Mounting plugin AppleImageUtils
LogPluginManager: Mounting plugin AppleMoviePlayer
LogPluginManager: Mounting plugin ArchVisCharacter
LogPluginManager: Mounting plugin AssetTags
LogPluginManager: Mounting plugin AudioCapture
LogPluginManager: Mounting plugin AudioSynesthesia
LogPluginManager: Mounting plugin CableComponent
LogPluginManager: Mounting plugin ChunkDownloader
LogPluginManager: Mounting plugin CustomMeshComponent
LogPluginManager: Mounting plugin EditableMesh
LogPluginManager: Mounting plugin ExampleDeviceProfileSelector
LogPluginManager: Mounting plugin GooglePAD
LogPluginManager: Mounting plugin GoogleCloudMessaging
LogPluginManager: Mounting plugin IOSDeviceProfileSelector
LogPluginManager: Mounting plugin LinuxDeviceProfileSelector
LogPluginManager: Mounting plugin LocationServicesBPLibrary
LogPluginManager: Mounting plugin MobilePatchingUtils
LogPluginManager: Mounting plugin OpenXR
LogPluginManager: Mounting plugin OpenXREyeTracker
LogPluginManager: Mounting plugin OpenXRHandTracking
LogPluginManager: Mounting plugin PhysXVehicles
LogPluginManager: Mounting plugin PostSplashScreen
LogPluginManager: Mounting plugin ProceduralMeshComponent
LogPluginManager: Mounting plugin PropertyAccessEditor
LogPluginManager: Mounting plugin RuntimePhysXCooking
LogPluginManager: Mounting plugin SignificanceManager
LogPluginManager: Mounting plugin SoundFields
LogPluginManager: Mounting plugin WebMMoviePlayer
LogPluginManager: Mounting plugin WindowsMoviePlayer
LogPluginManager: Mounting plugin Synthesis
LogPluginManager: Mounting plugin Takes
LogPluginManager: Mounting plugin ScreenshotTools
LogPluginManager: Mounting plugin ContentBrowserAssetDataSource
LogPluginManager: Mounting plugin ContentBrowserClassDataSource
LogPluginManager: Mounting plugin ContentBrowserFileDataSource
LogPluginManager: Mounting plugin OnlineSubsystemGooglePlay
LogPluginManager: Mounting plugin OnlineSubsystemIOS
LogPluginManager: Mounting plugin OculusVR
LogPluginManager: Mounting plugin SteamVR
PixWinPlugin: PIX capture plugin failed to initialize! Check that the process is launched from PIX.
LogInit: Using libcurl 7.55.1-DEV
LogInit:  - built for x86_64-pc-win32
LogInit:  - supports SSL with OpenSSL/1.1.1
LogInit:  - supports HTTP deflate (compression) using libz 1.2.8
LogInit:  - other features:
LogInit:      CURL_VERSION_SSL
LogInit:      CURL_VERSION_LIBZ
LogInit:      CURL_VERSION_IPV6
LogInit:      CURL_VERSION_ASYNCHDNS
LogInit:      CURL_VERSION_LARGEFILE
LogInit:      CURL_VERSION_IDN
LogInit:  CurlRequestOptions (configurable via config and command line):
LogInit:  - bVerifyPeer = true  - Libcurl will verify peer certificate
LogInit:  - bUseHttpProxy = false  - Libcurl will NOT use HTTP proxy
LogInit:  - bDontReuseConnections = false  - Libcurl will reuse connections
LogInit:  - MaxHostConnections = 16  - Libcurl will limit the number of connections to a host
LogInit:  - LocalHostAddr = Default
LogInit:  - BufferSize = 65536
LogOnline: OSS: Creating online subsystem instance for: NULL
LogInit: WinSock: version 1.1 (2.2), MaxSocks=32767, MaxUdp=65467
LogOnline: OSS: TryLoadSubsystemAndSetDefault: Loaded subsystem for module [NULL]
LogOculusPluginWrapper: OculusPlugin initialized successfully
LogHMD: Failed initializing OVRPlugin 1.59.0
LogInit: Build: ++UE4+Release-4.27-CL-17735300
LogInit: Engine Version: 4.27.1-17735300+++UE4+Release-4.27
LogInit: Compatible Engine Version: 4.27.0-17155196+++UE4+Release-4.27
LogInit: Net CL: 17155196
LogInit: OS: Windows 10 (Release 2009) (), CPU: Intel(R) Core(TM) i5-7400 CPU @ 3.00GHz, GPU: NVIDIA GeForce GTX 1660 Ti
LogInit: Compiled (64-bit): Oct  6 2021 14:42:51
LogInit: Compiled with Visual C++: 19.24.28315.00
LogInit: Build Configuration: Development
LogInit: Branch Name: ++UE4+Release-4.27
LogInit: Command Line: 
LogInit: Base Directory: e:/Program Files/Epic Games/UE_4.27/Engine/Binaries/Win64/
LogInit: Allocator: TBB
LogInit: Installed Engine Build: 1
LogDevObjectVersion: Number of dev versions registered: 29
LogDevObjectVersion:   Dev-Blueprints (B0D832E4-1F89-4F0D-ACCF-7EB736FD4AA2): 10
LogDevObjectVersion:   Dev-Build (E1C64328-A22C-4D53-A36C-8E866417BD8C): 0
LogDevObjectVersion:   Dev-Core (375EC13C-06E4-48FB-B500-84F0262A717E): 4
LogDevObjectVersion:   Dev-Editor (E4B068ED-F494-42E9-A231-DA0B2E46BB41): 40
LogDevObjectVersion:   Dev-Framework (CFFC743F-43B0-4480-9391-14DF171D2073): 37
LogDevObjectVersion:   Dev-Mobile (B02B49B5-BB20-44E9-A304-32B752E40360): 3
LogDevObjectVersion:   Dev-Networking (A4E4105C-59A1-49B5-A7C5-40C4547EDFEE): 0
LogDevObjectVersion:   Dev-Online (39C831C9-5AE6-47DC-9A44-9C173E1C8E7C): 0
LogDevObjectVersion:   Dev-Physics (78F01B33-EBEA-4F98-B9B4-84EACCB95AA2): 14
LogDevObjectVersion:   Dev-Platform (6631380F-2D4D-43E0-8009-CF276956A95A): 0
LogDevObjectVersion:   Dev-Rendering (12F88B9F-8875-4AFC-A67C-D90C383ABD29): 45
LogDevObjectVersion:   Dev-Sequencer (7B5AE74C-D270-4C10-A958-57980B212A5A): 13
LogDevObjectVersion:   Dev-VR (D7296918-1DD6-4BDD-9DE2-64A83CC13884): 3
LogDevObjectVersion:   Dev-LoadTimes (C2A15278-BFE7-4AFE-6C17-90FF531DF755): 1
LogDevObjectVersion:   Private-Geometry (6EACA3D4-40EC-4CC1-B786-8BED09428FC5): 3
LogDevObjectVersion:   Dev-AnimPhys (29E575DD-E0A3-4627-9D10-D276232CDCEA): 17
LogDevObjectVersion:   Dev-Anim (AF43A65D-7FD3-4947-9873-3E8ED9C1BB05): 15
LogDevObjectVersion:   Dev-ReflectionCapture (6B266CEC-1EC7-4B8F-A30B-E4D90942FC07): 1
LogDevObjectVersion:   Dev-Automation (0DF73D61-A23F-47EA-B727-89E90C41499A): 1
LogDevObjectVersion:   FortniteMain (601D1886-AC64-4F84-AA16-D3DE0DEAC7D6): 47
LogDevObjectVersion:   FortniteRelease (E7086368-6B23-4C58-8439-1B7016265E91): 1
LogDevObjectVersion:   Dev-Enterprise (9DFFBCD6-494F-0158-E221-12823C92A888): 10
LogDevObjectVersion:   Dev-Niagara (F2AED0AC-9AFE-416F-8664-AA7FFA26D6FC): 1
LogDevObjectVersion:   Dev-Destruction (174F1F0B-B4C6-45A5-B13F-2EE8D0FB917D): 10
LogDevObjectVersion:   Dev-Physics-Ext (35F94A83-E258-406C-A318-09F59610247C): 41
LogDevObjectVersion:   Dev-PhysicsMaterial-Chaos (B68FC16E-8B1B-42E2-B453-215C058844FE): 1
LogDevObjectVersion:   Dev-CineCamera (B2E18506-4273-CFC2-A54E-F4BB758BBA07): 1
LogDevObjectVersion:   Dev-VirtualProduction (64F58936-FD1B-42BA-BA96-7289D5D0FA4E): 1
LogDevObjectVersion:   Dev-MediaFramework (6F0ED827-A609-4895-9C91-998D90180EA4): 2
LogInit: Presizing for max 25165824 objects, including 0 objects not considered by GC, pre-allocating 0 bytes for permanent pool.
LogConfig: Applying CVar settings from Section [/Script/Engine.StreamingSettings] File [F:/AnkouDW/Unreal Projects/HW_Yakovlev_A/HW_Yakovlev_A 4.27 - 2/Saved/Config/Windows/Engine.ini]
LogConfig: Setting CVar [[s.MinBulkDataSizeForAsyncLoading:131072]]
LogConfig: Setting CVar [[s.AsyncLoadingThreadEnabled:0]]
LogConfig: Setting CVar [[s.EventDrivenLoaderEnabled:1]]
LogConfig: Setting CVar [[s.WarnIfTimeLimitExceeded:0]]
LogConfig: Setting CVar [[s.TimeLimitExceededMultiplier:1.5]]
LogConfig: Setting CVar [[s.TimeLimitExceededMinTime:0.005]]
LogConfig: Setting CVar [[s.UseBackgroundLevelStreaming:1]]
LogConfig: Setting CVar [[s.PriorityAsyncLoadingExtraTime:15.0]]
LogConfig: Setting CVar [[s.LevelStreamingActorsUpdateTimeLimit:5.0]]
LogConfig: Setting CVar [[s.PriorityLevelStreamingActorsUpdateExtraTime:5.0]]
LogConfig: Setting CVar [[s.LevelStreamingComponentsRegistrationGranularity:10]]
LogConfig: Setting CVar [[s.UnregisterComponentsTimeLimit:1.0]]
LogConfig: Setting CVar [[s.LevelStreamingComponentsUnregistrationGranularity:5]]
LogConfig: Setting CVar [[s.FlushStreamingOnExit:1]]
LogInit: Object subsystem initialized
LogConfig: Setting CVar [[con.DebugEarlyDefault:1]]
LogConfig: Setting CVar [[r.setres:1280x720]]
[2021.10.14-17.14.58:149][  0]LogConfig: Setting CVar [[r.VSync:0]]
[2021.10.14-17.14.58:149][  0]LogConfig: Setting CVar [[r.RHICmdBypass:0]]
[2021.10.14-17.14.58:149][  0]LogConfig: Applying CVar settings from Section [/Script/Engine.RendererSettings] File [F:/AnkouDW/Unreal Projects/HW_Yakovlev_A/HW_Yakovlev_A 4.27 - 2/Saved/Config/Windows/Engine.ini]
[2021.10.14-17.14.58:149][  0]LogConfig: Setting CVar [[r.GPUCrashDebugging:0]]
[2021.10.14-17.14.58:149][  0]LogConfig: Applying CVar settings from Section [/Script/Engine.RendererOverrideSettings] File [F:/AnkouDW/Unreal Projects/HW_Yakovlev_A/HW_Yakovlev_A 4.27 - 2/Saved/Config/Windows/Engine.ini]
[2021.10.14-17.14.58:149][  0]LogConfig: Applying CVar settings from Section [/Script/Engine.StreamingSettings] File [F:/AnkouDW/Unreal Projects/HW_Yakovlev_A/HW_Yakovlev_A 4.27 - 2/Saved/Config/Windows/Engine.ini]
[2021.10.14-17.14.58:149][  0]LogConfig: Setting CVar [[s.MinBulkDataSizeForAsyncLoading:131072]]
[2021.10.14-17.14.58:149][  0]LogConfig: Setting CVar [[s.AsyncLoadingThreadEnabled:0]]
[2021.10.14-17.14.58:149][  0]LogConfig: Setting CVar [[s.EventDrivenLoaderEnabled:1]]
[2021.10.14-17.14.58:149][  0]LogConfig: Setting CVar [[s.WarnIfTimeLimitExceeded:0]]
[2021.10.14-17.14.58:149][  0]LogConfig: Setting CVar [[s.TimeLimitExceededMultiplier:1.5]]
[2021.10.14-17.14.58:149][  0]LogConfig: Setting CVar [[s.TimeLimitExceededMinTime:0.005]]
[2021.10.14-17.14.58:149][  0]LogConfig: Setting CVar [[s.UseBackgroundLevelStreaming:1]]
[2021.10.14-17.14.58:149][  0]LogConfig: Setting CVar [[s.PriorityAsyncLoadingExtraTime:15.0]]
[2021.10.14-17.14.58:149][  0]LogConfig: Setting CVar [[s.LevelStreamingActorsUpdateTimeLimit:5.0]]
[2021.10.14-17.14.58:149][  0]LogConfig: Setting CVar [[s.PriorityLevelStreamingActorsUpdateExtraTime:5.0]]
[2021.10.14-17.14.58:149][  0]LogConfig: Setting CVar [[s.LevelStreamingComponentsRegistrationGranularity:10]]
[2021.10.14-17.14.58:150][  0]LogConfig: Setting CVar [[s.UnregisterComponentsTimeLimit:1.0]]
[2021.10.14-17.14.58:150][  0]LogConfig: Setting CVar [[s.LevelStreamingComponentsUnregistrationGranularity:5]]
[2021.10.14-17.14.58:150][  0]LogConfig: Setting CVar [[s.FlushStreamingOnExit:1]]
[2021.10.14-17.14.58:150][  0]LogConfig: Applying CVar settings from Section [/Script/Engine.GarbageCollectionSettings] File [F:/AnkouDW/Unreal Projects/HW_Yakovlev_A/HW_Yakovlev_A 4.27 - 2/Saved/Config/Windows/Engine.ini]
[2021.10.14-17.14.58:150][  0]LogConfig: Setting CVar [[gc.MaxObjectsNotConsideredByGC:1]]
[2021.10.14-17.14.58:150][  0]LogConfig: Setting CVar [[gc.SizeOfPermanentObjectPool:0]]
[2021.10.14-17.14.58:150][  0]LogConfig: Setting CVar [[gc.FlushStreamingOnGC:0]]
[2021.10.14-17.14.58:150][  0]LogConfig: Setting CVar [[gc.NumRetriesBeforeForcingGC:10]]
[2021.10.14-17.14.58:150][  0]LogConfig: Setting CVar [[gc.AllowParallelGC:1]]
[2021.10.14-17.14.58:150][  0]LogConfig: Setting CVar [[gc.TimeBetweenPurgingPendingKillObjects:61.1]]
[2021.10.14-17.14.58:150][  0]LogConfig: Setting CVar [[gc.MaxObjectsInEditor:25165824]]
[2021.10.14-17.14.58:150][  0]LogConfig: Setting CVar [[gc.IncrementalBeginDestroyEnabled:1]]
[2021.10.14-17.14.58:150][  0]LogConfig: Setting CVar [[gc.CreateGCClusters:1]]
[2021.10.14-17.14.58:150][  0]LogConfig: Setting CVar [[gc.MinGCClusterSize:5]]
[2021.10.14-17.14.58:150][  0]LogConfig: Setting CVar [[gc.ActorClusteringEnabled:0]]
[2021.10.14-17.14.58:150][  0]LogConfig: Setting CVar [[gc.BlueprintClusteringEnabled:0]]
[2021.10.14-17.14.58:150][  0]LogConfig: Setting CVar [[gc.UseDisregardForGCOnDedicatedServers:0]]
[2021.10.14-17.14.58:150][  0]LogConfig: Setting CVar [[gc.MultithreadedDestructionEnabled:1]]
[2021.10.14-17.14.58:150][  0]LogConfig: Applying CVar settings from Section [/Script/Engine.NetworkSettings] File [F:/AnkouDW/Unreal Projects/HW_Yakovlev_A/HW_Yakovlev_A 4.27 - 2/Saved/Config/Windows/Engine.ini]
[2021.10.14-17.14.58:150][  0]LogConfig: Applying CVar settings from Section [/Script/UnrealEd.CookerSettings] File [F:/AnkouDW/Unreal Projects/HW_Yakovlev_A/HW_Yakovlev_A 4.27 - 2/Saved/Config/Windows/Engine.ini]
[2021.10.14-17.14.58:193][  0]LogConfig: Applying CVar settings from Section [ViewDistanceQuality@3] File [F:/AnkouDW/Unreal Projects/HW_Yakovlev_A/HW_Yakovlev_A 4.27 - 2/Saved/Config/Windows/Scalability.ini]
[2021.10.14-17.14.58:193][  0]LogConfig: Setting CVar [[r.SkeletalMeshLODBias:0]]
[2021.10.14-17.14.58:193][  0]LogConfig: Setting CVar [[r.ViewDistanceScale:1.0]]
[2021.10.14-17.14.58:193][  0]LogConfig: Applying CVar settings from Section [AntiAliasingQuality@3] File [F:/AnkouDW/Unreal Projects/HW_Yakovlev_A/HW_Yakovlev_A 4.27 - 2/Saved/Config/Windows/Scalability.ini]
[2021.10.14-17.14.58:193][  0]LogConfig: Setting CVar [[r.PostProcessAAQuality:4]]
[2021.10.14-17.14.58:193][  0]LogConfig: Applying CVar settings from Section [ShadowQuality@3] File [F:/AnkouDW/Unreal Projects/HW_Yakovlev_A/HW_Yakovlev_A 4.27 - 2/Saved/Config/Windows/Scalability.ini]
[2021.10.14-17.14.58:193][  0]LogConfig: Setting CVar [[r.LightFunctionQuality:1]]
[2021.10.14-17.14.58:193][  0]LogConfig: Setting CVar [[r.ShadowQuality:5]]
[2021.10.14-17.14.58:193][  0]LogConfig: Setting CVar [[r.Shadow.CSM.MaxCascades:10]]
[2021.10.14-17.14.58:193][  0]LogConfig: Setting CVar [[r.Shadow.MaxResolution:2048]]
[2021.10.14-17.14.58:193][  0]LogConfig: Setting CVar [[r.Shadow.MaxCSMResolution:2048]]
[2021.10.14-17.14.58:193][  0]LogConfig: Setting CVar [[r.Shadow.RadiusThreshold:0.01]]
[2021.10.14-17.14.58:193][  0]LogConfig: Setting CVar [[r.Shadow.DistanceScale:1.0]]
[2021.10.14-17.14.58:193][  0]LogConfig: Setting CVar [[r.Shadow.CSM.TransitionScale:1.0]]
[2021.10.14-17.14.58:193][  0]LogConfig: Setting CVar [[r.Shadow.PreShadowResolutionFactor:1.0]]
[2021.10.14-17.14.58:193][  0]LogConfig: Setting CVar [[r.DistanceFieldShadowing:1]]
[2021.10.14-17.14.58:193][  0]LogConfig: Setting CVar [[r.DistanceFieldAO:1]]
[2021.10.14-17.14.58:193][  0]LogConfig: Setting CVar [[r.AOQuality:2]]
[2021.10.14-17.14.58:193][  0]LogConfig: Setting CVar [[r.VolumetricFog:1]]
[2021.10.14-17.14.58:193][  0]LogConfig: Setting CVar [[r.VolumetricFog.GridPixelSize:8]]
[2021.10.14-17.14.58:193][  0]LogConfig: Setting CVar [[r.VolumetricFog.GridSizeZ:128]]
[2021.10.14-17.14.58:193][  0]LogConfig: Setting CVar [[r.VolumetricFog.HistoryMissSupersampleCount:4]]
[2021.10.14-17.14.58:193][  0]LogConfig: Setting CVar [[r.LightMaxDrawDistanceScale:1]]
[2021.10.14-17.14.58:193][  0]LogConfig: Setting CVar [[r.CapsuleShadows:1]]
[2021.10.14-17.14.58:193][  0]LogConfig: Applying CVar settings from Section [PostProcessQuality@3] File [F:/AnkouDW/Unreal Projects/HW_Yakovlev_A/HW_Yakovlev_A 4.27 - 2/Saved/Config/Windows/Scalability.ini]
[2021.10.14-17.14.58:193][  0]LogConfig: Setting CVar [[r.MotionBlurQuality:4]]
[2021.10.14-17.14.58:193][  0]LogConfig: Setting CVar [[r.AmbientOcclusionMipLevelFactor:0.4]]
[2021.10.14-17.14.58:193][  0]LogConfig: Setting CVar [[r.AmbientOcclusionMaxQuality:100]]
[2021.10.14-17.14.58:193][  0]LogConfig: Setting CVar [[r.AmbientOcclusionLevels:-1]]
[2021.10.14-17.14.58:193][  0]LogConfig: Setting CVar [[r.AmbientOcclusionRadiusScale:1.0]]
[2021.10.14-17.14.58:193][  0]LogConfig: Setting CVar [[r.DepthOfFieldQuality:2]]
[2021.10.14-17.14.58:193][  0]LogConfig: Setting CVar [[r.RenderTargetPoolMin:400]]
[2021.10.14-17.14.58:193][  0]LogConfig: Setting CVar [[r.LensFlareQuality:2]]
[2021.10.14-17.14.58:193][  0]LogConfig: Setting CVar [[r.SceneColorFringeQuality:1]]
[2021.10.14-17.14.58:193][  0]LogConfig: Setting CVar [[r.EyeAdaptationQuality:2]]
[2021.10.14-17.14.58:193][  0]LogConfig: Setting CVar [[r.BloomQuality:5]]
[2021.10.14-17.14.58:193][  0]LogConfig: Setting CVar [[r.FastBlurThreshold:100]]
[2021.10.14-17.14.58:193][  0]LogConfig: Setting CVar [[r.Upscale.Quality:3]]
[2021.10.14-17.14.58:193][  0]LogConfig: Setting CVar [[r.Tonemapper.GrainQuantization:1]]
[2021.10.14-17.14.58:193][  0]LogConfig: Setting CVar [[r.LightShaftQuality:1]]
[2021.10.14-17.14.58:193][  0]LogConfig: Setting CVar [[r.Filter.SizeScale:1]]
[2021.10.14-17.14.58:193][  0]LogConfig: Setting CVar [[r.Tonemapper.Quality:5]]
[2021.10.14-17.14.58:193][  0]LogConfig: Setting CVar [[r.DOF.Gather.AccumulatorQuality:1        ; higher gathering accumulator quality]]
[2021.10.14-17.14.58:193][  0]LogConfig: Setting CVar [[r.DOF.Gather.PostfilterMethod:1          ; Median3x3 postfilering method]]
[2021.10.14-17.14.58:193][  0]LogConfig: Setting CVar [[r.DOF.Gather.EnableBokehSettings:0       ; no bokeh simulation when gathering]]
[2021.10.14-17.14.58:193][  0]LogConfig: Setting CVar [[r.DOF.Gather.RingCount:4                 ; medium number of samples when gathering]]
[2021.10.14-17.14.58:193][  0]LogConfig: Setting CVar [[r.DOF.Scatter.ForegroundCompositing:1    ; additive foreground scattering]]
[2021.10.14-17.14.58:194][  0]LogConfig: Setting CVar [[r.DOF.Scatter.BackgroundCompositing:2    ; additive background scattering]]
[2021.10.14-17.14.58:194][  0]LogConfig: Setting CVar [[r.DOF.Scatter.EnableBokehSettings:1      ; bokeh simulation when scattering]]
[2021.10.14-17.14.58:194][  0]LogConfig: Setting CVar [[r.DOF.Scatter.MaxSpriteRatio:0.1         ; only a maximum of 10% of scattered bokeh]]
[2021.10.14-17.14.58:194][  0]LogConfig: Setting CVar [[r.DOF.Recombine.Quality:1                ; cheap slight out of focus]]
[2021.10.14-17.14.58:194][  0]LogConfig: Setting CVar [[r.DOF.Recombine.EnableBokehSettings:0    ; no bokeh simulation on slight out of focus]]
[2021.10.14-17.14.58:194][  0]LogConfig: Setting CVar [[r.DOF.TemporalAAQuality:1                ; more stable temporal accumulation]]
[2021.10.14-17.14.58:194][  0]LogConfig: Setting CVar [[r.DOF.Kernel.MaxForegroundRadius:0.025]]
[2021.10.14-17.14.58:194][  0]LogConfig: Setting CVar [[r.DOF.Kernel.MaxBackgroundRadius:0.025]]
[2021.10.14-17.14.58:194][  0]LogConfig: Applying CVar settings from Section [TextureQuality@3] File [F:/AnkouDW/Unreal Projects/HW_Yakovlev_A/HW_Yakovlev_A 4.27 - 2/Saved/Config/Windows/Scalability.ini]
[2021.10.14-17.14.58:194][  0]LogConfig: Setting CVar [[r.Streaming.MipBias:0]]
[2021.10.14-17.14.58:194][  0]LogConfig: Setting CVar [[r.Streaming.AmortizeCPUToGPUCopy:0]]
[2021.10.14-17.14.58:194][  0]LogConfig: Setting CVar [[r.Streaming.MaxNumTexturesToStreamPerFrame:0]]
[2021.10.14-17.14.58:194][  0]LogConfig: Setting CVar [[r.Streaming.Boost:1]]
[2021.10.14-17.14.58:194][  0]LogConfig: Setting CVar [[r.MaxAnisotropy:8]]
[2021.10.14-17.14.58:194][  0]LogConfig: Setting CVar [[r.VT.MaxAnisotropy:8]]
[2021.10.14-17.14.58:194][  0]LogConfig: Setting CVar [[r.Streaming.LimitPoolSizeToVRAM:0]]
[2021.10.14-17.14.58:194][  0]LogConfig: Setting CVar [[r.Streaming.PoolSize:1000]]
[2021.10.14-17.14.58:194][  0]LogConfig: Setting CVar [[r.Streaming.MaxEffectiveScreenSize:0]]
[2021.10.14-17.14.58:194][  0]LogConfig: Applying CVar settings from Section [EffectsQuality@3] File [F:/AnkouDW/Unreal Projects/HW_Yakovlev_A/HW_Yakovlev_A 4.27 - 2/Saved/Config/Windows/Scalability.ini]
[2021.10.14-17.14.58:194][  0]LogConfig: Setting CVar [[r.TranslucencyLightingVolumeDim:64]]
[2021.10.14-17.14.58:194][  0]LogConfig: Setting CVar [[r.RefractionQuality:2]]
[2021.10.14-17.14.58:194][  0]LogConfig: Setting CVar [[r.SSR.Quality:3]]
[2021.10.14-17.14.58:194][  0]LogConfig: Setting CVar [[r.SSR.HalfResSceneColor:0]]
[2021.10.14-17.14.58:194][  0]LogConfig: Setting CVar [[r.SceneColorFormat:4]]
[2021.10.14-17.14.58:194][  0]LogConfig: Setting CVar [[r.DetailMode:2]]
[2021.10.14-17.14.58:194][  0]LogConfig: Setting CVar [[r.TranslucencyVolumeBlur:1]]
[2021.10.14-17.14.58:194][  0]LogConfig: Setting CVar [[r.MaterialQualityLevel:1 ; High quality]]
[2021.10.14-17.14.58:194][  0]LogConfig: Setting CVar [[r.AnisotropicMaterials:1]]
[2021.10.14-17.14.58:194][  0]LogConfig: Setting CVar [[r.SSS.Scale:1]]
[2021.10.14-17.14.58:194][  0]LogConfig: Setting CVar [[r.SSS.SampleSet:2]]
[2021.10.14-17.14.58:194][  0]LogConfig: Setting CVar [[r.SSS.Quality:1]]
[2021.10.14-17.14.58:194][  0]LogConfig: Setting CVar [[r.SSS.HalfRes:0]]
[2021.10.14-17.14.58:194][  0]LogConfig: Setting CVar [[r.SSGI.Quality:3]]
[2021.10.14-17.14.58:194][  0]LogConfig: Setting CVar [[r.EmitterSpawnRateScale:1.0]]
[2021.10.14-17.14.58:194][  0]LogConfig: Setting CVar [[r.ParticleLightQuality:2]]
[2021.10.14-17.14.58:194][  0]LogConfig: Setting CVar [[r.SkyAtmosphere.AerialPerspectiveLUT.FastApplyOnOpaque:1 ; Always have FastSkyLUT 1 in this case to avoid wrong sky]]
[2021.10.14-17.14.58:194][  0]LogConfig: Setting CVar [[r.SkyAtmosphere.AerialPerspectiveLUT.SampleCountMaxPerSlice:4]]
[2021.10.14-17.14.58:194][  0]LogConfig: Setting CVar [[r.SkyAtmosphere.AerialPerspectiveLUT.DepthResolution:16.0]]
[2021.10.14-17.14.58:194][  0]LogConfig: Setting CVar [[r.SkyAtmosphere.FastSkyLUT:1]]
[2021.10.14-17.14.58:194][  0]LogConfig: Setting CVar [[r.SkyAtmosphere.FastSkyLUT.SampleCountMin:4.0]]
[2021.10.14-17.14.58:194][  0]LogConfig: Setting CVar [[r.SkyAtmosphere.FastSkyLUT.SampleCountMax:128.0]]
[2021.10.14-17.14.58:194][  0]LogConfig: Setting CVar [[r.SkyAtmosphere.SampleCountMin:4.0]]
[2021.10.14-17.14.58:194][  0]LogConfig: Setting CVar [[r.SkyAtmosphere.SampleCountMax:128.0]]
[2021.10.14-17.14.58:194][  0]LogConfig: Setting CVar [[r.SkyAtmosphere.TransmittanceLUT.UseSmallFormat:0]]
[2021.10.14-17.14.58:194][  0]LogConfig: Setting CVar [[r.SkyAtmosphere.TransmittanceLUT.SampleCount:10.0]]
[2021.10.14-17.14.58:194][  0]LogConfig: Setting CVar [[r.SkyAtmosphere.MultiScatteringLUT.SampleCount:15.0]]
[2021.10.14-17.14.58:194][  0]LogConfig: Setting CVar [[r.SkyLight.RealTimeReflectionCapture:1]]
[2021.10.14-17.14.58:194][  0]LogConfig: Applying CVar settings from Section [FoliageQuality@3] File [F:/AnkouDW/Unreal Projects/HW_Yakovlev_A/HW_Yakovlev_A 4.27 - 2/Saved/Config/Windows/Scalability.ini]
[2021.10.14-17.14.58:194][  0]LogConfig: Setting CVar [[foliage.DensityScale:1.0]]
[2021.10.14-17.14.58:194][  0]LogConfig: Setting CVar [[grass.DensityScale:1.0]]
[2021.10.14-17.14.58:194][  0]LogConfig: Applying CVar settings from Section [ShadingQuality@3] File [F:/AnkouDW/Unreal Projects/HW_Yakovlev_A/HW_Yakovlev_A 4.27 - 2/Saved/Config/Windows/Scalability.ini]
[2021.10.14-17.14.58:194][  0]LogConfig: Setting CVar [[r.HairStrands.SkyLighting.IntegrationType:2]]
[2021.10.14-17.14.58:194][  0]LogConfig: Setting CVar [[r.HairStrands.SkyAO.SampleCount:4]]
[2021.10.14-17.14.58:194][  0]LogConfig: Setting CVar [[r.HairStrands.Visibility.MSAA.SamplePerPixel:4]]
[2021.10.14-17.14.58:205][  0]LogInit: Selected Device Profile: [Windows]
[2021.10.14-17.14.58:212][  0]LogInit: Applying CVar settings loaded from the selected device profile: [Windows]
[2021.10.14-17.14.58:218][  0]LogHAL: Display: Platform has ~ 8 GB [8544997376 / 8589934592 / 8], which maps to Default [LargestMinGB=32, LargerMinGB=12, DefaultMinGB=8, SmallerMinGB=6, SmallestMinGB=0)
[2021.10.14-17.14.58:218][  0]LogInit: Going up to parent DeviceProfile []
[2021.10.14-17.14.58:232][  0]LogConfig: Applying CVar settings from Section [ViewDistanceQuality@3] File [F:/AnkouDW/Unreal Projects/HW_Yakovlev_A/HW_Yakovlev_A 4.27 - 2/Saved/Config/Windows/Scalability.ini]
[2021.10.14-17.14.58:232][  0]LogConfig: Setting CVar [[r.SkeletalMeshLODBias:0]]
[2021.10.14-17.14.58:232][  0]LogConfig: Setting CVar [[r.ViewDistanceScale:1.0]]
[2021.10.14-17.14.58:232][  0]LogConfig: Applying CVar settings from Section [AntiAliasingQuality@3] File [F:/AnkouDW/Unreal Projects/HW_Yakovlev_A/HW_Yakovlev_A 4.27 - 2/Saved/Config/Windows/Scalability.ini]
[2021.10.14-17.14.58:232][  0]LogConfig: Setting CVar [[r.PostProcessAAQuality:4]]
[2021.10.14-17.14.58:232][  0]LogConfig: Applying CVar settings from Section [ShadowQuality@3] File [F:/AnkouDW/Unreal Projects/HW_Yakovlev_A/HW_Yakovlev_A 4.27 - 2/Saved/Config/Windows/Scalability.ini]
[2021.10.14-17.14.58:232][  0]LogConfig: Setting CVar [[r.LightFunctionQuality:1]]
[2021.10.14-17.14.58:232][  0]LogConfig: Setting CVar [[r.ShadowQuality:5]]
[2021.10.14-17.14.58:232][  0]LogConfig: Setting CVar [[r.Shadow.CSM.MaxCascades:10]]
[2021.10.14-17.14.58:232][  0]LogConfig: Setting CVar [[r.Shadow.MaxResolution:2048]]
[2021.10.14-17.14.58:232][  0]LogConfig: Setting CVar [[r.Shadow.MaxCSMResolution:2048]]
[2021.10.14-17.14.58:233][  0]LogConfig: Setting CVar [[r.Shadow.RadiusThreshold:0.01]]
[2021.10.14-17.14.58:233][  0]LogConfig: Setting CVar [[r.Shadow.DistanceScale:1.0]]
[2021.10.14-17.14.58:233][  0]LogConfig: Setting CVar [[r.Shadow.CSM.TransitionScale:1.0]]
[2021.10.14-17.14.58:233][  0]LogConfig: Setting CVar [[r.Shadow.PreShadowResolutionFactor:1.0]]
[2021.10.14-17.14.58:233][  0]LogConfig: Setting CVar [[r.DistanceFieldShadowing:1]]
[2021.10.14-17.14.58:233][  0]LogConfig: Setting CVar [[r.DistanceFieldAO:1]]
[2021.10.14-17.14.58:233][  0]LogConfig: Setting CVar [[r.AOQuality:2]]
[2021.10.14-17.14.58:233][  0]LogConfig: Setting CVar [[r.VolumetricFog:1]]
[2021.10.14-17.14.58:233][  0]LogConfig: Setting CVar [[r.VolumetricFog.GridPixelSize:8]]
[2021.10.14-17.14.58:233][  0]LogConfig: Setting CVar [[r.VolumetricFog.GridSizeZ:128]]
[2021.10.14-17.14.58:233][  0]LogConfig: Setting CVar [[r.VolumetricFog.HistoryMissSupersampleCount:4]]
[2021.10.14-17.14.58:233][  0]LogConfig: Setting CVar [[r.LightMaxDrawDistanceScale:1]]
[2021.10.14-17.14.58:233][  0]LogConfig: Setting CVar [[r.CapsuleShadows:1]]
[2021.10.14-17.14.58:233][  0]LogConfig: Applying CVar settings from Section [PostProcessQuality@3] File [F:/AnkouDW/Unreal Projects/HW_Yakovlev_A/HW_Yakovlev_A 4.27 - 2/Saved/Config/Windows/Scalability.ini]
[2021.10.14-17.14.58:233][  0]LogConfig: Setting CVar [[r.MotionBlurQuality:4]]
[2021.10.14-17.14.58:233][  0]LogConfig: Setting CVar [[r.AmbientOcclusionMipLevelFactor:0.4]]
[2021.10.14-17.14.58:233][  0]LogConfig: Setting CVar [[r.AmbientOcclusionMaxQuality:100]]
[2021.10.14-17.14.58:233][  0]LogConfig: Setting CVar [[r.AmbientOcclusionLevels:-1]]
[2021.10.14-17.14.58:233][  0]LogConfig: Setting CVar [[r.AmbientOcclusionRadiusScale:1.0]]
[2021.10.14-17.14.58:233][  0]LogConfig: Setting CVar [[r.DepthOfFieldQuality:2]]
[2021.10.14-17.14.58:233][  0]LogConfig: Setting CVar [[r.RenderTargetPoolMin:400]]
[2021.10.14-17.14.58:233][  0]LogConfig: Setting CVar [[r.LensFlareQuality:2]]
[2021.10.14-17.14.58:233][  0]LogConfig: Setting CVar [[r.SceneColorFringeQuality:1]]
[2021.10.14-17.14.58:233][  0]LogConfig: Setting CVar [[r.EyeAdaptationQuality:2]]
[2021.10.14-17.14.58:233][  0]LogConfig: Setting CVar [[r.BloomQuality:5]]
[2021.10.14-17.14.58:233][  0]LogConfig: Setting CVar [[r.FastBlurThreshold:100]]
[2021.10.14-17.14.58:233][  0]LogConfig: Setting CVar [[r.Upscale.Quality:3]]
[2021.10.14-17.14.58:233][  0]LogConfig: Setting CVar [[r.Tonemapper.GrainQuantization:1]]
[2021.10.14-17.14.58:233][  0]LogConfig: Setting CVar [[r.LightShaftQuality:1]]
[2021.10.14-17.14.58:233][  0]LogConfig: Setting CVar [[r.Filter.SizeScale:1]]
[2021.10.14-17.14.58:233][  0]LogConfig: Setting CVar [[r.Tonemapper.Quality:5]]
[2021.10.14-17.14.58:233][  0]LogConfig: Setting CVar [[r.DOF.Gather.AccumulatorQuality:1        ; higher gathering accumulator quality]]
[2021.10.14-17.14.58:233][  0]LogConfig: Setting CVar [[r.DOF.Gather.PostfilterMethod:1          ; Median3x3 postfilering method]]
[2021.10.14-17.14.58:233][  0]LogConfig: Setting CVar [[r.DOF.Gather.EnableBokehSettings:0       ; no bokeh simulation when gathering]]
[2021.10.14-17.14.58:233][  0]LogConfig: Setting CVar [[r.DOF.Gather.RingCount:4                 ; medium number of samples when gathering]]
[2021.10.14-17.14.58:233][  0]LogConfig: Setting CVar [[r.DOF.Scatter.ForegroundCompositing:1    ; additive foreground scattering]]
[2021.10.14-17.14.58:233][  0]LogConfig: Setting CVar [[r.DOF.Scatter.BackgroundCompositing:2    ; additive background scattering]]
[2021.10.14-17.14.58:233][  0]LogConfig: Setting CVar [[r.DOF.Scatter.EnableBokehSettings:1      ; bokeh simulation when scattering]]
[2021.10.14-17.14.58:233][  0]LogConfig: Setting CVar [[r.DOF.Scatter.MaxSpriteRatio:0.1         ; only a maximum of 10% of scattered bokeh]]
[2021.10.14-17.14.58:233][  0]LogConfig: Setting CVar [[r.DOF.Recombine.Quality:1                ; cheap slight out of focus]]
[2021.10.14-17.14.58:233][  0]LogConfig: Setting CVar [[r.DOF.Recombine.EnableBokehSettings:0    ; no bokeh simulation on slight out of focus]]
[2021.10.14-17.14.58:233][  0]LogConfig: Setting CVar [[r.DOF.TemporalAAQuality:1                ; more stable temporal accumulation]]
[2021.10.14-17.14.58:233][  0]LogConfig: Setting CVar [[r.DOF.Kernel.MaxForegroundRadius:0.025]]
[2021.10.14-17.14.58:233][  0]LogConfig: Setting CVar [[r.DOF.Kernel.MaxBackgroundRadius:0.025]]
[2021.10.14-17.14.58:233][  0]LogConfig: Applying CVar settings from Section [TextureQuality@3] File [F:/AnkouDW/Unreal Projects/HW_Yakovlev_A/HW_Yakovlev_A 4.27 - 2/Saved/Config/Windows/Scalability.ini]
[2021.10.14-17.14.58:233][  0]LogConfig: Setting CVar [[r.Streaming.MipBias:0]]
[2021.10.14-17.14.58:233][  0]LogConfig: Setting CVar [[r.Streaming.AmortizeCPUToGPUCopy:0]]
[2021.10.14-17.14.58:233][  0]LogConfig: Setting CVar [[r.Streaming.MaxNumTexturesToStreamPerFrame:0]]
[2021.10.14-17.14.58:233][  0]LogConfig: Setting CVar [[r.Streaming.Boost:1]]
[2021.10.14-17.14.58:233][  0]LogConfig: Setting CVar [[r.MaxAnisotropy:8]]
[2021.10.14-17.14.58:234][  0]LogConfig: Setting CVar [[r.VT.MaxAnisotropy:8]]
[2021.10.14-17.14.58:234][  0]LogConfig: Setting CVar [[r.Streaming.LimitPoolSizeToVRAM:0]]
[2021.10.14-17.14.58:234][  0]LogConfig: Setting CVar [[r.Streaming.PoolSize:1000]]
[2021.10.14-17.14.58:234][  0]LogConfig: Setting CVar [[r.Streaming.MaxEffectiveScreenSize:0]]
[2021.10.14-17.14.58:234][  0]LogConfig: Applying CVar settings from Section [EffectsQuality@3] File [F:/AnkouDW/Unreal Projects/HW_Yakovlev_A/HW_Yakovlev_A 4.27 - 2/Saved/Config/Windows/Scalability.ini]
[2021.10.14-17.14.58:234][  0]LogConfig: Setting CVar [[r.TranslucencyLightingVolumeDim:64]]
[2021.10.14-17.14.58:234][  0]LogConfig: Setting CVar [[r.RefractionQuality:2]]
[2021.10.14-17.14.58:234][  0]LogConfig: Setting CVar [[r.SSR.Quality:3]]
[2021.10.14-17.14.58:234][  0]LogConfig: Setting CVar [[r.SSR.HalfResSceneColor:0]]
[2021.10.14-17.14.58:234][  0]LogConfig: Setting CVar [[r.SceneColorFormat:4]]
[2021.10.14-17.14.58:234][  0]LogConfig: Setting CVar [[r.DetailMode:2]]
[2021.10.14-17.14.58:234][  0]LogConfig: Setting CVar [[r.TranslucencyVolumeBlur:1]]
[2021.10.14-17.14.58:234][  0]LogConfig: Setting CVar [[r.MaterialQualityLevel:1 ; High quality]]
[2021.10.14-17.14.58:234][  0]LogConfig: Setting CVar [[r.AnisotropicMaterials:1]]
[2021.10.14-17.14.58:234][  0]LogConfig: Setting CVar [[r.SSS.Scale:1]]
[2021.10.14-17.14.58:234][  0]LogConfig: Setting CVar [[r.SSS.SampleSet:2]]
[2021.10.14-17.14.58:234][  0]LogConfig: Setting CVar [[r.SSS.Quality:1]]
[2021.10.14-17.14.58:234][  0]LogConfig: Setting CVar [[r.SSS.HalfRes:0]]
[2021.10.14-17.14.58:234][  0]LogConfig: Setting CVar [[r.SSGI.Quality:3]]
[2021.10.14-17.14.58:234][  0]LogConfig: Setting CVar [[r.EmitterSpawnRateScale:1.0]]
[2021.10.14-17.14.58:234][  0]LogConfig: Setting CVar [[r.ParticleLightQuality:2]]
[2021.10.14-17.14.58:234][  0]LogConfig: Setting CVar [[r.SkyAtmosphere.AerialPerspectiveLUT.FastApplyOnOpaque:1 ; Always have FastSkyLUT 1 in this case to avoid wrong sky]]
[2021.10.14-17.14.58:234][  0]LogConfig: Setting CVar [[r.SkyAtmosphere.AerialPerspectiveLUT.SampleCountMaxPerSlice:4]]
[2021.10.14-17.14.58:234][  0]LogConfig: Setting CVar [[r.SkyAtmosphere.AerialPerspectiveLUT.DepthResolution:16.0]]
[2021.10.14-17.14.58:234][  0]LogConfig: Setting CVar [[r.SkyAtmosphere.FastSkyLUT:1]]
[2021.10.14-17.14.58:234][  0]LogConfig: Setting CVar [[r.SkyAtmosphere.FastSkyLUT.SampleCountMin:4.0]]
[2021.10.14-17.14.58:234][  0]LogConfig: Setting CVar [[r.SkyAtmosphere.FastSkyLUT.SampleCountMax:128.0]]
[2021.10.14-17.14.58:234][  0]LogConfig: Setting CVar [[r.SkyAtmosphere.SampleCountMin:4.0]]
[2021.10.14-17.14.58:234][  0]LogConfig: Setting CVar [[r.SkyAtmosphere.SampleCountMax:128.0]]
[2021.10.14-17.14.58:234][  0]LogConfig: Setting CVar [[r.SkyAtmosphere.TransmittanceLUT.UseSmallFormat:0]]
[2021.10.14-17.14.58:234][  0]LogConfig: Setting CVar [[r.SkyAtmosphere.TransmittanceLUT.SampleCount:10.0]]
[2021.10.14-17.14.58:234][  0]LogConfig: Setting CVar [[r.SkyAtmosphere.MultiScatteringLUT.SampleCount:15.0]]
[2021.10.14-17.14.58:234][  0]LogConfig: Setting CVar [[r.SkyLight.RealTimeReflectionCapture:1]]
[2021.10.14-17.14.58:234][  0]LogConfig: Applying CVar settings from Section [FoliageQuality@3] File [F:/AnkouDW/Unreal Projects/HW_Yakovlev_A/HW_Yakovlev_A 4.27 - 2/Saved/Config/Windows/Scalability.ini]
[2021.10.14-17.14.58:234][  0]LogConfig: Setting CVar [[foliage.DensityScale:1.0]]
[2021.10.14-17.14.58:234][  0]LogConfig: Setting CVar [[grass.DensityScale:1.0]]
[2021.10.14-17.14.58:234][  0]LogConfig: Applying CVar settings from Section [ShadingQuality@3] File [F:/AnkouDW/Unreal Projects/HW_Yakovlev_A/HW_Yakovlev_A 4.27 - 2/Saved/Config/Windows/Scalability.ini]
[2021.10.14-17.14.58:234][  0]LogConfig: Setting CVar [[r.HairStrands.SkyLighting.IntegrationType:2]]
[2021.10.14-17.14.58:234][  0]LogConfig: Setting CVar [[r.HairStrands.SkyAO.SampleCount:4]]
[2021.10.14-17.14.58:234][  0]LogConfig: Setting CVar [[r.HairStrands.Visibility.MSAA.SamplePerPixel:4]]
[2021.10.14-17.14.58:234][  0]LogConfig: Applying CVar settings from Section [Startup] File [../../../Engine/Config/ConsoleVariables.ini]
[2021.10.14-17.14.58:249][  0]LogConfig: Setting CVar [[net.UseAdaptiveNetUpdateFrequency:0]]
[2021.10.14-17.14.58:249][  0]LogConfig: Setting CVar [[p.chaos.AllowCreatePhysxBodies:1]]
[2021.10.14-17.14.58:249][  0]LogConfig: Setting CVar [[fx.SkipVectorVMBackendOptimizations:1]]
[2021.10.14-17.14.58:249][  0]LogConfig: Applying CVar settings from Section [ConsoleVariables] File [F:/AnkouDW/Unreal Projects/HW_Yakovlev_A/HW_Yakovlev_A 4.27 - 2/Saved/Config/Windows/Engine.ini]
[2021.10.14-17.14.58:249][  0]LogConfig: Applying CVar settings from Section [ConsoleVariables] File [F:/AnkouDW/Unreal Projects/HW_Yakovlev_A/HW_Yakovlev_A 4.27 - 2/Saved/Config/Windows/Editor.ini]
[2021.10.14-17.14.58:260][  0]LogInit: Computer: ADW
[2021.10.14-17.14.58:260][  0]LogInit: User: AnkouDW
[2021.10.14-17.14.58:260][  0]LogInit: CPU Page size=4096, Cores=4
[2021.10.14-17.14.58:260][  0]LogInit: High frequency timer resolution =10.000000 MHz
[2021.10.14-17.14.58:260][  0]LogMemory: Memory total: Physical=8.0GB (8GB approx)
[2021.10.14-17.14.58:260][  0]LogMemory: Platform Memory Stats for Windows
[2021.10.14-17.14.58:260][  0]LogMemory: Process Physical Memory: 140.53 MB used, 140.54 MB peak
[2021.10.14-17.14.58:260][  0]LogMemory: Process Virtual Memory: 125.36 MB used, 125.36 MB peak
[2021.10.14-17.14.58:260][  0]LogMemory: Physical Memory: 4350.90 MB used,  3798.24 MB free, 8149.14 MB total
[2021.10.14-17.14.58:260][  0]LogMemory: Virtual Memory: 134193904.00 MB used,  23825.49 MB free, 134217728.00 MB total
[2021.10.14-17.14.58:285][  0]LogWindows: WindowsPlatformFeatures enabled
[2021.10.14-17.14.59:207][  0]LogInit: Physics initialised using underlying interface: PhysX
[2021.10.14-17.14.59:226][  0]LogInit: Using OS detected language (ru-RU).
[2021.10.14-17.14.59:226][  0]LogInit: Using OS detected locale (ru-RU).
[2021.10.14-17.14.59:348][  0]LogTextLocalizationManager: No specific localization for 'ru-RU' exists, so the 'ru' localization will be used.
[2021.10.14-17.14.59:349][  0]LogTextLocalizationResource: LocRes '../../../Engine/Content/Localization/Editor/ru/Editor.locres' could not be opened for reading!
[2021.10.14-17.14.59:349][  0]LogTextLocalizationResource: LocRes '../../../Engine/Content/Localization/EditorTutorials/ru/EditorTutorials.locres' could not be opened for reading!
[2021.10.14-17.14.59:349][  0]LogTextLocalizationResource: LocRes '../../../Engine/Content/Localization/Keywords/ru/Keywords.locres' could not be opened for reading!
[2021.10.14-17.14.59:349][  0]LogTextLocalizationResource: LocRes '../../../Engine/Content/Localization/Category/ru/Category.locres' could not be opened for reading!
[2021.10.14-17.14.59:368][  0]LogTextLocalizationResource: LocRes '../../../Engine/Content/Localization/ToolTips/ru/ToolTips.locres' could not be opened for reading!
[2021.10.14-17.14.59:368][  0]LogTextLocalizationResource: LocRes '../../../Engine/Content/Localization/PropertyNames/ru/PropertyNames.locres' could not be opened for reading!
[2021.10.14-17.14.59:368][  0]LogTextLocalizationResource: LocRes '../../../Engine/Content/Localization/Engine/ru/Engine.locres' could not be opened for reading!
[2021.10.14-17.14.59:435][  0]LogInit: Setting process to per monitor DPI aware
[2021.10.14-17.14.59:673][  0]LogWindowsTextInputMethodSystem: Display: IME system deactivated.
[2021.10.14-17.15.00:006][  0]LogSlate: New Slate User Created.  User Index 0, Is Virtual User: 0
[2021.10.14-17.15.00:006][  0]LogSlate: Slate User Registered.  User Index 0, Is Virtual User: 0
[2021.10.14-17.15.03:738][  0]LogD3D11RHI: Loaded GFSDK_Aftermath_Lib.x64.dll
[2021.10.14-17.15.03:822][  0]LogHMD: Failed to initialize OpenVR with code 101
[2021.10.14-17.15.03:822][  0]LogD3D11RHI: D3D11 min allowed feature level: 11_0
[2021.10.14-17.15.03:822][  0]LogD3D11RHI: D3D11 max allowed feature level: 11_0
[2021.10.14-17.15.03:822][  0]LogD3D11RHI: D3D11 adapters:
[2021.10.14-17.15.03:981][  0]LogD3D11RHI:    0. 'NVIDIA GeForce GTX 1660 Ti' (Feature Level 11_0)
[2021.10.14-17.15.03:981][  0]LogD3D11RHI:       5991/0/4074 MB DedicatedVideo/DedicatedSystem/SharedSystem, Outputs:1, VendorId:0x10de
[2021.10.14-17.15.03:993][  0]LogD3D11RHI:    1. 'Microsoft Basic Render Driver' (Feature Level 11_0)
[2021.10.14-17.15.03:994][  0]LogD3D11RHI:       0/0/4074 MB DedicatedVideo/DedicatedSystem/SharedSystem, Outputs:0, VendorId:0x1414
[2021.10.14-17.15.03:994][  0]LogD3D11RHI: Chosen D3D11 Adapter:
[2021.10.14-17.15.03:994][  0]LogD3D11RHI:     Description : NVIDIA GeForce GTX 1660 Ti
[2021.10.14-17.15.03:994][  0]LogD3D11RHI:     VendorId    : 10de
[2021.10.14-17.15.03:994][  0]LogD3D11RHI:     DeviceId    : 2182
[2021.10.14-17.15.03:994][  0]LogD3D11RHI:     SubSysId    : 12e110de
[2021.10.14-17.15.03:994][  0]LogD3D11RHI:     Revision    : 00a1
[2021.10.14-17.15.03:994][  0]LogD3D11RHI:     DedicatedVideoMemory : 6282018816 bytes
[2021.10.14-17.15.03:994][  0]LogD3D11RHI:     DedicatedSystemMemory : 0 bytes
[2021.10.14-17.15.03:994][  0]LogD3D11RHI:     SharedSystemMemory : 4272498688 bytes
[2021.10.14-17.15.03:994][  0]LogD3D11RHI:     AdapterLuid : 0 62612
[2021.10.14-17.15.04:000][  0]LogD3D11RHI: Creating new Direct3DDevice
[2021.10.14-17.15.04:000][  0]LogD3D11RHI:     GPU DeviceId: 0x2182 (for the marketing name, search the web for "GPU Device Id")
[2021.10.14-17.15.04:000][  0]LogWindows: EnumDisplayDevices:
[2021.10.14-17.15.04:000][  0]LogWindows:    0. 'NVIDIA GeForce GTX 1660 Ti' (P:1 D:1)
[2021.10.14-17.15.04:000][  0]LogWindows:    1. 'NVIDIA GeForce GTX 1660 Ti' (P:0 D:0)
[2021.10.14-17.15.04:000][  0]LogWindows:    2. 'NVIDIA GeForce GTX 1660 Ti' (P:0 D:0)
[2021.10.14-17.15.04:001][  0]LogWindows:    3. 'NVIDIA GeForce GTX 1660 Ti' (P:0 D:0)
[2021.10.14-17.15.04:001][  0]LogWindows: DebugString: FoundDriverCount:4 
[2021.10.14-17.15.04:001][  0]LogD3D11RHI:     Adapter Name: NVIDIA GeForce GTX 1660 Ti
[2021.10.14-17.15.04:001][  0]LogD3D11RHI:   Driver Version: 471.96 (internal:30.0.14.7196, unified:471.96)
[2021.10.14-17.15.04:001][  0]LogD3D11RHI:      Driver Date: 8-27-2021
[2021.10.14-17.15.04:002][  0]LogRHI: Texture pool is 4193 MB (70% of 5991 MB)
[2021.10.14-17.15.04:002][  0]LogD3D11RHI: Creating D3DDevice using adapter:
[2021.10.14-17.15.04:002][  0]LogD3D11RHI:     Description : NVIDIA GeForce GTX 1660 Ti
[2021.10.14-17.15.04:002][  0]LogD3D11RHI:     VendorId    : 10de
[2021.10.14-17.15.04:002][  0]LogD3D11RHI:     DeviceId    : 2182
[2021.10.14-17.15.04:002][  0]LogD3D11RHI:     SubSysId    : 12e110de
[2021.10.14-17.15.04:002][  0]LogD3D11RHI:     Revision    : 00a1
[2021.10.14-17.15.04:002][  0]LogD3D11RHI:     DedicatedVideoMemory : 6282018816 bytes
[2021.10.14-17.15.04:002][  0]LogD3D11RHI:     DedicatedSystemMemory : 0 bytes
[2021.10.14-17.15.04:002][  0]LogD3D11RHI:     SharedSystemMemory : 4272498688 bytes
[2021.10.14-17.15.04:002][  0]LogD3D11RHI:     AdapterLuid : 0 62612
[2021.10.14-17.15.04:104][  0]LogD3D11RHI: RHI has support for 64 bit atomics
[2021.10.14-17.15.04:105][  0]LogD3D11RHI: Async texture creation enabled
[2021.10.14-17.15.04:105][  0]LogD3D11RHI: Array index from any shader is supported
[2021.10.14-17.15.04:452][  0]LogD3D11RHI: GPU Timing Frequency: 1000.000000 (Debug: 2 2)
[2021.10.14-17.15.04:626][  0]LogRHI: GeForceNow SDK initialized: 1
[2021.10.14-17.15.06:037][  0]LogTargetPlatformManager: Display: Loaded TargetPlatform 'AllDesktop'
[2021.10.14-17.15.06:118][  0]LogTargetPlatformManager: Display: Loaded TargetPlatform 'Android'
[2021.10.14-17.15.06:118][  0]LogTargetPlatformManager: Display: Loaded TargetPlatform 'Android_ASTC'
[2021.10.14-17.15.06:118][  0]LogTargetPlatformManager: Display: Loaded TargetPlatform 'Android_DXT'
[2021.10.14-17.15.06:118][  0]LogTargetPlatformManager: Display: Loaded TargetPlatform 'Android_ETC2'
[2021.10.14-17.15.06:118][  0]LogTargetPlatformManager: Display: Loaded TargetPlatform 'AndroidClient'
[2021.10.14-17.15.06:118][  0]LogTargetPlatformManager: Display: Loaded TargetPlatform 'Android_ASTCClient'
[2021.10.14-17.15.06:118][  0]LogTargetPlatformManager: Display: Loaded TargetPlatform 'Android_DXTClient'
[2021.10.14-17.15.06:118][  0]LogTargetPlatformManager: Display: Loaded TargetPlatform 'Android_ETC2Client'
[2021.10.14-17.15.06:118][  0]LogTargetPlatformManager: Display: Loaded TargetPlatform 'Android_Multi'
[2021.10.14-17.15.06:118][  0]LogTargetPlatformManager: Display: Loaded TargetPlatform 'Android_MultiClient'
[2021.10.14-17.15.06:282][  0]LogTargetPlatformManager: Display: Loaded TargetPlatform 'IOSClient'
[2021.10.14-17.15.06:282][  0]LogTargetPlatformManager: Display: Loaded TargetPlatform 'IOS'
[2021.10.14-17.15.06:360][  0]LogTargetPlatformManager: Display: Loaded TargetPlatform 'Linux'
[2021.10.14-17.15.06:381][  0]LogTargetPlatformManager: Display: Loaded TargetPlatform 'LinuxNoEditor'
[2021.10.14-17.15.06:424][  0]LogTargetPlatformManager: Display: Loaded TargetPlatform 'LinuxClient'
[2021.10.14-17.15.06:446][  0]LogTargetPlatformManager: Display: Loaded TargetPlatform 'LinuxServer'
[2021.10.14-17.15.06:521][  0]LogTargetPlatformManager: Display: Loaded TargetPlatform 'LinuxAArch64NoEditor'
[2021.10.14-17.15.06:543][  0]LogTargetPlatformManager: Display: Loaded TargetPlatform 'LinuxAArch64Client'
[2021.10.14-17.15.06:565][  0]LogTargetPlatformManager: Display: Loaded TargetPlatform 'LinuxAArch64Server'
[2021.10.14-17.15.06:649][  0]LogTargetPlatformManager: Display: Loaded TargetPlatform 'Lumin'
[2021.10.14-17.15.06:649][  0]LogTargetPlatformManager: Display: Loaded TargetPlatform 'LuminClient'
[2021.10.14-17.15.06:687][  0]LogTargetPlatformManager: Display: Loaded TargetPlatform 'MacNoEditor'
[2021.10.14-17.15.06:721][  0]LogTargetPlatformManager: Display: Loaded TargetPlatform 'Mac'
[2021.10.14-17.15.06:744][  0]LogTargetPlatformManager: Display: Loaded TargetPlatform 'MacClient'
[2021.10.14-17.15.06:766][  0]LogTargetPlatformManager: Display: Loaded TargetPlatform 'MacServer'
[2021.10.14-17.15.06:794][  0]LogTargetPlatformManager: Display: Loaded TargetPlatform 'TVOSClient'
[2021.10.14-17.15.06:794][  0]LogTargetPlatformManager: Display: Loaded TargetPlatform 'TVOS'
[2021.10.14-17.15.06:843][  0]LogTargetPlatformManager: Display: Loaded TargetPlatform 'WindowsNoEditor'
[2021.10.14-17.15.06:883][  0]LogTargetPlatformManager: Display: Loaded TargetPlatform 'Windows'
[2021.10.14-17.15.06:905][  0]LogTargetPlatformManager: Display: Loaded TargetPlatform 'WindowsClient'
[2021.10.14-17.15.06:941][  0]LogTargetPlatformManager: Display: Loaded TargetPlatform 'WindowsServer'
[2021.10.14-17.15.06:941][  0]LogTargetPlatformManager: Display: Building Assets For Windows
[2021.10.14-17.15.07:235][  0]LogAudioDebug: Display: Lib vorbis DLL was dynamically loaded.
[2021.10.14-17.15.07:768][  0]LogTextureFormatOodle: Display: Oodle Texture 2.9.0 init RDO Off
[2021.10.14-17.15.08:588][  0]LogRendererCore: Ray tracing is disabled. Reason: r.RayTracing=0.
[2021.10.14-17.15.08:609][  0]LogShaderCompilers: Guid format shader working directory is -15 characters bigger than the processId version (F:/AnkouDW/Unreal Projects/HW_Yakovlev_A/HW_Yakovlev_A 4.27 - 2/Intermediate/Shaders/WorkingDirectory/4204/).
[2021.10.14-17.15.08:610][  0]LogShaderCompilers: Cleaned the shader compiler working directory 'C:/Users/AnkouDW/AppData/Local/Temp/UnrealShaderWorkingDir/10BA36A849D14824E3C1449E58B2268D/'.
[2021.10.14-17.15.08:619][  0]LogXGEController: Cannot use XGE Controller as Incredibuild is not installed on this machine.
[2021.10.14-17.15.08:620][  0]LogShaderCompilers: Cannot use XGE Shader Compiler as Incredibuild is not installed on this machine.
[2021.10.14-17.15.08:620][  0]LogShaderCompilers: Display: Using Local Shader Compiler.
[2021.10.14-17.15.13:954][  0]LogDerivedDataCache: Display: Max Cache Size: 512 MB
[2021.10.14-17.15.14:206][  0]LogDerivedDataCache: Loaded boot cache 0.25s 95MB C:/Users/AnkouDW/AppData/Local/UnrealEngine/4.27/DerivedDataCache/Boot.ddc.
[2021.10.14-17.15.14:206][  0]LogDerivedDataCache: Display: Loaded Boot cache: C:/Users/AnkouDW/AppData/Local/UnrealEngine/4.27/DerivedDataCache/Boot.ddc
[2021.10.14-17.15.14:207][  0]LogDerivedDataCache: FDerivedDataBackendGraph:  Pak pak cache file F:/AnkouDW/Unreal Projects/HW_Yakovlev_A/HW_Yakovlev_A 4.27 - 2/DerivedDataCache/DDC.ddp not found, will not use a pak cache.
[2021.10.14-17.15.14:207][  0]LogDerivedDataCache: Unable to find inner node Pak for hierarchical cache Hierarchy.
[2021.10.14-17.15.14:207][  0]LogDerivedDataCache: FDerivedDataBackendGraph:  CompressedPak pak cache file F:/AnkouDW/Unreal Projects/HW_Yakovlev_A/HW_Yakovlev_A 4.27 - 2/DerivedDataCache/Compressed.ddp not found, will not use a pak cache.
[2021.10.14-17.15.14:207][  0]LogDerivedDataCache: Unable to find inner node CompressedPak for hierarchical cache Hierarchy.
[2021.10.14-17.15.14:283][  0]LogDerivedDataCache: Display: Pak cache opened for reading ../../../Engine/DerivedDataCache/Compressed.ddp.
[2021.10.14-17.15.14:283][  0]LogDerivedDataCache: FDerivedDataBackendGraph:  EnterprisePak pak cache file ../../../Enterprise/DerivedDataCache/Compressed.ddp not found, will not use a pak cache.
[2021.10.14-17.15.14:283][  0]LogDerivedDataCache: Unable to find inner node EnterprisePak for hierarchical cache Hierarchy.
[2021.10.14-17.15.14:311][  0]LogDerivedDataCache: Speed tests for C:/Users/AnkouDW/AppData/Local/UnrealEngine/Common/DerivedDataCache took 0.03 seconds
[2021.10.14-17.15.14:311][  0]LogDerivedDataCache: Display: Performance to C:/Users/AnkouDW/AppData/Local/UnrealEngine/Common/DerivedDataCache: Latency=0.65ms. RandomReadSpeed=67.50MBs, RandomWriteSpeed=156.98MBs. Assigned SpeedClass 'Local'
[2021.10.14-17.15.14:316][  0]LogDerivedDataCache: Using Local data cache path C:/Users/AnkouDW/AppData/Local/UnrealEngine/Common/DerivedDataCache: Writable
[2021.10.14-17.15.14:316][  0]LogDerivedDataCache: Shared data cache path not found in *engine.ini, will not use an Shared cache.
[2021.10.14-17.15.14:316][  0]LogDerivedDataCache: Unable to find inner node Shared for hierarchical cache Hierarchy.
[2021.10.14-17.15.14:490][  0]LogSlate: Using FreeType 2.10.0
[2021.10.14-17.15.14:619][  0]LogSlate: SlateFontServices - WITH_FREETYPE: 1, WITH_HARFBUZZ: 1
[2021.10.14-17.15.15:790][  0]LogAssetRegistry: FAssetRegistry took 0.0147 seconds to start up
[2021.10.14-17.15.18:888][  0]LogInit: Selected Device Profile: [Windows]
[2021.10.14-17.15.18:888][  0]LogInit: Active device profile: [000002036DC24700][000002036C60D600 49] Windows
[2021.10.14-17.15.18:888][  0]LogInit: Profiles: [000002036DC24700][000002036C60D600 49] Windows, [000002036DBE3700][000002036C615780 49] WindowsNoEditor, [000002036DC27300][000002036C619900 49] WindowsServer, [000002036DBE0F00][000002036C61DA80 49] WindowsClient, [000002036DC27500][000002036D985C00 49] IOS, [000002036DBBFF00][000002036D988200 49] iPadAir, [000002036DBE3B00][000002036D98C380 49] iPadAir2, [000002036DB8C500][000002036D994640 49] IPadPro, [000002036DB8C600][000002036D990680 49] iPadAir3, [000002036DBBC100][000002036D998800 49] iPadAir4, [000002036DB8EC00][000002036D99C980 49] iPadMini2, [000002036DBBE500][000002035CE6CB00 49] iPadMini3, [000002036DB8F400][000002036C610C40 49] iPadMini4, [000002036DBBCF00][000002035CE70D80 49] iPadMini5, [000002036DB8BE00][000002035CE78FC0 49] iPhone6, [000002036DB8BF00][000002035CE75000 49] iPodTouch6, [000002036DC27900][000002035CE852C0 49] iPhone7, [000002036DC26100][000002035CE81300 49] iPodTouch7, [000002036DB88400][000002035CE89480 49] iPhone5S, [000002036DB8FD00][000002035CE8D600 49] iPhone6Plus, [000002036DC27400][000002035CE91780 49] iPhone6S, [000002036DB8E000][000002035CE95900 49] iPhone6SPlus, [000002036DC24900][000002036D9A1A80 49] iPhone7Plus, [000002036DB8CE00][000002036D9A5C00 49] iPhoneSE, [000002036DC24200][000002036D9A8200 49] iPhone8, [000002036DB8E400][000002036D9AC380 49] iPhone8Plus, [000002036DC25E00][000002036D9B0500 49] iPhoneX, [000002036DB8FE00][000002036D9B4680 49] iPhoneXS, [000002036DC25600][000002036D9B8800 49] iPhoneXSMax, [000002036DB8E500][000002036D9BC980 49] iPhoneXR, [000002036DC26A00][000002036D9C0B00 49] iPhone11, [000002036DB8FA00][000002036D9C4C80 49] iPhone11Pro, [000002036DC24F00][000002035CE7CDC0 49] iPhone11ProMax, [000002036DB8E300][000002036D9C8F00 49] iPhoneSE2, [000002036DC26700][000002036D9CD040 49] iPhone12Mini, [000002036DB8C700][000002036D9D1180 49] iPhone12, [000002036DC27100][000002036D9D9300 49] iPhone12Pro, [000002036DB8F500][000002036D9DD480 49] iPhone12ProMax, [000002036DC24800][000002036D9E1600 49] iPadPro105, [000002036DB8DC00][000002036D9E5780 49] iPadPro129, [000002036DC24300][000002036D9E9900 49] iPadPro97, [000002036DB8DD00][000002036D9EDA80 49] iPadPro2_129, [000002036DC24C00][000002036D9F1C00 49] iPad5, [000002036DB8F000][000002036D9F4200 49] iPad6, [000002036DC26C00][000002036D9F8380 49] iPad7, [000002036DB8EE00][000002036D9FC500 49] iPad8, [000002036DC25800][000002036DA00680 49] iPadPro11, [000002036DB8DB00][000002036DA04800 49] iPadPro2_11, [000002036DC25500][000002036DA08980 49] iPadPro3_129, [000002036DB8E700][000002036DA0CB00 49] iPadPro4_129, [000002036DC24100][000002036DA10C80 49] AppleTV, [000002036DB8EB00][000002036DA14E00 49] AppleTV4K, [000002036DC25B00][000002036D9D4F40 49] TVOS, [000002036DB8C900][000002036DA19080 49] Mac, [000002036DC25700][000002036DA1D1C0 49] MacClient, [000002036DB8EF00][000002036DA21300 49] MacNoEditor, [000002036DC24D00][000002036DA29480 49] MacServer, [000002036DB8C300][000002036DA2D600 49] Linux, [000002036DC26E00][000002035B211780 49] LinuxAArch64, [000002036DB8D500][000002035B215900 49] LinuxNoEditor, [000002036DC26400][000002035B219A80 49] LinuxAArch64NoEditor, [000002036DB8C200][000002035B21DC00 49] LinuxClient, [000002036DC26D00][000002035B220200 49] LinuxAArch64Client, [000002036DB8CC00][000002035B224380 49] LinuxServer, [000002036DC24400][000002035B228500 49] LinuxAArch64Server, [000002036DB8D000][000002035B22C680 49] Android, [000002036DBBF900][000002035B230800 49] Android_Low, [000002036DB89B00][000002035B234980 49] Android_Mid, [000002036DBBF000][000002035B238B00 49] Android_High, [000002036DB8A300][000002035B23CC80 49] Android_Default, [000002036DBBE000][0000020364200E00 49] Android_Adreno4xx, [000002036DB88100][0000020364204F80 49] Android_Adreno5xx_Low, [000002036DBBCB00][0000020364209100 49] Android_Adreno5xx, [000002036DB89800][000002036DA25240 49] Android_Adreno6xx, [000002036DBBD100][000002036420D380 49] Android_Adreno6xx_Vulkan, [000002036DB88800][00000203642114C0 49] Android_Mali_T6xx, [000002036DBBF600][0000020364219640 49] Android_Mali_T7xx, [000002036DB88D00][000002036421D7C0 49] Android_Mali_T8xx, [000002036DBBFC00][0000020364221940 49] Android_Mali_G71, [000002036DB89500][0000020364225AC0 49] Android_Mali_G72, [000002036DBBFE00][00000203642280C0 49] Android_Mali_G72_Vulkan, [000002036DB8BD00][000002036422C240 49] Android_Mali_G76, [000002036DBBFA00][00000203642303C0 49] Android_Mali_G76_Vulkan, [000002036DB8B600][0000020364234540 49] Android_Mali_G77, [000002036DBBE200][00000203642386C0 49] Android_Mali_G77_Vulkan, [000002036DB89200][000002036423C840 49] Android_Mali_G78, [000002036DBBCA00][00000203642409C0 49] Android_Mali_G78_Vulkan, [000002036DB8B000][0000020364244B40 49] Android_Mali_G710, [000002036DBBD400][0000020364248CC0 49] Android_Mali_G710_Vulkan, [000002036DB88700][000002036424CE40 49] Android_Vulkan_SM5, [000002036DBBD800][0000020364250FC0 49] Android_PowerVR_G6xxx, [000002036DB88E00][0000020364255140 49] Android_PowerVR_GT7xxx, [000002036DBBC200][00000203642592C0 49] Android_PowerVR_GE8xxx, [000002036DB88600][0000020364215400 49] Android_PowerVR_GM9xxx, [000002036DBBE600][000002036425D540 49] Android_PowerVR_GM9xxx_Vulkan, [000002036DB8CF00][0000020364261680 49] Android_TegraK1, [000002036DBBEA00][00000203642657C0 49] Android_Unknown_Vulkan, [000002036DB8CD00][000002036426D940 49] Lumin, [000002036DBBD200][0000020364271AC0 49] Lumin_Desktop, [000002036DB8CB00][00000203642740C0 49] HoloLens, 
[2021.10.14-17.15.21:462][  0]LogAssetRegistry: Error: Failed to open file for write F:/AnkouDW/Unreal Projects/HW_Yakovlev_A/HW_Yakovlev_A 4.27 - 2/Intermediate/CachedAssetRegistry.bin.tmp
[2021.10.14-17.15.21:462][  0]LogMeshReduction: Using QuadricMeshReduction for automatic static mesh reduction
[2021.10.14-17.15.21:462][  0]LogMeshReduction: Using SimplygonMeshReduction for automatic skeletal mesh reduction
[2021.10.14-17.15.21:462][  0]LogMeshReduction: Using ProxyLODMeshReduction for automatic mesh merging
[2021.10.14-17.15.21:462][  0]LogMeshReduction: No distributed automatic mesh merging module available
[2021.10.14-17.15.21:462][  0]LogMeshMerging: No distributed automatic mesh merging module available
[2021.10.14-17.15.21:889][  0]LogNetVersion: HW_Yakovlev_A 1.0.0, NetCL: 17155196, EngineNetVer: 17, GameNetVer: 0 (Checksum: 1106084798)
[2021.10.14-17.15.36:667][  0]LogTexture: Default maximum texture size for cubemaps generated from long-lat sources has been changed from 512 to unlimited. In order to preserve old behaiour for '/Engine/MapTemplates/Sky/DaylightAmbientCubemap.DaylightAmbientCubemap', its maximum texture size has been explicitly set to 512.
[2021.10.14-17.15.37:551][  0]LogHMD: PokeAHoleMaterial loaded successfully
[2021.10.14-17.15.37:711][  0]LogUObjectArray: 17178 objects as part of root set at end of initial load.
[2021.10.14-17.15.37:711][  0]LogUObjectAllocator: 4301856 out of 0 bytes used by permanent object pool.
[2021.10.14-17.15.37:719][  0]LogUObjectArray: CloseDisregardForGC: 0/0 objects in disregard for GC pool
[2021.10.14-17.15.43:073][  0]LogNiagaraDebuggerClient: Niagara Debugger Client Initialized | Session: EDD3F26F48C257B4F218F48E76EDB58C | Instance: 657A178744BD59108CCF97BA733608C3 (ADW-4204).
[2021.10.14-17.15.43:814][  0]LogImageWrapper: Warning: PNG Warning: Duplicate iCCP chunk
[2021.10.14-17.15.43:814][  0]LogImageWrapper: Warning: PNG Warning: Duplicate iCCP chunk
[2021.10.14-17.15.44:012][  0]LogPython: Using Python 3.7.7
[2021.10.14-17.15.46:097][  0]LogTcpMessaging: Initializing TcpMessaging bridge
[2021.10.14-17.15.46:165][  0]LogUdpMessaging: Initializing bridge on interface 0.0.0.0:0 to multicast group 230.0.0.1:6666.
[2021.10.14-17.15.51:313][  0]SourceControl: Source control is disabled
[2021.10.14-17.15.51:313][  0]SourceControl: Source control is disabled
[2021.10.14-17.15.51:314][  0]SourceControl: Source control is disabled
[2021.10.14-17.15.51:315][  0]SourceControl: Source control is disabled
[2021.10.14-17.15.51:320][  0]SourceControl: Source control is disabled
[2021.10.14-17.15.51:322][  0]LogUProjectInfo: Found projects:
[2021.10.14-17.15.51:331][  0]LogVSAccessor: Display: Unable to create Visual Studio setup instance: 80040154
[2021.10.14-17.15.51:331][  0]LogVSAccessor: Display: Unable to create Visual Studio setup instance: 80040154
[2021.10.14-17.15.51:332][  0]LogVSAccessor: Display: Unable to create Visual Studio setup instance: 80040154
[2021.10.14-17.15.52:994][  0]LogOpenImageDenoise: OIDN starting up
[2021.10.14-17.15.53:538][  0]LogAndroidPermission: UAndroidPermissionCallbackProxy::GetInstance
[2021.10.14-17.15.53:780][  0]LogAudioCaptureCore: Display: No Audio Capture implementations found. Audio input will be silent.
[2021.10.14-17.15.53:780][  0]LogAudioCaptureCore: Display: No Audio Capture implementations found. Audio input will be silent.
[2021.10.14-17.15.55:486][  0]LogCollectionManager: Loaded 0 collections in 0.001338 seconds
[2021.10.14-17.15.55:874][  0]LogFileCache: Scanning file cache for directory 'F:/AnkouDW/Unreal Projects/HW_Yakovlev_A/HW_Yakovlev_A 4.27 - 2/Saved/Collections/' took 0.00s
[2021.10.14-17.15.55:874][  0]LogFileCache: Scanning file cache for directory 'F:/AnkouDW/Unreal Projects/HW_Yakovlev_A/HW_Yakovlev_A 4.27 - 2/Content/Developers/AnkouDW/Collections/' took 0.00s
[2021.10.14-17.15.55:874][  0]LogFileCache: Scanning file cache for directory 'F:/AnkouDW/Unreal Projects/HW_Yakovlev_A/HW_Yakovlev_A 4.27 - 2/Content/Collections/' took 0.00s
[2021.10.14-17.15.55:874][  0]LogOcInput: OculusInput pre-init called
[2021.10.14-17.15.58:876][  0]LogImageWrapper: Warning: PNG Warning: Duplicate iCCP chunk
[2021.10.14-17.15.58:876][  0]LogImageWrapper: Warning: PNG Warning: Duplicate iCCP chunk
[2021.10.14-17.16.00:467][  0]LogEngine: Initializing Engine...
[2021.10.14-17.16.00:737][  0]LogHMD: Optional extension XR_KHR_opengl_enable is not available
[2021.10.14-17.16.00:737][  0]LogHMD: Optional extension XR_KHR_vulkan_enable is not available
[2021.10.14-17.16.00:737][  0]LogHMD: Optional extension XR_VARJO_quad_views is not available
[2021.10.14-17.16.00:797][  0]LogHMD: Failed to get an OpenXR system, result is XR_ERROR_FORM_FACTOR_UNAVAILABLE. Please check that your runtime supports VR headsets.
[2021.10.14-17.16.00:825][  0]LogHMD: Failed to initialize OpenVR with code 101
[2021.10.14-17.16.00:830][  0]LogMagicLeap: Warning: VR disabled because ZI is not enabled.  To enable, in the editor, Edit -> Project Settings -> Plugins -> Magic Leap Plugin -> Enable Zero Iteration
[2021.10.14-17.16.00:926][  0]LogStats: UGameplayTagsManager::InitializeManager -  0.001 s
[2021.10.14-17.16.01:726][  0]LogInit: Initializing FReadOnlyCVARCache
[2021.10.14-17.16.02:284][  0]LogAIModule: Creating AISystem for world Untitled
[2021.10.14-17.16.02:356][  0]LogAudio: Display: Initializing Audio Device Manager...
[2021.10.14-17.16.02:411][  0]LogAudio: Display: Loading Default Audio Settings Objects...
[2021.10.14-17.16.02:469][  0]LogAudio: Display: No default SoundConcurrencyObject specified (or failed to load).
[2021.10.14-17.16.02:509][  0]LogAudio: Display: Audio Device Manager Initialized
[2021.10.14-17.16.02:509][  0]LogAudio: Display: Creating Audio Device:                 Id: 1, Scope: Shared, Realtime: True
[2021.10.14-17.16.02:543][  0]LogAudioMixer: Display: Audio Mixer Platform Settings:
[2021.10.14-17.16.02:543][  0]LogAudioMixer: Display: 	Sample Rate:						  48000
[2021.10.14-17.16.02:543][  0]LogAudioMixer: Display: 	Callback Buffer Frame Size Requested: 1024
[2021.10.14-17.16.02:543][  0]LogAudioMixer: Display: 	Callback Buffer Frame Size To Use:	  1024
[2021.10.14-17.16.02:543][  0]LogAudioMixer: Display: 	Number of buffers to queue:			  2
[2021.10.14-17.16.02:543][  0]LogAudioMixer: Display: 	Max Channels (voices):				  32
[2021.10.14-17.16.02:543][  0]LogAudioMixer: Display: 	Number of Async Source Workers:		  0
[2021.10.14-17.16.02:554][  0]LogAudio: Display: AudioDevice MaxSources: 32
[2021.10.14-17.16.02:575][  0]LogAudio: Display: Audio Spatialization Plugin: None (built-in).
[2021.10.14-17.16.02:575][  0]LogAudio: Display: Audio Reverb Plugin: None (built-in).
[2021.10.14-17.16.02:575][  0]LogAudio: Display: Audio Occlusion Plugin: None (built-in).
[2021.10.14-17.16.02:576][  0]LogAudioMixer: Display: Initializing audio mixer.
[2021.10.14-17.16.02:715][  0]LogAudioMixer: Display: 0: FrontLeft
[2021.10.14-17.16.02:715][  0]LogAudioMixer: Display: 1: FrontRight
[2021.10.14-17.16.02:715][  0]LogAudioMixer: Display: 2: FrontCenter
[2021.10.14-17.16.02:715][  0]LogAudioMixer: Display: 3: LowFrequency
[2021.10.14-17.16.02:716][  0]LogAudioMixer: Display: 4: BackLeft
[2021.10.14-17.16.02:716][  0]LogAudioMixer: Display: 5: BackRight
[2021.10.14-17.16.02:716][  0]LogAudioMixer: Display: 6: SideLeft
[2021.10.14-17.16.02:716][  0]LogAudioMixer: Display: 7: SideRight
[2021.10.14-17.16.02:751][  0]LogAudioMixer: Display: Using Audio Device Динамики (3- Respawn)
[2021.10.14-17.16.02:767][  0]LogAudioMixer: Display: Initializing Sound Submixes...
[2021.10.14-17.16.02:820][  0]LogAudioMixer: Display: Creating Master Submix 'MasterSubmixDefault'
[2021.10.14-17.16.02:820][  0]LogAudioMixer: Display: Creating Master Submix 'MasterReverbSubmixDefault'
[2021.10.14-17.16.02:821][  0]LogAudioMixer: Display: Creating Master Submix 'MasterEQSubmixDefault'
[2021.10.14-17.16.02:821][  0]LogAudioMixer: FMixerPlatformXAudio2::StartAudioStream() called
[2021.10.14-17.16.02:821][  0]LogAudioMixer: Display: Output buffers initialized: Frames=1024, Channels=8, Samples=8192
[2021.10.14-17.16.02:823][  0]LogAudioMixer: Display: Starting AudioMixerPlatformInterface::RunInternal()
[2021.10.14-17.16.02:823][  0]LogAudioMixer: Display: FMixerPlatformXAudio2::SubmitBuffer() called for the first time
[2021.10.14-17.16.02:823][  0]LogInit: FAudioDevice initialized.
[2021.10.14-17.16.02:854][  0]LogAudio: Display: Audio Device (ID: 1) registered with world 'Untitled'.
[2021.10.14-17.16.02:854][  0]LogNetVersion: Set ProjectVersion to 1.0.0.0. Version Checksum will be recalculated on next use.
[2021.10.14-17.16.02:957][  0]LogDerivedDataCache: Saved boot cache 0.10s 99MB C:/Users/AnkouDW/AppData/Local/UnrealEngine/4.27/DerivedDataCache/Boot.ddc.
[2021.10.14-17.16.02:957][  0]LogInit: Texture streaming: Enabled
[2021.10.14-17.16.03:137][  0]LogAnalytics: Display: [UEEditor.Rocket.Release] APIServer = https://datarouter.ol.epicgames.com/. AppVersion = 4.27.1-17735300+++UE4+Release-4.27
[2021.10.14-17.16.03:187][  0]LogEngineSessionManager: EngineSessionManager initialized
[2021.10.14-17.16.03:350][  0]LogInit: Transaction tracking system initialized
[2021.10.14-17.16.04:004][  0]BlueprintLog: New page: Editor Load
[2021.10.14-17.16.05:090][  0]LocalizationService: Localization service is disabled
[2021.10.14-17.16.05:492][  0]TimingProfiler: Initialize
[2021.10.14-17.16.05:494][  0]TimingProfiler: OnSessionChanged
[2021.10.14-17.16.05:495][  0]LoadingProfiler: Initialize
[2021.10.14-17.16.05:495][  0]LoadingProfiler: OnSessionChanged
[2021.10.14-17.16.05:495][  0]NetworkingProfiler: Initialize
[2021.10.14-17.16.05:495][  0]NetworkingProfiler: OnSessionChanged
[2021.10.14-17.16.05:495][  0]MemoryProfiler: Initialize
[2021.10.14-17.16.05:496][  0]MemoryProfiler: OnSessionChanged
[2021.10.14-17.16.06:417][  0]LogVSAccessor: Display: Unable to create Visual Studio setup instance: 80040154
[2021.10.14-17.16.06:417][  0]LogVSAccessor: Display: Unable to create Visual Studio setup instance: 80040154
[2021.10.14-17.16.06:418][  0]LogVSAccessor: Display: Unable to create Visual Studio setup instance: 80040154
[2021.10.14-17.16.09:388][  0]LogFileCache: Scanning file cache for directory 'F:/AnkouDW/Unreal Projects/HW_Yakovlev_A/HW_Yakovlev_A 4.27 - 2/Content/' took 0.05s
[2021.10.14-17.16.09:388][  0]LogCook: Display: CookSettings for Memory: MemoryMaxUsedVirtual 0MiB, MemoryMaxUsedPhysical 16384MiB, MemoryMinFreeVirtual 0MiB, MemoryMinFreePhysical 1024MiB
[2021.10.14-17.16.09:388][  0]LogCook: Display: Mobile HDR setting 1
[2021.10.14-17.16.19:867][  0]LogImageWrapper: Warning: PNG Warning: Duplicate iCCP chunk
[2021.10.14-17.16.19:867][  0]LogImageWrapper: Warning: PNG Warning: Duplicate iCCP chunk
[2021.10.14-17.16.20:053][  0]LogInit: Display: Engine is initialized. Leaving FEngineLoop::Init()
[2021.10.14-17.16.20:175][  0]SourceControl: Source control is disabled
[2021.10.14-17.16.20:183][  0]LogUnrealEdMisc: Loading editor; pre map load, took 137.287
[2021.10.14-17.16.20:205][  0]Cmd: MAP LOAD FILE="F:/AnkouDW/Unreal Projects/HW_Yakovlev_A/HW_Yakovlev_A 4.27 - 2/Content/Main/Levels/edited.umap" TEMPLATE=0 SHOWPROGRESS=1 FEATURELEVEL=3
[2021.10.14-17.16.20:230][  0]LightingResults: New page: Lighting Build
[2021.10.14-17.16.20:469][  0]LogWorld: UWorld::CleanupWorld for Untitled, bSessionEnded=true, bCleanupResources=true
[2021.10.14-17.16.20:591][  0]LogSlate: InvalidateAllWidgets triggered.  All widgets were invalidated
[2021.10.14-17.16.20:720][  0]MapCheck: New page: Map Check
[2021.10.14-17.16.20:720][  0]LightingResults: New page: Lighting Build
[2021.10.14-17.16.21:281][  0]LogAudio: Display: Audio Device unregistered from world 'None'.
[2021.10.14-17.16.21:607][  0]LogUObjectHash: Compacting FUObjectHashTables data took   1.13ms
[2021.10.14-17.16.22:957][  0]LogMaterial: Display: Missing cached shadermap for M_explosion_subUV in PCD3D_SM5, Default, SM5 (DDC key hash: 9D6CD429EC397F75AB760FCA4584544E573E3499), compiling. 
[2021.10.14-17.16.23:019][  0]LogShaderCompilers: Display: Submitted 36 shader compile jobs with 'Low' priority
[2021.10.14-17.16.23:055][  0]LogShaderCompilers: Display: Worker (1/3): shaders left to compile 36
[2021.10.14-17.16.23:055][  0]LogShaderCompilers: Display: Worker (2/3): shaders left to compile 26
[2021.10.14-17.16.23:055][  0]LogShaderCompilers: Display: Worker (3/3): shaders left to compile 16
[2021.10.14-17.16.23:055][  0]LogShaderCompilers: Display: Started 30 'Local' shader compile jobs with 'Low' priority
[2021.10.14-17.16.23:055][  0]LogMaterial: Display: Missing cached shadermap for M_Burst in PCD3D_SM5, Default, SM5 (DDC key hash: 67C2C15E9CCE9A00C06F6B03776DCEBE46B12E19), compiling. 
[2021.10.14-17.16.23:145][  0]LogShaderCompilers: Display: Submitted 42 shader compile jobs with 'Low' priority
[2021.10.14-17.16.23:178][  0]LogMaterial: Display: Missing cached shadermap for m_flare_01 in PCD3D_SM5, Default, SM5 (DDC key hash: 8A2A9A32486534ACD8E75C89B4A69FEBC6F97F61), compiling. 
[2021.10.14-17.16.23:322][  0]LogShaderCompilers: Display: Submitted 48 shader compile jobs with 'Low' priority
[2021.10.14-17.16.23:324][  0]LogMaterial: Display: Missing cached shadermap for M_radial_ramp in PCD3D_SM5, Default, SM5 (DDC key hash: C7FA3601229AA9D051F593C4F290841815346632), compiling. 
[2021.10.14-17.16.23:387][  0]LogShaderCompilers: Display: Submitted 48 shader compile jobs with 'Low' priority
[2021.10.14-17.16.23:458][  0]LogAudio: Display: Audio Device (ID: 1) registered with world 'edited'.
[2021.10.14-17.16.23:473][  0]LogAIModule: Creating AISystem for world edited
[2021.10.14-17.16.24:159][  0]LogStreaming: Display: ULevelStreaming::RequestLevel(/Game/Main/Levels/New_empty_lvl) is flushing async loading
[2021.10.14-17.16.24:159][  0]LogStreaming: Display: FlushAsyncLoading: 1 QueuedPackages, 0 AsyncPackages
[2021.10.14-17.17.29:926][  0]LogDerivedDataCache: Warning: C:/Users/AnkouDW/AppData/Local/UnrealEngine/Common/DerivedDataCache is very slow (0.00MB/s) when accessing C:/Users/AnkouDW/AppData/Local/UnrealEngine/Common/DerivedDataCache/0/5/6/TEXTURE_E01F4250BECD420DA9CE63B5EECEC2C2_OODLE_AUTODXT_11_98279E72174E299DCB7E__20D00F2D9497E96F8DCABB96463971D722CA5011.udd, consider disabling it.
[2021.10.14-17.17.29:926][  0]LogDerivedDataCache: Warning: C:/Users/AnkouDW/AppData/Local/UnrealEngine/Common/DerivedDataCache is very slow (0.00MB/s) when accessing C:/Users/AnkouDW/AppData/Local/UnrealEngine/Common/DerivedDataCache/0/1/9/TEXTURE_E01F4250BECD420DA9CE63B5EECEC2C2_BGRA8_D1F2358E6940F8EA8CBACD91B8C1A09__FCAAD103F911C0B53946630B5DB6719B9E86BD01.udd, consider disabling it.
[2021.10.14-17.17.29:926][  0]LogDerivedDataCache: Warning: C:/Users/AnkouDW/AppData/Local/UnrealEngine/Common/DerivedDataCache is very slow (0.00MB/s) when accessing C:/Users/AnkouDW/AppData/Local/UnrealEngine/Common/DerivedDataCache/1/7/8/TEXTURE_E01F4250BECD420DA9CE63B5EECEC2C2_BGRA8_0A7356194642D4344EE18795A6BFBBB__978E9E17A1FD16E6AE18EE6C82F94C06C8107731.udd, consider disabling it.
[2021.10.14-17.17.30:180][  0]LogEditorServer: Finished looking for orphan Actors (0.000 secs)
[2021.10.14-17.17.33:503][  0]LogUObjectHash: Compacting FUObjectHashTables data took   1.14ms
[2021.10.14-17.17.33:513][  0]Cmd: MAP CHECKDEP NOCLEARLOG
[2021.10.14-17.17.33:543][  0]MapCheck: Map check complete: 0 Error(s), 0 Warning(s), took 29,417ms to complete.
[2021.10.14-17.17.33:543][  0]LogFileHelpers: Loading map 'edited' took 73.354
[2021.10.14-17.17.37:094][  0]LogUnrealEdMisc: Total Editor Startup Time, took 214.203
[2021.10.14-17.17.38:375][  0]LogSlate: Updating window title bar state: overlay mode, drag disabled, window buttons hidden, title bar hidden
[2021.10.14-17.17.38:404][  0]LogSlate: Updating window title bar state: overlay mode, drag disabled, window buttons hidden, title bar hidden
[2021.10.14-17.17.38:411][  0]LogSlate: Updating window title bar state: overlay mode, drag disabled, window buttons hidden, title bar hidden
[2021.10.14-17.17.38:418][  0]LogSlate: Updating window title bar state: overlay mode, drag disabled, window buttons hidden, title bar hidden
[2021.10.14-17.17.39:280][  0]LogNativeClassHierarchy: Verbose: Native class hierarchy populated in 0.0287 seconds. Added 3822 classes and 928 folders.
[2021.10.14-17.17.39:728][  0]LogNativeClassHierarchy: Verbose: Native class hierarchy updated for 'WidgetCarousel' in 0.0003 seconds. Added 0 classes and 0 folders.
[2021.10.14-17.17.39:956][  0]LogPakFile: PakFile PrimaryIndexSize=187
[2021.10.14-17.17.39:956][  0]LogPakFile: PakFile PathHashIndexSize=101
[2021.10.14-17.17.39:956][  0]LogPakFile: PakFile FullDirectoryIndexSize=148
[2021.10.14-17.17.40:000][  0]LogShaderLibrary: Display: ShaderCodeLibraryPakFileMountedCallback: PakFile 'e:/Program Files/Epic Games/UE_4.27/FeaturePacks/FP_FirstPerson.upack' (chunk index -1, root 'root:/') mounted
[2021.10.14-17.17.40:000][  0]LogShaderLibrary: Display: ShaderCodeLibraryPakFileMountedCallback: pending pak file info (ChunkID:-1 Root:root:/ File:e:/Program Files/Epic Games/UE_4.27/FeaturePacks/FP_FirstPerson.upack)
[2021.10.14-17.17.40:034][  0]LogPakFile: OnPakFileMounted2Time == 0.078124
[2021.10.14-17.17.40:130][  0]LogPakFile: PakFile PrimaryIndexSize=189
[2021.10.14-17.17.40:130][  0]LogPakFile: PakFile PathHashIndexSize=101
[2021.10.14-17.17.40:130][  0]LogPakFile: PakFile FullDirectoryIndexSize=152
[2021.10.14-17.17.40:130][  0]LogShaderLibrary: Display: ShaderCodeLibraryPakFileMountedCallback: PakFile 'e:/Program Files/Epic Games/UE_4.27/FeaturePacks/FP_FirstPersonBP.upack' (chunk index -1, root 'root:/') mounted
[2021.10.14-17.17.40:130][  0]LogShaderLibrary: Display: ShaderCodeLibraryPakFileMountedCallback: pending pak file info (ChunkID:-1 Root:root:/ File:e:/Program Files/Epic Games/UE_4.27/FeaturePacks/FP_FirstPersonBP.upack)
[2021.10.14-17.17.40:130][  0]LogPakFile: OnPakFileMounted2Time == 0.000072
[2021.10.14-17.17.40:173][  0]LogPakFile: PakFile PrimaryIndexSize=191
[2021.10.14-17.17.40:173][  0]LogPakFile: PakFile PathHashIndexSize=101
[2021.10.14-17.17.40:173][  0]LogPakFile: PakFile FullDirectoryIndexSize=160
[2021.10.14-17.17.40:173][  0]LogShaderLibrary: Display: ShaderCodeLibraryPakFileMountedCallback: PakFile 'e:/Program Files/Epic Games/UE_4.27/FeaturePacks/MobileStarterContent.upack' (chunk index -1, root 'root:/') mounted
[2021.10.14-17.17.40:173][  0]LogShaderLibrary: Display: ShaderCodeLibraryPakFileMountedCallback: pending pak file info (ChunkID:-1 Root:root:/ File:e:/Program Files/Epic Games/UE_4.27/FeaturePacks/MobileStarterContent.upack)
[2021.10.14-17.17.40:173][  0]LogPakFile: OnPakFileMounted2Time == 0.000045
[2021.10.14-17.17.40:179][  0]LogPakFile: PakFile PrimaryIndexSize=185
[2021.10.14-17.17.40:179][  0]LogPakFile: PakFile PathHashIndexSize=101
[2021.10.14-17.17.40:179][  0]LogPakFile: PakFile FullDirectoryIndexSize=148
[2021.10.14-17.17.40:179][  0]LogShaderLibrary: Display: ShaderCodeLibraryPakFileMountedCallback: PakFile 'e:/Program Files/Epic Games/UE_4.27/FeaturePacks/StarterContent.upack' (chunk index -1, root 'root:/') mounted
[2021.10.14-17.17.40:179][  0]LogShaderLibrary: Display: ShaderCodeLibraryPakFileMountedCallback: pending pak file info (ChunkID:-1 Root:root:/ File:e:/Program Files/Epic Games/UE_4.27/FeaturePacks/StarterContent.upack)
[2021.10.14-17.17.40:179][  0]LogPakFile: OnPakFileMounted2Time == 0.000054
[2021.10.14-17.17.40:185][  0]LogPakFile: PakFile PrimaryIndexSize=190
[2021.10.14-17.17.40:185][  0]LogPakFile: PakFile PathHashIndexSize=101
[2021.10.14-17.17.40:185][  0]LogPakFile: PakFile FullDirectoryIndexSize=154
[2021.10.14-17.17.40:185][  0]LogShaderLibrary: Display: ShaderCodeLibraryPakFileMountedCallback: PakFile 'e:/Program Files/Epic Games/UE_4.27/FeaturePacks/TP_2DSideScroller.upack' (chunk index -1, root 'root:/') mounted
[2021.10.14-17.17.40:185][  0]LogShaderLibrary: Display: ShaderCodeLibraryPakFileMountedCallback: pending pak file info (ChunkID:-1 Root:root:/ File:e:/Program Files/Epic Games/UE_4.27/FeaturePacks/TP_2DSideScroller.upack)
[2021.10.14-17.17.40:185][  0]LogPakFile: OnPakFileMounted2Time == 0.000045
[2021.10.14-17.17.40:210][  0]LogPakFile: PakFile PrimaryIndexSize=192
[2021.10.14-17.17.40:210][  0]LogPakFile: PakFile PathHashIndexSize=101
[2021.10.14-17.17.40:210][  0]LogPakFile: PakFile FullDirectoryIndexSize=158
[2021.10.14-17.17.40:210][  0]LogShaderLibrary: Display: ShaderCodeLibraryPakFileMountedCallback: PakFile 'e:/Program Files/Epic Games/UE_4.27/FeaturePacks/TP_2DSideScrollerBP.upack' (chunk index -1, root 'root:/') mounted
[2021.10.14-17.17.40:210][  0]LogShaderLibrary: Display: ShaderCodeLibraryPakFileMountedCallback: pending pak file info (ChunkID:-1 Root:root:/ File:e:/Program Files/Epic Games/UE_4.27/FeaturePacks/TP_2DSideScrollerBP.upack)
[2021.10.14-17.17.40:210][  0]LogPakFile: OnPakFileMounted2Time == 0.000046
[2021.10.14-17.17.40:267][  0]LogPakFile: PakFile PrimaryIndexSize=182
[2021.10.14-17.17.40:267][  0]LogPakFile: PakFile PathHashIndexSize=101
[2021.10.14-17.17.40:267][  0]LogPakFile: PakFile FullDirectoryIndexSize=138
[2021.10.14-17.17.40:267][  0]LogShaderLibrary: Display: ShaderCodeLibraryPakFileMountedCallback: PakFile 'e:/Program Files/Epic Games/UE_4.27/FeaturePacks/TP_Flying.upack' (chunk index -1, root 'root:/') mounted
[2021.10.14-17.17.40:267][  0]LogShaderLibrary: Display: ShaderCodeLibraryPakFileMountedCallback: pending pak file info (ChunkID:-1 Root:root:/ File:e:/Program Files/Epic Games/UE_4.27/FeaturePacks/TP_Flying.upack)
[2021.10.14-17.17.40:267][  0]LogPakFile: OnPakFileMounted2Time == 0.000048
[2021.10.14-17.17.40:336][  0]LogPakFile: PakFile PrimaryIndexSize=184
[2021.10.14-17.17.40:336][  0]LogPakFile: PakFile PathHashIndexSize=101
[2021.10.14-17.17.40:336][  0]LogPakFile: PakFile FullDirectoryIndexSize=142
[2021.10.14-17.17.40:336][  0]LogShaderLibrary: Display: ShaderCodeLibraryPakFileMountedCallback: PakFile 'e:/Program Files/Epic Games/UE_4.27/FeaturePacks/TP_FlyingBP.upack' (chunk index -1, root 'root:/') mounted
[2021.10.14-17.17.40:336][  0]LogShaderLibrary: Display: ShaderCodeLibraryPakFileMountedCallback: pending pak file info (ChunkID:-1 Root:root:/ File:e:/Program Files/Epic Games/UE_4.27/FeaturePacks/TP_FlyingBP.upack)
[2021.10.14-17.17.40:336][  0]LogPakFile: OnPakFileMounted2Time == 0.000047
[2021.10.14-17.17.40:376][  0]LogPakFile: PakFile PrimaryIndexSize=188
[2021.10.14-17.17.40:376][  0]LogPakFile: PakFile PathHashIndexSize=101
[2021.10.14-17.17.40:376][  0]LogPakFile: PakFile FullDirectoryIndexSize=150
[2021.10.14-17.17.40:376][  0]LogShaderLibrary: Display: ShaderCodeLibraryPakFileMountedCallback: PakFile 'e:/Program Files/Epic Games/UE_4.27/FeaturePacks/TP_HandheldARBP.upack' (chunk index -1, root 'root:/') mounted
[2021.10.14-17.17.40:376][  0]LogShaderLibrary: Display: ShaderCodeLibraryPakFileMountedCallback: pending pak file info (ChunkID:-1 Root:root:/ File:e:/Program Files/Epic Games/UE_4.27/FeaturePacks/TP_HandheldARBP.upack)
[2021.10.14-17.17.40:376][  0]LogPakFile: OnPakFileMounted2Time == 0.000044
[2021.10.14-17.17.40:516][  0]LogPakFile: PakFile PrimaryIndexSize=182
[2021.10.14-17.17.40:517][  0]LogPakFile: PakFile PathHashIndexSize=101
[2021.10.14-17.17.40:517][  0]LogPakFile: PakFile FullDirectoryIndexSize=138
[2021.10.14-17.17.40:517][  0]LogShaderLibrary: Display: ShaderCodeLibraryPakFileMountedCallback: PakFile 'e:/Program Files/Epic Games/UE_4.27/FeaturePacks/TP_Puzzle.upack' (chunk index -1, root 'root:/') mounted
[2021.10.14-17.17.40:517][  0]LogShaderLibrary: Display: ShaderCodeLibraryPakFileMountedCallback: pending pak file info (ChunkID:-1 Root:root:/ File:e:/Program Files/Epic Games/UE_4.27/FeaturePacks/TP_Puzzle.upack)
[2021.10.14-17.17.40:517][  0]LogPakFile: OnPakFileMounted2Time == 0.000048
[2021.10.14-17.17.40:536][  0]LogPakFile: PakFile PrimaryIndexSize=184
[2021.10.14-17.17.40:536][  0]LogPakFile: PakFile PathHashIndexSize=101
[2021.10.14-17.17.40:536][  0]LogPakFile: PakFile FullDirectoryIndexSize=142
[2021.10.14-17.17.40:536][  0]LogShaderLibrary: Display: ShaderCodeLibraryPakFileMountedCallback: PakFile 'e:/Program Files/Epic Games/UE_4.27/FeaturePacks/TP_PuzzleBP.upack' (chunk index -1, root 'root:/') mounted
[2021.10.14-17.17.40:536][  0]LogShaderLibrary: Display: ShaderCodeLibraryPakFileMountedCallback: pending pak file info (ChunkID:-1 Root:root:/ File:e:/Program Files/Epic Games/UE_4.27/FeaturePacks/TP_PuzzleBP.upack)
[2021.10.14-17.17.40:536][  0]LogPakFile: OnPakFileMounted2Time == 0.000050
[2021.10.14-17.17.40:539][  0]LogPakFile: PakFile PrimaryIndexSize=183
[2021.10.14-17.17.40:539][  0]LogPakFile: PakFile PathHashIndexSize=101
[2021.10.14-17.17.40:539][  0]LogPakFile: PakFile FullDirectoryIndexSize=140
[2021.10.14-17.17.40:539][  0]LogShaderLibrary: Display: ShaderCodeLibraryPakFileMountedCallback: PakFile 'e:/Program Files/Epic Games/UE_4.27/FeaturePacks/TP_Rolling.upack' (chunk index -1, root 'root:/') mounted
[2021.10.14-17.17.40:539][  0]LogShaderLibrary: Display: ShaderCodeLibraryPakFileMountedCallback: pending pak file info (ChunkID:-1 Root:root:/ File:e:/Program Files/Epic Games/UE_4.27/FeaturePacks/TP_Rolling.upack)
[2021.10.14-17.17.40:539][  0]LogPakFile: OnPakFileMounted2Time == 0.000048
[2021.10.14-17.17.40:557][  0]LogPakFile: PakFile PrimaryIndexSize=185
[2021.10.14-17.17.40:557][  0]LogPakFile: PakFile PathHashIndexSize=101
[2021.10.14-17.17.40:557][  0]LogPakFile: PakFile FullDirectoryIndexSize=144
[2021.10.14-17.17.40:557][  0]LogShaderLibrary: Display: ShaderCodeLibraryPakFileMountedCallback: PakFile 'e:/Program Files/Epic Games/UE_4.27/FeaturePacks/TP_RollingBP.upack' (chunk index -1, root 'root:/') mounted
[2021.10.14-17.17.40:557][  0]LogShaderLibrary: Display: ShaderCodeLibraryPakFileMountedCallback: pending pak file info (ChunkID:-1 Root:root:/ File:e:/Program Files/Epic Games/UE_4.27/FeaturePacks/TP_RollingBP.upack)
[2021.10.14-17.17.40:557][  0]LogPakFile: OnPakFileMounted2Time == 0.000050
[2021.10.14-17.17.40:564][  0]LogPakFile: PakFile PrimaryIndexSize=188
[2021.10.14-17.17.40:564][  0]LogPakFile: PakFile PathHashIndexSize=101
[2021.10.14-17.17.40:564][  0]LogPakFile: PakFile FullDirectoryIndexSize=150
[2021.10.14-17.17.40:564][  0]LogShaderLibrary: Display: ShaderCodeLibraryPakFileMountedCallback: PakFile 'e:/Program Files/Epic Games/UE_4.27/FeaturePacks/TP_SideScroller.upack' (chunk index -1, root 'root:/') mounted
[2021.10.14-17.17.40:564][  0]LogShaderLibrary: Display: ShaderCodeLibraryPakFileMountedCallback: pending pak file info (ChunkID:-1 Root:root:/ File:e:/Program Files/Epic Games/UE_4.27/FeaturePacks/TP_SideScroller.upack)
[2021.10.14-17.17.40:564][  0]LogPakFile: OnPakFileMounted2Time == 0.000047
[2021.10.14-17.17.40:580][  0]LogPakFile: PakFile PrimaryIndexSize=190
[2021.10.14-17.17.40:580][  0]LogPakFile: PakFile PathHashIndexSize=101
[2021.10.14-17.17.40:580][  0]LogPakFile: PakFile FullDirectoryIndexSize=154
[2021.10.14-17.17.40:580][  0]LogShaderLibrary: Display: ShaderCodeLibraryPakFileMountedCallback: PakFile 'e:/Program Files/Epic Games/UE_4.27/FeaturePacks/TP_SideScrollerBP.upack' (chunk index -1, root 'root:/') mounted
[2021.10.14-17.17.40:580][  0]LogShaderLibrary: Display: ShaderCodeLibraryPakFileMountedCallback: pending pak file info (ChunkID:-1 Root:root:/ File:e:/Program Files/Epic Games/UE_4.27/FeaturePacks/TP_SideScrollerBP.upack)
[2021.10.14-17.17.40:580][  0]LogPakFile: OnPakFileMounted2Time == 0.000052
[2021.10.14-17.17.40:595][  0]LogPakFile: PakFile PrimaryIndexSize=187
[2021.10.14-17.17.40:595][  0]LogPakFile: PakFile PathHashIndexSize=101
[2021.10.14-17.17.40:595][  0]LogPakFile: PakFile FullDirectoryIndexSize=148
[2021.10.14-17.17.40:595][  0]LogShaderLibrary: Display: ShaderCodeLibraryPakFileMountedCallback: PakFile 'e:/Program Files/Epic Games/UE_4.27/FeaturePacks/TP_ThirdPerson.upack' (chunk index -1, root 'root:/') mounted
[2021.10.14-17.17.40:595][  0]LogShaderLibrary: Display: ShaderCodeLibraryPakFileMountedCallback: pending pak file info (ChunkID:-1 Root:root:/ File:e:/Program Files/Epic Games/UE_4.27/FeaturePacks/TP_ThirdPerson.upack)
[2021.10.14-17.17.40:595][  0]LogPakFile: OnPakFileMounted2Time == 0.000047
[2021.10.14-17.17.40:601][  0]LogPakFile: PakFile PrimaryIndexSize=189
[2021.10.14-17.17.40:601][  0]LogPakFile: PakFile PathHashIndexSize=101
[2021.10.14-17.17.40:601][  0]LogPakFile: PakFile FullDirectoryIndexSize=152
[2021.10.14-17.17.40:601][  0]LogShaderLibrary: Display: ShaderCodeLibraryPakFileMountedCallback: PakFile 'e:/Program Files/Epic Games/UE_4.27/FeaturePacks/TP_ThirdPersonBP.upack' (chunk index -1, root 'root:/') mounted
[2021.10.14-17.17.40:601][  0]LogShaderLibrary: Display: ShaderCodeLibraryPakFileMountedCallback: pending pak file info (ChunkID:-1 Root:root:/ File:e:/Program Files/Epic Games/UE_4.27/FeaturePacks/TP_ThirdPersonBP.upack)
[2021.10.14-17.17.40:601][  0]LogPakFile: OnPakFileMounted2Time == 0.000064
[2021.10.14-17.17.40:608][  0]LogPakFile: PakFile PrimaryIndexSize=183
[2021.10.14-17.17.40:608][  0]LogPakFile: PakFile PathHashIndexSize=101
[2021.10.14-17.17.40:608][  0]LogPakFile: PakFile FullDirectoryIndexSize=140
[2021.10.14-17.17.40:608][  0]LogShaderLibrary: Display: ShaderCodeLibraryPakFileMountedCallback: PakFile 'e:/Program Files/Epic Games/UE_4.27/FeaturePacks/TP_TopDown.upack' (chunk index -1, root 'root:/') mounted
[2021.10.14-17.17.40:608][  0]LogShaderLibrary: Display: ShaderCodeLibraryPakFileMountedCallback: pending pak file info (ChunkID:-1 Root:root:/ File:e:/Program Files/Epic Games/UE_4.27/FeaturePacks/TP_TopDown.upack)
[2021.10.14-17.17.40:608][  0]LogPakFile: OnPakFileMounted2Time == 0.000052
[2021.10.14-17.17.40:613][  0]LogPakFile: PakFile PrimaryIndexSize=185
[2021.10.14-17.17.40:613][  0]LogPakFile: PakFile PathHashIndexSize=101
[2021.10.14-17.17.40:613][  0]LogPakFile: PakFile FullDirectoryIndexSize=144
[2021.10.14-17.17.40:613][  0]LogShaderLibrary: Display: ShaderCodeLibraryPakFileMountedCallback: PakFile 'e:/Program Files/Epic Games/UE_4.27/FeaturePacks/TP_TopDownBP.upack' (chunk index -1, root 'root:/') mounted
[2021.10.14-17.17.40:613][  0]LogShaderLibrary: Display: ShaderCodeLibraryPakFileMountedCallback: pending pak file info (ChunkID:-1 Root:root:/ File:e:/Program Files/Epic Games/UE_4.27/FeaturePacks/TP_TopDownBP.upack)
[2021.10.14-17.17.40:613][  0]LogPakFile: OnPakFileMounted2Time == 0.000050
[2021.10.14-17.17.40:623][  0]LogPakFile: PakFile PrimaryIndexSize=185
[2021.10.14-17.17.40:623][  0]LogPakFile: PakFile PathHashIndexSize=101
[2021.10.14-17.17.40:623][  0]LogPakFile: PakFile FullDirectoryIndexSize=144
[2021.10.14-17.17.40:623][  0]LogShaderLibrary: Display: ShaderCodeLibraryPakFileMountedCallback: PakFile 'e:/Program Files/Epic Games/UE_4.27/FeaturePacks/TP_TwinStick.upack' (chunk index -1, root 'root:/') mounted
[2021.10.14-17.17.40:624][  0]LogShaderLibrary: Display: ShaderCodeLibraryPakFileMountedCallback: pending pak file info (ChunkID:-1 Root:root:/ File:e:/Program Files/Epic Games/UE_4.27/FeaturePacks/TP_TwinStick.upack)
[2021.10.14-17.17.40:624][  0]LogPakFile: OnPakFileMounted2Time == 0.000058
[2021.10.14-17.17.40:641][  0]LogPakFile: PakFile PrimaryIndexSize=187
[2021.10.14-17.17.40:641][  0]LogPakFile: PakFile PathHashIndexSize=101
[2021.10.14-17.17.40:641][  0]LogPakFile: PakFile FullDirectoryIndexSize=148
[2021.10.14-17.17.40:641][  0]LogShaderLibrary: Display: ShaderCodeLibraryPakFileMountedCallback: PakFile 'e:/Program Files/Epic Games/UE_4.27/FeaturePacks/TP_TwinStickBP.upack' (chunk index -1, root 'root:/') mounted
[2021.10.14-17.17.40:641][  0]LogShaderLibrary: Display: ShaderCodeLibraryPakFileMountedCallback: pending pak file info (ChunkID:-1 Root:root:/ File:e:/Program Files/Epic Games/UE_4.27/FeaturePacks/TP_TwinStickBP.upack)
[2021.10.14-17.17.40:641][  0]LogPakFile: OnPakFileMounted2Time == 0.000047
[2021.10.14-17.17.40:668][  0]LogPakFile: PakFile PrimaryIndexSize=183
[2021.10.14-17.17.40:668][  0]LogPakFile: PakFile PathHashIndexSize=101
[2021.10.14-17.17.40:668][  0]LogPakFile: PakFile FullDirectoryIndexSize=140
[2021.10.14-17.17.40:668][  0]LogShaderLibrary: Display: ShaderCodeLibraryPakFileMountedCallback: PakFile 'e:/Program Files/Epic Games/UE_4.27/FeaturePacks/TP_Vehicle.upack' (chunk index -1, root 'root:/') mounted
[2021.10.14-17.17.40:668][  0]LogShaderLibrary: Display: ShaderCodeLibraryPakFileMountedCallback: pending pak file info (ChunkID:-1 Root:root:/ File:e:/Program Files/Epic Games/UE_4.27/FeaturePacks/TP_Vehicle.upack)
[2021.10.14-17.17.40:668][  0]LogPakFile: OnPakFileMounted2Time == 0.000070
[2021.10.14-17.17.40:680][  0]LogPakFile: PakFile PrimaryIndexSize=186
[2021.10.14-17.17.40:680][  0]LogPakFile: PakFile PathHashIndexSize=101
[2021.10.14-17.17.40:680][  0]LogPakFile: PakFile FullDirectoryIndexSize=146
[2021.10.14-17.17.40:680][  0]LogShaderLibrary: Display: ShaderCodeLibraryPakFileMountedCallback: PakFile 'e:/Program Files/Epic Games/UE_4.27/FeaturePacks/TP_VehicleAdv.upack' (chunk index -1, root 'root:/') mounted
[2021.10.14-17.17.40:680][  0]LogShaderLibrary: Display: ShaderCodeLibraryPakFileMountedCallback: pending pak file info (ChunkID:-1 Root:root:/ File:e:/Program Files/Epic Games/UE_4.27/FeaturePacks/TP_VehicleAdv.upack)
[2021.10.14-17.17.40:680][  0]LogPakFile: OnPakFileMounted2Time == 0.000048
[2021.10.14-17.17.40:687][  0]LogPakFile: PakFile PrimaryIndexSize=188
[2021.10.14-17.17.40:687][  0]LogPakFile: PakFile PathHashIndexSize=101
[2021.10.14-17.17.40:687][  0]LogPakFile: PakFile FullDirectoryIndexSize=150
[2021.10.14-17.17.40:687][  0]LogShaderLibrary: Display: ShaderCodeLibraryPakFileMountedCallback: PakFile 'e:/Program Files/Epic Games/UE_4.27/FeaturePacks/TP_VehicleAdvBP.upack' (chunk index -1, root 'root:/') mounted
[2021.10.14-17.17.40:687][  0]LogShaderLibrary: Display: ShaderCodeLibraryPakFileMountedCallback: pending pak file info (ChunkID:-1 Root:root:/ File:e:/Program Files/Epic Games/UE_4.27/FeaturePacks/TP_VehicleAdvBP.upack)
[2021.10.14-17.17.40:687][  0]LogPakFile: OnPakFileMounted2Time == 0.000057
[2021.10.14-17.17.40:694][  0]LogPakFile: PakFile PrimaryIndexSize=185
[2021.10.14-17.17.40:694][  0]LogPakFile: PakFile PathHashIndexSize=101
[2021.10.14-17.17.40:694][  0]LogPakFile: PakFile FullDirectoryIndexSize=144
[2021.10.14-17.17.40:694][  0]LogShaderLibrary: Display: ShaderCodeLibraryPakFileMountedCallback: PakFile 'e:/Program Files/Epic Games/UE_4.27/FeaturePacks/TP_VehicleBP.upack' (chunk index -1, root 'root:/') mounted
[2021.10.14-17.17.40:694][  0]LogShaderLibrary: Display: ShaderCodeLibraryPakFileMountedCallback: pending pak file info (ChunkID:-1 Root:root:/ File:e:/Program Files/Epic Games/UE_4.27/FeaturePacks/TP_VehicleBP.upack)
[2021.10.14-17.17.40:694][  0]LogPakFile: OnPakFileMounted2Time == 0.000051
[2021.10.14-17.17.40:700][  0]LogPakFile: PakFile PrimaryIndexSize=192
[2021.10.14-17.17.40:700][  0]LogPakFile: PakFile PathHashIndexSize=101
[2021.10.14-17.17.40:700][  0]LogPakFile: PakFile FullDirectoryIndexSize=158
[2021.10.14-17.17.40:700][  0]LogShaderLibrary: Display: ShaderCodeLibraryPakFileMountedCallback: PakFile 'e:/Program Files/Epic Games/UE_4.27/FeaturePacks/TP_VirtualRealityBP.upack' (chunk index -1, root 'root:/') mounted
[2021.10.14-17.17.40:700][  0]LogShaderLibrary: Display: ShaderCodeLibraryPakFileMountedCallback: pending pak file info (ChunkID:-1 Root:root:/ File:e:/Program Files/Epic Games/UE_4.27/FeaturePacks/TP_VirtualRealityBP.upack)
[2021.10.14-17.17.40:700][  0]LogPakFile: OnPakFileMounted2Time == 0.000047
