Log file open, 09/30/21 10:59:06
LogWindows: Failed to load 'aqProf.dll' (GetLastError=126)
LogWindows: File 'aqProf.dll' does not exist
LogWindows: Failed to load 'VtuneApi.dll' (GetLastError=126)
LogWindows: File 'VtuneApi.dll' does not exist
LogWindows: Failed to load 'VtuneApi32e.dll' (GetLastError=126)
LogWindows: File 'VtuneApi32e.dll' does not exist
LogConsoleResponse: Display: Failed to find resolution value strings in scalability ini. Falling back to default.
LogConsoleResponse: Display: Failed to find resolution value strings in scalability ini. Falling back to default.
LogInit: Display: Running engine for game: HW_Yakovlev_A
LogPlatformFile: Not using cached read wrapper
LogTaskGraph: Started task graph with 5 named threads and 14 total threads with 3 sets of task threads.
LogStats: Stats thread started at 0.337979
LogICUInternationalization: ICU TimeZone Detection - Raw Offset: +3:00, Platform Override: ''
LogInit: Display: Loading text-based GConfig....
LogPluginManager: Mounting plugin MeshPainting
LogPluginManager: Mounting plugin XGEController
LogPluginManager: Mounting plugin Paper2D
LogPluginManager: Mounting plugin LiveLink
LogPluginManager: Mounting plugin AISupport
LogPluginManager: Mounting plugin EnvironmentQueryEditor
LogPluginManager: Mounting plugin LightPropagationVolume
LogPluginManager: Mounting plugin OodleData
LogPluginManager: Mounting plugin OodleNetwork
LogPluginManager: Mounting plugin GameplayCameras
LogPluginManager: Mounting plugin CameraShakePreviewer
LogPluginManager: Mounting plugin AnimationSharing
LogPluginManager: Mounting plugin AssetManagerEditor
LogPluginManager: Mounting plugin CryptoKeys
LogPluginManager: Mounting plugin CurveEditorTools
LogPluginManager: Mounting plugin DataValidation
LogPluginManager: Mounting plugin CLionSourceCodeAccess
LogPluginManager: Mounting plugin CodeLiteSourceCodeAccess
LogPluginManager: Mounting plugin GitSourceControl
LogPluginManager: Mounting plugin KDevelopSourceCodeAccess
LogPluginManager: Mounting plugin NullSourceCodeAccess
LogPluginManager: Mounting plugin FacialAnimation
LogPluginManager: Mounting plugin PerforceSourceControl
LogPluginManager: Mounting plugin GameplayTagsEditor
LogPluginManager: Mounting plugin PixWinPlugin
LogPluginManager: Mounting plugin PlasticSourceControl
LogPluginManager: Mounting plugin GeometryMode
LogPluginManager: Mounting plugin PluginUtils
LogPluginManager: Mounting plugin MacGraphicsSwitching
LogPluginManager: Mounting plugin PropertyAccessNode
LogPluginManager: Mounting plugin RiderSourceCodeAccess
LogPluginManager: Mounting plugin SubversionSourceControl
LogPluginManager: Mounting plugin TextureFormatOodle
LogPluginManager: Mounting plugin UObjectPlugin
LogPluginManager: Mounting plugin MaterialAnalyzer
LogPluginManager: Mounting plugin VisualStudioSourceCodeAccess
LogPluginManager: Mounting plugin VisualStudioCodeSourceCodeAccess
LogPluginManager: Mounting plugin XCodeSourceCodeAccess
LogPluginManager: Mounting plugin MobileLauncherProfileWizard
LogPluginManager: Mounting plugin PluginBrowser
LogPluginManager: Mounting plugin SpeedTreeImporter
LogPluginManager: Mounting plugin DatasmithContent
LogPluginManager: Mounting plugin VariantManagerContent
LogPluginManager: Mounting plugin AlembicImporter
LogPluginManager: Mounting plugin AutomationUtils
LogPluginManager: Mounting plugin BackChannel
LogPluginManager: Mounting plugin ChaosCloth
LogPluginManager: Mounting plugin ChaosClothEditor
LogPluginManager: Mounting plugin ChaosEditor
LogPluginManager: Mounting plugin ChaosNiagara
LogPluginManager: Mounting plugin ChaosSolverPlugin
LogPluginManager: Mounting plugin CharacterAI
LogPluginManager: Mounting plugin Niagara
LogPluginManager: Mounting plugin GeometryCache
LogPluginManager: Mounting plugin GeometryCollectionPlugin
LogPluginManager: Mounting plugin GeometryProcessing
LogPluginManager: Mounting plugin MotoSynth
LogPluginManager: Mounting plugin OpenImageDenoise
LogPluginManager: Mounting plugin LuminPlatformFeatures
LogPluginManager: Mounting plugin MagicLeap
LogPluginManager: Mounting plugin PlanarCut
LogPluginManager: Mounting plugin PlatformCrypto
LogPluginManager: Mounting plugin ProxyLODPlugin
LogPluginManager: Mounting plugin PythonScriptPlugin
LogPluginManager: Mounting plugin MagicLeapLightEstimation
LogPluginManager: Mounting plugin MagicLeapMedia
LogPluginManager: Mounting plugin SkeletalReduction
LogPluginManager: Mounting plugin MagicLeapPassableWorld
LogPluginManager: Mounting plugin MLSDK
LogPluginManager: Mounting plugin AndroidMedia
LogPluginManager: Mounting plugin AvfMedia
LogPluginManager: Mounting plugin ImgMedia
LogPluginManager: Mounting plugin MediaCompositing
LogPluginManager: Mounting plugin MediaPlayerEditor
LogPluginManager: Mounting plugin WebMMedia
LogPluginManager: Mounting plugin WmfMedia
LogPluginManager: Mounting plugin TcpMessaging
LogPluginManager: Mounting plugin UdpMessaging
LogPluginManager: Mounting plugin ActorSequence
LogPluginManager: Mounting plugin LevelSequenceEditor
LogPluginManager: Mounting plugin MatineeToLevelSequence
LogPluginManager: Mounting plugin TemplateSequence
LogPluginManager: Mounting plugin OnlineSubsystem
LogPluginManager: Mounting plugin OnlineSubsystemNull
LogPluginManager: Mounting plugin OnlineSubsystemUtils
LogPluginManager: Mounting plugin ActorLayerUtilities
LogPluginManager: Mounting plugin LauncherChunkInstaller
LogPluginManager: Mounting plugin AndroidDeviceProfileSelector
LogPluginManager: Mounting plugin AndroidMoviePlayer
LogPluginManager: Mounting plugin AndroidPermission
LogPluginManager: Mounting plugin AppleImageUtils
LogPluginManager: Mounting plugin AppleMoviePlayer
LogPluginManager: Mounting plugin ArchVisCharacter
LogPluginManager: Mounting plugin AssetTags
LogPluginManager: Mounting plugin AudioCapture
LogPluginManager: Mounting plugin AudioSynesthesia
LogPluginManager: Mounting plugin CableComponent
LogPluginManager: Mounting plugin ChunkDownloader
LogPluginManager: Mounting plugin CustomMeshComponent
LogPluginManager: Mounting plugin EditableMesh
LogPluginManager: Mounting plugin ExampleDeviceProfileSelector
LogPluginManager: Mounting plugin GoogleCloudMessaging
LogPluginManager: Mounting plugin GooglePAD
LogPluginManager: Mounting plugin IOSDeviceProfileSelector
LogPluginManager: Mounting plugin LinuxDeviceProfileSelector
LogPluginManager: Mounting plugin LocationServicesBPLibrary
LogPluginManager: Mounting plugin MobilePatchingUtils
LogPluginManager: Mounting plugin OpenXR
LogPluginManager: Mounting plugin OpenXREyeTracker
LogPluginManager: Mounting plugin OpenXRHandTracking
LogPluginManager: Mounting plugin PhysXVehicles
LogPluginManager: Mounting plugin PostSplashScreen
LogPluginManager: Mounting plugin ProceduralMeshComponent
LogPluginManager: Mounting plugin PropertyAccessEditor
LogPluginManager: Mounting plugin RuntimePhysXCooking
LogPluginManager: Mounting plugin SignificanceManager
LogPluginManager: Mounting plugin SoundFields
LogPluginManager: Mounting plugin Synthesis
LogPluginManager: Mounting plugin WebMMoviePlayer
LogPluginManager: Mounting plugin WindowsMoviePlayer
LogPluginManager: Mounting plugin ScreenshotTools
LogPluginManager: Mounting plugin Takes
LogPluginManager: Mounting plugin ContentBrowserAssetDataSource
LogPluginManager: Mounting plugin ContentBrowserClassDataSource
LogPluginManager: Mounting plugin ContentBrowserFileDataSource
LogPluginManager: Mounting plugin OnlineSubsystemGooglePlay
LogPluginManager: Mounting plugin OnlineSubsystemIOS
LogPluginManager: Mounting plugin OculusVR
LogPluginManager: Mounting plugin SteamVR
PixWinPlugin: PIX capture plugin failed to initialize! Check that the process is launched from PIX.
LogInit: Using libcurl 7.55.1-DEV
LogInit:  - built for x86_64-pc-win32
LogInit:  - supports SSL with OpenSSL/1.1.1
LogInit:  - supports HTTP deflate (compression) using libz 1.2.8
LogInit:  - other features:
LogInit:      CURL_VERSION_SSL
LogInit:      CURL_VERSION_LIBZ
LogInit:      CURL_VERSION_IPV6
LogInit:      CURL_VERSION_ASYNCHDNS
LogInit:      CURL_VERSION_LARGEFILE
LogInit:      CURL_VERSION_IDN
LogInit:  CurlRequestOptions (configurable via config and command line):
LogInit:  - bVerifyPeer = true  - Libcurl will verify peer certificate
LogInit:  - bUseHttpProxy = false  - Libcurl will NOT use HTTP proxy
LogInit:  - bDontReuseConnections = false  - Libcurl will reuse connections
LogInit:  - MaxHostConnections = 16  - Libcurl will limit the number of connections to a host
LogInit:  - LocalHostAddr = Default
LogInit:  - BufferSize = 65536
LogOnline: OSS: Creating online subsystem instance for: NULL
LogInit: WinSock: version 1.1 (2.2), MaxSocks=32767, MaxUdp=65467
LogOnline: OSS: TryLoadSubsystemAndSetDefault: Loaded subsystem for module [NULL]
LogOculusPluginWrapper: OculusPlugin initialized successfully
LogHMD: Failed initializing OVRPlugin 1.59.0
LogInit: Build: ++UE4+Release-4.27-CL-17155196
LogInit: Engine Version: 4.27.0-17155196+++UE4+Release-4.27
LogInit: Compatible Engine Version: 4.27.0-17155196+++UE4+Release-4.27
LogInit: Net CL: 17155196
LogInit: OS: Windows 10 (Release 2009) (), CPU: Intel(R) Core(TM) i5-7400 CPU @ 3.00GHz, GPU: NVIDIA GeForce GTX 1660 Ti
LogInit: Compiled (64-bit): Aug 13 2021 06:13:13
LogInit: Compiled with Visual C++: 19.24.28315.00
LogInit: Build Configuration: Development
LogInit: Branch Name: ++UE4+Release-4.27
LogInit: Command Line: 
LogInit: Base Directory: e:/Program Files/Epic Games/UE_4.27/Engine/Binaries/Win64/
LogInit: Allocator: TBB
LogInit: Installed Engine Build: 1
LogDevObjectVersion: Number of dev versions registered: 29
LogDevObjectVersion:   Dev-Blueprints (B0D832E4-1F89-4F0D-ACCF-7EB736FD4AA2): 10
LogDevObjectVersion:   Dev-Build (E1C64328-A22C-4D53-A36C-8E866417BD8C): 0
LogDevObjectVersion:   Dev-Core (375EC13C-06E4-48FB-B500-84F0262A717E): 4
LogDevObjectVersion:   Dev-Editor (E4B068ED-F494-42E9-A231-DA0B2E46BB41): 40
LogDevObjectVersion:   Dev-Framework (CFFC743F-43B0-4480-9391-14DF171D2073): 37
LogDevObjectVersion:   Dev-Mobile (B02B49B5-BB20-44E9-A304-32B752E40360): 3
LogDevObjectVersion:   Dev-Networking (A4E4105C-59A1-49B5-A7C5-40C4547EDFEE): 0
LogDevObjectVersion:   Dev-Online (39C831C9-5AE6-47DC-9A44-9C173E1C8E7C): 0
LogDevObjectVersion:   Dev-Physics (78F01B33-EBEA-4F98-B9B4-84EACCB95AA2): 14
LogDevObjectVersion:   Dev-Platform (6631380F-2D4D-43E0-8009-CF276956A95A): 0
LogDevObjectVersion:   Dev-Rendering (12F88B9F-8875-4AFC-A67C-D90C383ABD29): 45
LogDevObjectVersion:   Dev-Sequencer (7B5AE74C-D270-4C10-A958-57980B212A5A): 13
LogDevObjectVersion:   Dev-VR (D7296918-1DD6-4BDD-9DE2-64A83CC13884): 3
LogDevObjectVersion:   Dev-LoadTimes (C2A15278-BFE7-4AFE-6C17-90FF531DF755): 1
LogDevObjectVersion:   Private-Geometry (6EACA3D4-40EC-4CC1-B786-8BED09428FC5): 3
LogDevObjectVersion:   Dev-AnimPhys (29E575DD-E0A3-4627-9D10-D276232CDCEA): 17
LogDevObjectVersion:   Dev-Anim (AF43A65D-7FD3-4947-9873-3E8ED9C1BB05): 15
LogDevObjectVersion:   Dev-ReflectionCapture (6B266CEC-1EC7-4B8F-A30B-E4D90942FC07): 1
LogDevObjectVersion:   Dev-Automation (0DF73D61-A23F-47EA-B727-89E90C41499A): 1
LogDevObjectVersion:   FortniteMain (601D1886-AC64-4F84-AA16-D3DE0DEAC7D6): 47
LogDevObjectVersion:   FortniteRelease (E7086368-6B23-4C58-8439-1B7016265E91): 1
LogDevObjectVersion:   Dev-Enterprise (9DFFBCD6-494F-0158-E221-12823C92A888): 10
LogDevObjectVersion:   Dev-Niagara (F2AED0AC-9AFE-416F-8664-AA7FFA26D6FC): 1
LogDevObjectVersion:   Dev-Destruction (174F1F0B-B4C6-45A5-B13F-2EE8D0FB917D): 10
LogDevObjectVersion:   Dev-Physics-Ext (35F94A83-E258-406C-A318-09F59610247C): 41
LogDevObjectVersion:   Dev-PhysicsMaterial-Chaos (B68FC16E-8B1B-42E2-B453-215C058844FE): 1
LogDevObjectVersion:   Dev-CineCamera (B2E18506-4273-CFC2-A54E-F4BB758BBA07): 1
LogDevObjectVersion:   Dev-VirtualProduction (64F58936-FD1B-42BA-BA96-7289D5D0FA4E): 1
LogDevObjectVersion:   Dev-MediaFramework (6F0ED827-A609-4895-9C91-998D90180EA4): 2
LogInit: Presizing for max 25165824 objects, including 0 objects not considered by GC, pre-allocating 0 bytes for permanent pool.
LogConfig: Applying CVar settings from Section [/Script/Engine.StreamingSettings] File [F:/AnkouDW/Unreal Projects/HW_Yakovlev_A/HW_Yakovlev_A 4.27 - 2/Saved/Config/Windows/Engine.ini]
LogConfig: Setting CVar [[s.MinBulkDataSizeForAsyncLoading:131072]]
LogConfig: Setting CVar [[s.AsyncLoadingThreadEnabled:0]]
LogConfig: Setting CVar [[s.EventDrivenLoaderEnabled:1]]
LogConfig: Setting CVar [[s.WarnIfTimeLimitExceeded:0]]
LogConfig: Setting CVar [[s.TimeLimitExceededMultiplier:1.5]]
LogConfig: Setting CVar [[s.TimeLimitExceededMinTime:0.005]]
LogConfig: Setting CVar [[s.UseBackgroundLevelStreaming:1]]
LogConfig: Setting CVar [[s.PriorityAsyncLoadingExtraTime:15.0]]
LogConfig: Setting CVar [[s.LevelStreamingActorsUpdateTimeLimit:5.0]]
LogConfig: Setting CVar [[s.PriorityLevelStreamingActorsUpdateExtraTime:5.0]]
LogConfig: Setting CVar [[s.LevelStreamingComponentsRegistrationGranularity:10]]
LogConfig: Setting CVar [[s.UnregisterComponentsTimeLimit:1.0]]
LogConfig: Setting CVar [[s.LevelStreamingComponentsUnregistrationGranularity:5]]
LogConfig: Setting CVar [[s.FlushStreamingOnExit:1]]
LogInit: Object subsystem initialized
LogConfig: Setting CVar [[con.DebugEarlyDefault:1]]
LogConfig: Setting CVar [[r.setres:1280x720]]
[2021.09.30-07.59.08:865][  0]LogConfig: Setting CVar [[r.VSync:0]]
[2021.09.30-07.59.08:865][  0]LogConfig: Setting CVar [[r.RHICmdBypass:0]]
[2021.09.30-07.59.08:865][  0]LogConfig: Applying CVar settings from Section [/Script/Engine.RendererSettings] File [F:/AnkouDW/Unreal Projects/HW_Yakovlev_A/HW_Yakovlev_A 4.27 - 2/Saved/Config/Windows/Engine.ini]
[2021.09.30-07.59.08:865][  0]LogConfig: Setting CVar [[r.GPUCrashDebugging:0]]
[2021.09.30-07.59.08:865][  0]LogConfig: Applying CVar settings from Section [/Script/Engine.RendererOverrideSettings] File [F:/AnkouDW/Unreal Projects/HW_Yakovlev_A/HW_Yakovlev_A 4.27 - 2/Saved/Config/Windows/Engine.ini]
[2021.09.30-07.59.08:865][  0]LogConfig: Applying CVar settings from Section [/Script/Engine.StreamingSettings] File [F:/AnkouDW/Unreal Projects/HW_Yakovlev_A/HW_Yakovlev_A 4.27 - 2/Saved/Config/Windows/Engine.ini]
[2021.09.30-07.59.08:866][  0]LogConfig: Setting CVar [[s.MinBulkDataSizeForAsyncLoading:131072]]
[2021.09.30-07.59.08:866][  0]LogConfig: Setting CVar [[s.AsyncLoadingThreadEnabled:0]]
[2021.09.30-07.59.08:866][  0]LogConfig: Setting CVar [[s.EventDrivenLoaderEnabled:1]]
[2021.09.30-07.59.08:866][  0]LogConfig: Setting CVar [[s.WarnIfTimeLimitExceeded:0]]
[2021.09.30-07.59.08:866][  0]LogConfig: Setting CVar [[s.TimeLimitExceededMultiplier:1.5]]
[2021.09.30-07.59.08:866][  0]LogConfig: Setting CVar [[s.TimeLimitExceededMinTime:0.005]]
[2021.09.30-07.59.08:866][  0]LogConfig: Setting CVar [[s.UseBackgroundLevelStreaming:1]]
[2021.09.30-07.59.08:866][  0]LogConfig: Setting CVar [[s.PriorityAsyncLoadingExtraTime:15.0]]
[2021.09.30-07.59.08:866][  0]LogConfig: Setting CVar [[s.LevelStreamingActorsUpdateTimeLimit:5.0]]
[2021.09.30-07.59.08:866][  0]LogConfig: Setting CVar [[s.PriorityLevelStreamingActorsUpdateExtraTime:5.0]]
[2021.09.30-07.59.08:866][  0]LogConfig: Setting CVar [[s.LevelStreamingComponentsRegistrationGranularity:10]]
[2021.09.30-07.59.08:866][  0]LogConfig: Setting CVar [[s.UnregisterComponentsTimeLimit:1.0]]
[2021.09.30-07.59.08:866][  0]LogConfig: Setting CVar [[s.LevelStreamingComponentsUnregistrationGranularity:5]]
[2021.09.30-07.59.08:866][  0]LogConfig: Setting CVar [[s.FlushStreamingOnExit:1]]
[2021.09.30-07.59.08:866][  0]LogConfig: Applying CVar settings from Section [/Script/Engine.GarbageCollectionSettings] File [F:/AnkouDW/Unreal Projects/HW_Yakovlev_A/HW_Yakovlev_A 4.27 - 2/Saved/Config/Windows/Engine.ini]
[2021.09.30-07.59.08:866][  0]LogConfig: Setting CVar [[gc.MaxObjectsNotConsideredByGC:1]]
[2021.09.30-07.59.08:866][  0]LogConfig: Setting CVar [[gc.SizeOfPermanentObjectPool:0]]
[2021.09.30-07.59.08:866][  0]LogConfig: Setting CVar [[gc.FlushStreamingOnGC:0]]
[2021.09.30-07.59.08:866][  0]LogConfig: Setting CVar [[gc.NumRetriesBeforeForcingGC:10]]
[2021.09.30-07.59.08:866][  0]LogConfig: Setting CVar [[gc.AllowParallelGC:1]]
[2021.09.30-07.59.08:866][  0]LogConfig: Setting CVar [[gc.TimeBetweenPurgingPendingKillObjects:61.1]]
[2021.09.30-07.59.08:866][  0]LogConfig: Setting CVar [[gc.MaxObjectsInEditor:25165824]]
[2021.09.30-07.59.08:866][  0]LogConfig: Setting CVar [[gc.IncrementalBeginDestroyEnabled:1]]
[2021.09.30-07.59.08:866][  0]LogConfig: Setting CVar [[gc.CreateGCClusters:1]]
[2021.09.30-07.59.08:866][  0]LogConfig: Setting CVar [[gc.MinGCClusterSize:5]]
[2021.09.30-07.59.08:866][  0]LogConfig: Setting CVar [[gc.ActorClusteringEnabled:0]]
[2021.09.30-07.59.08:866][  0]LogConfig: Setting CVar [[gc.BlueprintClusteringEnabled:0]]
[2021.09.30-07.59.08:866][  0]LogConfig: Setting CVar [[gc.UseDisregardForGCOnDedicatedServers:0]]
[2021.09.30-07.59.08:866][  0]LogConfig: Setting CVar [[gc.MultithreadedDestructionEnabled:1]]
[2021.09.30-07.59.08:866][  0]LogConfig: Applying CVar settings from Section [/Script/Engine.NetworkSettings] File [F:/AnkouDW/Unreal Projects/HW_Yakovlev_A/HW_Yakovlev_A 4.27 - 2/Saved/Config/Windows/Engine.ini]
[2021.09.30-07.59.08:866][  0]LogConfig: Applying CVar settings from Section [/Script/UnrealEd.CookerSettings] File [F:/AnkouDW/Unreal Projects/HW_Yakovlev_A/HW_Yakovlev_A 4.27 - 2/Saved/Config/Windows/Engine.ini]
[2021.09.30-07.59.08:876][  0]LogConfig: Applying CVar settings from Section [ViewDistanceQuality@3] File [F:/AnkouDW/Unreal Projects/HW_Yakovlev_A/HW_Yakovlev_A 4.27 - 2/Saved/Config/Windows/Scalability.ini]
[2021.09.30-07.59.08:877][  0]LogConfig: Setting CVar [[r.SkeletalMeshLODBias:0]]
[2021.09.30-07.59.08:877][  0]LogConfig: Setting CVar [[r.ViewDistanceScale:1.0]]
[2021.09.30-07.59.08:877][  0]LogConfig: Applying CVar settings from Section [AntiAliasingQuality@3] File [F:/AnkouDW/Unreal Projects/HW_Yakovlev_A/HW_Yakovlev_A 4.27 - 2/Saved/Config/Windows/Scalability.ini]
[2021.09.30-07.59.08:877][  0]LogConfig: Setting CVar [[r.PostProcessAAQuality:4]]
[2021.09.30-07.59.08:877][  0]LogConfig: Applying CVar settings from Section [ShadowQuality@3] File [F:/AnkouDW/Unreal Projects/HW_Yakovlev_A/HW_Yakovlev_A 4.27 - 2/Saved/Config/Windows/Scalability.ini]
[2021.09.30-07.59.08:877][  0]LogConfig: Setting CVar [[r.LightFunctionQuality:1]]
[2021.09.30-07.59.08:877][  0]LogConfig: Setting CVar [[r.ShadowQuality:5]]
[2021.09.30-07.59.08:877][  0]LogConfig: Setting CVar [[r.Shadow.CSM.MaxCascades:10]]
[2021.09.30-07.59.08:877][  0]LogConfig: Setting CVar [[r.Shadow.MaxResolution:2048]]
[2021.09.30-07.59.08:877][  0]LogConfig: Setting CVar [[r.Shadow.MaxCSMResolution:2048]]
[2021.09.30-07.59.08:877][  0]LogConfig: Setting CVar [[r.Shadow.RadiusThreshold:0.01]]
[2021.09.30-07.59.08:877][  0]LogConfig: Setting CVar [[r.Shadow.DistanceScale:1.0]]
[2021.09.30-07.59.08:877][  0]LogConfig: Setting CVar [[r.Shadow.CSM.TransitionScale:1.0]]
[2021.09.30-07.59.08:877][  0]LogConfig: Setting CVar [[r.Shadow.PreShadowResolutionFactor:1.0]]
[2021.09.30-07.59.08:877][  0]LogConfig: Setting CVar [[r.DistanceFieldShadowing:1]]
[2021.09.30-07.59.08:877][  0]LogConfig: Setting CVar [[r.DistanceFieldAO:1]]
[2021.09.30-07.59.08:877][  0]LogConfig: Setting CVar [[r.AOQuality:2]]
[2021.09.30-07.59.08:877][  0]LogConfig: Setting CVar [[r.VolumetricFog:1]]
[2021.09.30-07.59.08:877][  0]LogConfig: Setting CVar [[r.VolumetricFog.GridPixelSize:8]]
[2021.09.30-07.59.08:877][  0]LogConfig: Setting CVar [[r.VolumetricFog.GridSizeZ:128]]
[2021.09.30-07.59.08:877][  0]LogConfig: Setting CVar [[r.VolumetricFog.HistoryMissSupersampleCount:4]]
[2021.09.30-07.59.08:877][  0]LogConfig: Setting CVar [[r.LightMaxDrawDistanceScale:1]]
[2021.09.30-07.59.08:877][  0]LogConfig: Setting CVar [[r.CapsuleShadows:1]]
[2021.09.30-07.59.08:877][  0]LogConfig: Applying CVar settings from Section [PostProcessQuality@3] File [F:/AnkouDW/Unreal Projects/HW_Yakovlev_A/HW_Yakovlev_A 4.27 - 2/Saved/Config/Windows/Scalability.ini]
[2021.09.30-07.59.08:877][  0]LogConfig: Setting CVar [[r.MotionBlurQuality:4]]
[2021.09.30-07.59.08:877][  0]LogConfig: Setting CVar [[r.AmbientOcclusionMipLevelFactor:0.4]]
[2021.09.30-07.59.08:877][  0]LogConfig: Setting CVar [[r.AmbientOcclusionMaxQuality:100]]
[2021.09.30-07.59.08:877][  0]LogConfig: Setting CVar [[r.AmbientOcclusionLevels:-1]]
[2021.09.30-07.59.08:877][  0]LogConfig: Setting CVar [[r.AmbientOcclusionRadiusScale:1.0]]
[2021.09.30-07.59.08:877][  0]LogConfig: Setting CVar [[r.DepthOfFieldQuality:2]]
[2021.09.30-07.59.08:877][  0]LogConfig: Setting CVar [[r.RenderTargetPoolMin:400]]
[2021.09.30-07.59.08:877][  0]LogConfig: Setting CVar [[r.LensFlareQuality:2]]
[2021.09.30-07.59.08:877][  0]LogConfig: Setting CVar [[r.SceneColorFringeQuality:1]]
[2021.09.30-07.59.08:877][  0]LogConfig: Setting CVar [[r.EyeAdaptationQuality:2]]
[2021.09.30-07.59.08:877][  0]LogConfig: Setting CVar [[r.BloomQuality:5]]
[2021.09.30-07.59.08:877][  0]LogConfig: Setting CVar [[r.FastBlurThreshold:100]]
[2021.09.30-07.59.08:877][  0]LogConfig: Setting CVar [[r.Upscale.Quality:3]]
[2021.09.30-07.59.08:877][  0]LogConfig: Setting CVar [[r.Tonemapper.GrainQuantization:1]]
[2021.09.30-07.59.08:877][  0]LogConfig: Setting CVar [[r.LightShaftQuality:1]]
[2021.09.30-07.59.08:877][  0]LogConfig: Setting CVar [[r.Filter.SizeScale:1]]
[2021.09.30-07.59.08:877][  0]LogConfig: Setting CVar [[r.Tonemapper.Quality:5]]
[2021.09.30-07.59.08:877][  0]LogConfig: Setting CVar [[r.DOF.Gather.AccumulatorQuality:1        ; higher gathering accumulator quality]]
[2021.09.30-07.59.08:877][  0]LogConfig: Setting CVar [[r.DOF.Gather.PostfilterMethod:1          ; Median3x3 postfilering method]]
[2021.09.30-07.59.08:877][  0]LogConfig: Setting CVar [[r.DOF.Gather.EnableBokehSettings:0       ; no bokeh simulation when gathering]]
[2021.09.30-07.59.08:877][  0]LogConfig: Setting CVar [[r.DOF.Gather.RingCount:4                 ; medium number of samples when gathering]]
[2021.09.30-07.59.08:877][  0]LogConfig: Setting CVar [[r.DOF.Scatter.ForegroundCompositing:1    ; additive foreground scattering]]
[2021.09.30-07.59.08:877][  0]LogConfig: Setting CVar [[r.DOF.Scatter.BackgroundCompositing:2    ; additive background scattering]]
[2021.09.30-07.59.08:877][  0]LogConfig: Setting CVar [[r.DOF.Scatter.EnableBokehSettings:1      ; bokeh simulation when scattering]]
[2021.09.30-07.59.08:877][  0]LogConfig: Setting CVar [[r.DOF.Scatter.MaxSpriteRatio:0.1         ; only a maximum of 10% of scattered bokeh]]
[2021.09.30-07.59.08:877][  0]LogConfig: Setting CVar [[r.DOF.Recombine.Quality:1                ; cheap slight out of focus]]
[2021.09.30-07.59.08:877][  0]LogConfig: Setting CVar [[r.DOF.Recombine.EnableBokehSettings:0    ; no bokeh simulation on slight out of focus]]
[2021.09.30-07.59.08:877][  0]LogConfig: Setting CVar [[r.DOF.TemporalAAQuality:1                ; more stable temporal accumulation]]
[2021.09.30-07.59.08:877][  0]LogConfig: Setting CVar [[r.DOF.Kernel.MaxForegroundRadius:0.025]]
[2021.09.30-07.59.08:877][  0]LogConfig: Setting CVar [[r.DOF.Kernel.MaxBackgroundRadius:0.025]]
[2021.09.30-07.59.08:877][  0]LogConfig: Applying CVar settings from Section [TextureQuality@3] File [F:/AnkouDW/Unreal Projects/HW_Yakovlev_A/HW_Yakovlev_A 4.27 - 2/Saved/Config/Windows/Scalability.ini]
[2021.09.30-07.59.08:877][  0]LogConfig: Setting CVar [[r.Streaming.MipBias:0]]
[2021.09.30-07.59.08:877][  0]LogConfig: Setting CVar [[r.Streaming.AmortizeCPUToGPUCopy:0]]
[2021.09.30-07.59.08:877][  0]LogConfig: Setting CVar [[r.Streaming.MaxNumTexturesToStreamPerFrame:0]]
[2021.09.30-07.59.08:877][  0]LogConfig: Setting CVar [[r.Streaming.Boost:1]]
[2021.09.30-07.59.08:877][  0]LogConfig: Setting CVar [[r.MaxAnisotropy:8]]
[2021.09.30-07.59.08:877][  0]LogConfig: Setting CVar [[r.VT.MaxAnisotropy:8]]
[2021.09.30-07.59.08:877][  0]LogConfig: Setting CVar [[r.Streaming.LimitPoolSizeToVRAM:0]]
[2021.09.30-07.59.08:877][  0]LogConfig: Setting CVar [[r.Streaming.PoolSize:1000]]
[2021.09.30-07.59.08:878][  0]LogConfig: Setting CVar [[r.Streaming.MaxEffectiveScreenSize:0]]
[2021.09.30-07.59.08:878][  0]LogConfig: Applying CVar settings from Section [EffectsQuality@3] File [F:/AnkouDW/Unreal Projects/HW_Yakovlev_A/HW_Yakovlev_A 4.27 - 2/Saved/Config/Windows/Scalability.ini]
[2021.09.30-07.59.08:878][  0]LogConfig: Setting CVar [[r.TranslucencyLightingVolumeDim:64]]
[2021.09.30-07.59.08:878][  0]LogConfig: Setting CVar [[r.RefractionQuality:2]]
[2021.09.30-07.59.08:878][  0]LogConfig: Setting CVar [[r.SSR.Quality:3]]
[2021.09.30-07.59.08:878][  0]LogConfig: Setting CVar [[r.SSR.HalfResSceneColor:0]]
[2021.09.30-07.59.08:878][  0]LogConfig: Setting CVar [[r.SceneColorFormat:4]]
[2021.09.30-07.59.08:878][  0]LogConfig: Setting CVar [[r.DetailMode:2]]
[2021.09.30-07.59.08:878][  0]LogConfig: Setting CVar [[r.TranslucencyVolumeBlur:1]]
[2021.09.30-07.59.08:878][  0]LogConfig: Setting CVar [[r.MaterialQualityLevel:1 ; High quality]]
[2021.09.30-07.59.08:878][  0]LogConfig: Setting CVar [[r.AnisotropicMaterials:1]]
[2021.09.30-07.59.08:878][  0]LogConfig: Setting CVar [[r.SSS.Scale:1]]
[2021.09.30-07.59.08:878][  0]LogConfig: Setting CVar [[r.SSS.SampleSet:2]]
[2021.09.30-07.59.08:878][  0]LogConfig: Setting CVar [[r.SSS.Quality:1]]
[2021.09.30-07.59.08:878][  0]LogConfig: Setting CVar [[r.SSS.HalfRes:0]]
[2021.09.30-07.59.08:878][  0]LogConfig: Setting CVar [[r.SSGI.Quality:3]]
[2021.09.30-07.59.08:878][  0]LogConfig: Setting CVar [[r.EmitterSpawnRateScale:1.0]]
[2021.09.30-07.59.08:878][  0]LogConfig: Setting CVar [[r.ParticleLightQuality:2]]
[2021.09.30-07.59.08:878][  0]LogConfig: Setting CVar [[r.SkyAtmosphere.AerialPerspectiveLUT.FastApplyOnOpaque:1 ; Always have FastSkyLUT 1 in this case to avoid wrong sky]]
[2021.09.30-07.59.08:878][  0]LogConfig: Setting CVar [[r.SkyAtmosphere.AerialPerspectiveLUT.SampleCountMaxPerSlice:4]]
[2021.09.30-07.59.08:878][  0]LogConfig: Setting CVar [[r.SkyAtmosphere.AerialPerspectiveLUT.DepthResolution:16.0]]
[2021.09.30-07.59.08:878][  0]LogConfig: Setting CVar [[r.SkyAtmosphere.FastSkyLUT:1]]
[2021.09.30-07.59.08:878][  0]LogConfig: Setting CVar [[r.SkyAtmosphere.FastSkyLUT.SampleCountMin:4.0]]
[2021.09.30-07.59.08:878][  0]LogConfig: Setting CVar [[r.SkyAtmosphere.FastSkyLUT.SampleCountMax:128.0]]
[2021.09.30-07.59.08:878][  0]LogConfig: Setting CVar [[r.SkyAtmosphere.SampleCountMin:4.0]]
[2021.09.30-07.59.08:878][  0]LogConfig: Setting CVar [[r.SkyAtmosphere.SampleCountMax:128.0]]
[2021.09.30-07.59.08:878][  0]LogConfig: Setting CVar [[r.SkyAtmosphere.TransmittanceLUT.UseSmallFormat:0]]
[2021.09.30-07.59.08:878][  0]LogConfig: Setting CVar [[r.SkyAtmosphere.TransmittanceLUT.SampleCount:10.0]]
[2021.09.30-07.59.08:878][  0]LogConfig: Setting CVar [[r.SkyAtmosphere.MultiScatteringLUT.SampleCount:15.0]]
[2021.09.30-07.59.08:878][  0]LogConfig: Setting CVar [[r.SkyLight.RealTimeReflectionCapture:1]]
[2021.09.30-07.59.08:878][  0]LogConfig: Applying CVar settings from Section [FoliageQuality@3] File [F:/AnkouDW/Unreal Projects/HW_Yakovlev_A/HW_Yakovlev_A 4.27 - 2/Saved/Config/Windows/Scalability.ini]
[2021.09.30-07.59.08:878][  0]LogConfig: Setting CVar [[foliage.DensityScale:1.0]]
[2021.09.30-07.59.08:878][  0]LogConfig: Setting CVar [[grass.DensityScale:1.0]]
[2021.09.30-07.59.08:878][  0]LogConfig: Applying CVar settings from Section [ShadingQuality@3] File [F:/AnkouDW/Unreal Projects/HW_Yakovlev_A/HW_Yakovlev_A 4.27 - 2/Saved/Config/Windows/Scalability.ini]
[2021.09.30-07.59.08:878][  0]LogConfig: Setting CVar [[r.HairStrands.SkyLighting.IntegrationType:2]]
[2021.09.30-07.59.08:878][  0]LogConfig: Setting CVar [[r.HairStrands.SkyAO.SampleCount:4]]
[2021.09.30-07.59.08:878][  0]LogConfig: Setting CVar [[r.HairStrands.Visibility.MSAA.SamplePerPixel:4]]
[2021.09.30-07.59.08:878][  0]LogInit: Selected Device Profile: [Windows]
[2021.09.30-07.59.08:878][  0]LogInit: Applying CVar settings loaded from the selected device profile: [Windows]
[2021.09.30-07.59.08:878][  0]LogHAL: Display: Platform has ~ 8 GB [8544997376 / 8589934592 / 8], which maps to Default [LargestMinGB=32, LargerMinGB=12, DefaultMinGB=8, SmallerMinGB=6, SmallestMinGB=0)
[2021.09.30-07.59.08:878][  0]LogInit: Going up to parent DeviceProfile []
[2021.09.30-07.59.08:878][  0]LogConfig: Applying CVar settings from Section [ViewDistanceQuality@3] File [F:/AnkouDW/Unreal Projects/HW_Yakovlev_A/HW_Yakovlev_A 4.27 - 2/Saved/Config/Windows/Scalability.ini]
[2021.09.30-07.59.08:878][  0]LogConfig: Setting CVar [[r.SkeletalMeshLODBias:0]]
[2021.09.30-07.59.08:878][  0]LogConfig: Setting CVar [[r.ViewDistanceScale:1.0]]
[2021.09.30-07.59.08:878][  0]LogConfig: Applying CVar settings from Section [AntiAliasingQuality@3] File [F:/AnkouDW/Unreal Projects/HW_Yakovlev_A/HW_Yakovlev_A 4.27 - 2/Saved/Config/Windows/Scalability.ini]
[2021.09.30-07.59.08:878][  0]LogConfig: Setting CVar [[r.PostProcessAAQuality:4]]
[2021.09.30-07.59.08:878][  0]LogConfig: Applying CVar settings from Section [ShadowQuality@3] File [F:/AnkouDW/Unreal Projects/HW_Yakovlev_A/HW_Yakovlev_A 4.27 - 2/Saved/Config/Windows/Scalability.ini]
[2021.09.30-07.59.08:878][  0]LogConfig: Setting CVar [[r.LightFunctionQuality:1]]
[2021.09.30-07.59.08:878][  0]LogConfig: Setting CVar [[r.ShadowQuality:5]]
[2021.09.30-07.59.08:878][  0]LogConfig: Setting CVar [[r.Shadow.CSM.MaxCascades:10]]
[2021.09.30-07.59.08:878][  0]LogConfig: Setting CVar [[r.Shadow.MaxResolution:2048]]
[2021.09.30-07.59.08:878][  0]LogConfig: Setting CVar [[r.Shadow.MaxCSMResolution:2048]]
[2021.09.30-07.59.08:878][  0]LogConfig: Setting CVar [[r.Shadow.RadiusThreshold:0.01]]
[2021.09.30-07.59.08:879][  0]LogConfig: Setting CVar [[r.Shadow.DistanceScale:1.0]]
[2021.09.30-07.59.08:879][  0]LogConfig: Setting CVar [[r.Shadow.CSM.TransitionScale:1.0]]
[2021.09.30-07.59.08:879][  0]LogConfig: Setting CVar [[r.Shadow.PreShadowResolutionFactor:1.0]]
[2021.09.30-07.59.08:879][  0]LogConfig: Setting CVar [[r.DistanceFieldShadowing:1]]
[2021.09.30-07.59.08:879][  0]LogConfig: Setting CVar [[r.DistanceFieldAO:1]]
[2021.09.30-07.59.08:879][  0]LogConfig: Setting CVar [[r.AOQuality:2]]
[2021.09.30-07.59.08:879][  0]LogConfig: Setting CVar [[r.VolumetricFog:1]]
[2021.09.30-07.59.08:879][  0]LogConfig: Setting CVar [[r.VolumetricFog.GridPixelSize:8]]
[2021.09.30-07.59.08:879][  0]LogConfig: Setting CVar [[r.VolumetricFog.GridSizeZ:128]]
[2021.09.30-07.59.08:879][  0]LogConfig: Setting CVar [[r.VolumetricFog.HistoryMissSupersampleCount:4]]
[2021.09.30-07.59.08:879][  0]LogConfig: Setting CVar [[r.LightMaxDrawDistanceScale:1]]
[2021.09.30-07.59.08:879][  0]LogConfig: Setting CVar [[r.CapsuleShadows:1]]
[2021.09.30-07.59.08:879][  0]LogConfig: Applying CVar settings from Section [PostProcessQuality@3] File [F:/AnkouDW/Unreal Projects/HW_Yakovlev_A/HW_Yakovlev_A 4.27 - 2/Saved/Config/Windows/Scalability.ini]
[2021.09.30-07.59.08:879][  0]LogConfig: Setting CVar [[r.MotionBlurQuality:4]]
[2021.09.30-07.59.08:879][  0]LogConfig: Setting CVar [[r.AmbientOcclusionMipLevelFactor:0.4]]
[2021.09.30-07.59.08:879][  0]LogConfig: Setting CVar [[r.AmbientOcclusionMaxQuality:100]]
[2021.09.30-07.59.08:879][  0]LogConfig: Setting CVar [[r.AmbientOcclusionLevels:-1]]
[2021.09.30-07.59.08:879][  0]LogConfig: Setting CVar [[r.AmbientOcclusionRadiusScale:1.0]]
[2021.09.30-07.59.08:879][  0]LogConfig: Setting CVar [[r.DepthOfFieldQuality:2]]
[2021.09.30-07.59.08:879][  0]LogConfig: Setting CVar [[r.RenderTargetPoolMin:400]]
[2021.09.30-07.59.08:879][  0]LogConfig: Setting CVar [[r.LensFlareQuality:2]]
[2021.09.30-07.59.08:879][  0]LogConfig: Setting CVar [[r.SceneColorFringeQuality:1]]
[2021.09.30-07.59.08:879][  0]LogConfig: Setting CVar [[r.EyeAdaptationQuality:2]]
[2021.09.30-07.59.08:879][  0]LogConfig: Setting CVar [[r.BloomQuality:5]]
[2021.09.30-07.59.08:879][  0]LogConfig: Setting CVar [[r.FastBlurThreshold:100]]
[2021.09.30-07.59.08:879][  0]LogConfig: Setting CVar [[r.Upscale.Quality:3]]
[2021.09.30-07.59.08:879][  0]LogConfig: Setting CVar [[r.Tonemapper.GrainQuantization:1]]
[2021.09.30-07.59.08:879][  0]LogConfig: Setting CVar [[r.LightShaftQuality:1]]
[2021.09.30-07.59.08:879][  0]LogConfig: Setting CVar [[r.Filter.SizeScale:1]]
[2021.09.30-07.59.08:879][  0]LogConfig: Setting CVar [[r.Tonemapper.Quality:5]]
[2021.09.30-07.59.08:879][  0]LogConfig: Setting CVar [[r.DOF.Gather.AccumulatorQuality:1        ; higher gathering accumulator quality]]
[2021.09.30-07.59.08:879][  0]LogConfig: Setting CVar [[r.DOF.Gather.PostfilterMethod:1          ; Median3x3 postfilering method]]
[2021.09.30-07.59.08:879][  0]LogConfig: Setting CVar [[r.DOF.Gather.EnableBokehSettings:0       ; no bokeh simulation when gathering]]
[2021.09.30-07.59.08:879][  0]LogConfig: Setting CVar [[r.DOF.Gather.RingCount:4                 ; medium number of samples when gathering]]
[2021.09.30-07.59.08:879][  0]LogConfig: Setting CVar [[r.DOF.Scatter.ForegroundCompositing:1    ; additive foreground scattering]]
[2021.09.30-07.59.08:879][  0]LogConfig: Setting CVar [[r.DOF.Scatter.BackgroundCompositing:2    ; additive background scattering]]
[2021.09.30-07.59.08:879][  0]LogConfig: Setting CVar [[r.DOF.Scatter.EnableBokehSettings:1      ; bokeh simulation when scattering]]
[2021.09.30-07.59.08:879][  0]LogConfig: Setting CVar [[r.DOF.Scatter.MaxSpriteRatio:0.1         ; only a maximum of 10% of scattered bokeh]]
[2021.09.30-07.59.08:879][  0]LogConfig: Setting CVar [[r.DOF.Recombine.Quality:1                ; cheap slight out of focus]]
[2021.09.30-07.59.08:879][  0]LogConfig: Setting CVar [[r.DOF.Recombine.EnableBokehSettings:0    ; no bokeh simulation on slight out of focus]]
[2021.09.30-07.59.08:879][  0]LogConfig: Setting CVar [[r.DOF.TemporalAAQuality:1                ; more stable temporal accumulation]]
[2021.09.30-07.59.08:879][  0]LogConfig: Setting CVar [[r.DOF.Kernel.MaxForegroundRadius:0.025]]
[2021.09.30-07.59.08:880][  0]LogConfig: Setting CVar [[r.DOF.Kernel.MaxBackgroundRadius:0.025]]
[2021.09.30-07.59.08:880][  0]LogConfig: Applying CVar settings from Section [TextureQuality@3] File [F:/AnkouDW/Unreal Projects/HW_Yakovlev_A/HW_Yakovlev_A 4.27 - 2/Saved/Config/Windows/Scalability.ini]
[2021.09.30-07.59.08:880][  0]LogConfig: Setting CVar [[r.Streaming.MipBias:0]]
[2021.09.30-07.59.08:880][  0]LogConfig: Setting CVar [[r.Streaming.AmortizeCPUToGPUCopy:0]]
[2021.09.30-07.59.08:880][  0]LogConfig: Setting CVar [[r.Streaming.MaxNumTexturesToStreamPerFrame:0]]
[2021.09.30-07.59.08:880][  0]LogConfig: Setting CVar [[r.Streaming.Boost:1]]
[2021.09.30-07.59.08:880][  0]LogConfig: Setting CVar [[r.MaxAnisotropy:8]]
[2021.09.30-07.59.08:880][  0]LogConfig: Setting CVar [[r.VT.MaxAnisotropy:8]]
[2021.09.30-07.59.08:880][  0]LogConfig: Setting CVar [[r.Streaming.LimitPoolSizeToVRAM:0]]
[2021.09.30-07.59.08:880][  0]LogConfig: Setting CVar [[r.Streaming.PoolSize:1000]]
[2021.09.30-07.59.08:880][  0]LogConfig: Setting CVar [[r.Streaming.MaxEffectiveScreenSize:0]]
[2021.09.30-07.59.08:880][  0]LogConfig: Applying CVar settings from Section [EffectsQuality@3] File [F:/AnkouDW/Unreal Projects/HW_Yakovlev_A/HW_Yakovlev_A 4.27 - 2/Saved/Config/Windows/Scalability.ini]
[2021.09.30-07.59.08:880][  0]LogConfig: Setting CVar [[r.TranslucencyLightingVolumeDim:64]]
[2021.09.30-07.59.08:880][  0]LogConfig: Setting CVar [[r.RefractionQuality:2]]
[2021.09.30-07.59.08:880][  0]LogConfig: Setting CVar [[r.SSR.Quality:3]]
[2021.09.30-07.59.08:880][  0]LogConfig: Setting CVar [[r.SSR.HalfResSceneColor:0]]
[2021.09.30-07.59.08:880][  0]LogConfig: Setting CVar [[r.SceneColorFormat:4]]
[2021.09.30-07.59.08:880][  0]LogConfig: Setting CVar [[r.DetailMode:2]]
[2021.09.30-07.59.08:880][  0]LogConfig: Setting CVar [[r.TranslucencyVolumeBlur:1]]
[2021.09.30-07.59.08:880][  0]LogConfig: Setting CVar [[r.MaterialQualityLevel:1 ; High quality]]
[2021.09.30-07.59.08:880][  0]LogConfig: Setting CVar [[r.AnisotropicMaterials:1]]
[2021.09.30-07.59.08:880][  0]LogConfig: Setting CVar [[r.SSS.Scale:1]]
[2021.09.30-07.59.08:880][  0]LogConfig: Setting CVar [[r.SSS.SampleSet:2]]
[2021.09.30-07.59.08:880][  0]LogConfig: Setting CVar [[r.SSS.Quality:1]]
[2021.09.30-07.59.08:880][  0]LogConfig: Setting CVar [[r.SSS.HalfRes:0]]
[2021.09.30-07.59.08:880][  0]LogConfig: Setting CVar [[r.SSGI.Quality:3]]
[2021.09.30-07.59.08:880][  0]LogConfig: Setting CVar [[r.EmitterSpawnRateScale:1.0]]
[2021.09.30-07.59.08:880][  0]LogConfig: Setting CVar [[r.ParticleLightQuality:2]]
[2021.09.30-07.59.08:880][  0]LogConfig: Setting CVar [[r.SkyAtmosphere.AerialPerspectiveLUT.FastApplyOnOpaque:1 ; Always have FastSkyLUT 1 in this case to avoid wrong sky]]
[2021.09.30-07.59.08:880][  0]LogConfig: Setting CVar [[r.SkyAtmosphere.AerialPerspectiveLUT.SampleCountMaxPerSlice:4]]
[2021.09.30-07.59.08:880][  0]LogConfig: Setting CVar [[r.SkyAtmosphere.AerialPerspectiveLUT.DepthResolution:16.0]]
[2021.09.30-07.59.08:880][  0]LogConfig: Setting CVar [[r.SkyAtmosphere.FastSkyLUT:1]]
[2021.09.30-07.59.08:880][  0]LogConfig: Setting CVar [[r.SkyAtmosphere.FastSkyLUT.SampleCountMin:4.0]]
[2021.09.30-07.59.08:880][  0]LogConfig: Setting CVar [[r.SkyAtmosphere.FastSkyLUT.SampleCountMax:128.0]]
[2021.09.30-07.59.08:880][  0]LogConfig: Setting CVar [[r.SkyAtmosphere.SampleCountMin:4.0]]
[2021.09.30-07.59.08:880][  0]LogConfig: Setting CVar [[r.SkyAtmosphere.SampleCountMax:128.0]]
[2021.09.30-07.59.08:880][  0]LogConfig: Setting CVar [[r.SkyAtmosphere.TransmittanceLUT.UseSmallFormat:0]]
[2021.09.30-07.59.08:880][  0]LogConfig: Setting CVar [[r.SkyAtmosphere.TransmittanceLUT.SampleCount:10.0]]
[2021.09.30-07.59.08:880][  0]LogConfig: Setting CVar [[r.SkyAtmosphere.MultiScatteringLUT.SampleCount:15.0]]
[2021.09.30-07.59.08:880][  0]LogConfig: Setting CVar [[r.SkyLight.RealTimeReflectionCapture:1]]
[2021.09.30-07.59.08:880][  0]LogConfig: Applying CVar settings from Section [FoliageQuality@3] File [F:/AnkouDW/Unreal Projects/HW_Yakovlev_A/HW_Yakovlev_A 4.27 - 2/Saved/Config/Windows/Scalability.ini]
[2021.09.30-07.59.08:880][  0]LogConfig: Setting CVar [[foliage.DensityScale:1.0]]
[2021.09.30-07.59.08:880][  0]LogConfig: Setting CVar [[grass.DensityScale:1.0]]
[2021.09.30-07.59.08:880][  0]LogConfig: Applying CVar settings from Section [ShadingQuality@3] File [F:/AnkouDW/Unreal Projects/HW_Yakovlev_A/HW_Yakovlev_A 4.27 - 2/Saved/Config/Windows/Scalability.ini]
[2021.09.30-07.59.08:880][  0]LogConfig: Setting CVar [[r.HairStrands.SkyLighting.IntegrationType:2]]
[2021.09.30-07.59.08:880][  0]LogConfig: Setting CVar [[r.HairStrands.SkyAO.SampleCount:4]]
[2021.09.30-07.59.08:880][  0]LogConfig: Setting CVar [[r.HairStrands.Visibility.MSAA.SamplePerPixel:4]]
[2021.09.30-07.59.08:880][  0]LogConfig: Applying CVar settings from Section [Startup] File [../../../Engine/Config/ConsoleVariables.ini]
[2021.09.30-07.59.08:916][  0]LogConfig: Setting CVar [[net.UseAdaptiveNetUpdateFrequency:0]]
[2021.09.30-07.59.08:916][  0]LogConfig: Setting CVar [[p.chaos.AllowCreatePhysxBodies:1]]
[2021.09.30-07.59.08:916][  0]LogConfig: Setting CVar [[fx.SkipVectorVMBackendOptimizations:1]]
[2021.09.30-07.59.08:916][  0]LogConfig: Applying CVar settings from Section [ConsoleVariables] File [F:/AnkouDW/Unreal Projects/HW_Yakovlev_A/HW_Yakovlev_A 4.27 - 2/Saved/Config/Windows/Engine.ini]
[2021.09.30-07.59.08:916][  0]LogConfig: Applying CVar settings from Section [ConsoleVariables] File [F:/AnkouDW/Unreal Projects/HW_Yakovlev_A/HW_Yakovlev_A 4.27 - 2/Saved/Config/Windows/Editor.ini]
[2021.09.30-07.59.08:916][  0]LogInit: Computer: ADW
[2021.09.30-07.59.08:916][  0]LogInit: User: AnkouDW
[2021.09.30-07.59.08:916][  0]LogInit: CPU Page size=4096, Cores=4
[2021.09.30-07.59.08:916][  0]LogInit: High frequency timer resolution =10.000000 MHz
[2021.09.30-07.59.08:916][  0]LogMemory: Memory total: Physical=8.0GB (8GB approx)
[2021.09.30-07.59.08:916][  0]LogMemory: Platform Memory Stats for Windows
[2021.09.30-07.59.08:916][  0]LogMemory: Process Physical Memory: 140.02 MB used, 140.02 MB peak
[2021.09.30-07.59.08:916][  0]LogMemory: Process Virtual Memory: 125.18 MB used, 125.18 MB peak
[2021.09.30-07.59.08:916][  0]LogMemory: Physical Memory: 3935.04 MB used,  4214.10 MB free, 8149.14 MB total
[2021.09.30-07.59.08:916][  0]LogMemory: Virtual Memory: 134192392.00 MB used,  25338.16 MB free, 134217728.00 MB total
[2021.09.30-07.59.08:923][  0]LogWindows: WindowsPlatformFeatures enabled
[2021.09.30-07.59.09:183][  0]LogInit: Physics initialised using underlying interface: PhysX
[2021.09.30-07.59.09:216][  0]LogInit: Using OS detected language (ru-RU).
[2021.09.30-07.59.09:216][  0]LogInit: Using OS detected locale (ru-RU).
[2021.09.30-07.59.09:219][  0]LogTextLocalizationManager: No specific localization for 'ru-RU' exists, so the 'ru' localization will be used.
[2021.09.30-07.59.09:219][  0]LogTextLocalizationResource: LocRes '../../../Engine/Content/Localization/Editor/ru/Editor.locres' could not be opened for reading!
[2021.09.30-07.59.09:219][  0]LogTextLocalizationResource: LocRes '../../../Engine/Content/Localization/EditorTutorials/ru/EditorTutorials.locres' could not be opened for reading!
[2021.09.30-07.59.09:219][  0]LogTextLocalizationResource: LocRes '../../../Engine/Content/Localization/Keywords/ru/Keywords.locres' could not be opened for reading!
[2021.09.30-07.59.09:220][  0]LogTextLocalizationResource: LocRes '../../../Engine/Content/Localization/Category/ru/Category.locres' could not be opened for reading!
[2021.09.30-07.59.09:220][  0]LogTextLocalizationResource: LocRes '../../../Engine/Content/Localization/ToolTips/ru/ToolTips.locres' could not be opened for reading!
[2021.09.30-07.59.09:220][  0]LogTextLocalizationResource: LocRes '../../../Engine/Content/Localization/PropertyNames/ru/PropertyNames.locres' could not be opened for reading!
[2021.09.30-07.59.09:220][  0]LogTextLocalizationResource: LocRes '../../../Engine/Content/Localization/Engine/ru/Engine.locres' could not be opened for reading!
[2021.09.30-07.59.09:258][  0]LogInit: Setting process to per monitor DPI aware
[2021.09.30-07.59.09:273][  0]LogWindowsTextInputMethodSystem: Display: IME system deactivated.
[2021.09.30-07.59.09:325][  0]LogSlate: New Slate User Created.  User Index 0, Is Virtual User: 0
[2021.09.30-07.59.09:325][  0]LogSlate: Slate User Registered.  User Index 0, Is Virtual User: 0
[2021.09.30-07.59.10:128][  0]LogD3D11RHI: Loaded GFSDK_Aftermath_Lib.x64.dll
[2021.09.30-07.59.10:133][  0]LogHMD: Failed to initialize OpenVR with code 101
[2021.09.30-07.59.10:133][  0]LogD3D11RHI: D3D11 min allowed feature level: 11_0
[2021.09.30-07.59.10:133][  0]LogD3D11RHI: D3D11 max allowed feature level: 11_0
[2021.09.30-07.59.10:133][  0]LogD3D11RHI: D3D11 adapters:
[2021.09.30-07.59.10:294][  0]LogD3D11RHI:    0. 'NVIDIA GeForce GTX 1660 Ti' (Feature Level 11_0)
[2021.09.30-07.59.10:294][  0]LogD3D11RHI:       5991/0/4074 MB DedicatedVideo/DedicatedSystem/SharedSystem, Outputs:1, VendorId:0x10de
[2021.09.30-07.59.10:302][  0]LogD3D11RHI:    1. 'Microsoft Basic Render Driver' (Feature Level 11_0)
[2021.09.30-07.59.10:302][  0]LogD3D11RHI:       0/0/4074 MB DedicatedVideo/DedicatedSystem/SharedSystem, Outputs:0, VendorId:0x1414
[2021.09.30-07.59.10:302][  0]LogD3D11RHI: Chosen D3D11 Adapter: 0
[2021.09.30-07.59.10:307][  0]LogD3D11RHI: Creating new Direct3DDevice
[2021.09.30-07.59.10:307][  0]LogD3D11RHI:     GPU DeviceId: 0x2182 (for the marketing name, search the web for "GPU Device Id")
[2021.09.30-07.59.10:307][  0]LogWindows: EnumDisplayDevices:
[2021.09.30-07.59.10:307][  0]LogWindows:    0. 'NVIDIA GeForce GTX 1660 Ti' (P:1 D:1)
[2021.09.30-07.59.10:308][  0]LogWindows:    1. 'NVIDIA GeForce GTX 1660 Ti' (P:0 D:0)
[2021.09.30-07.59.10:308][  0]LogWindows:    2. 'NVIDIA GeForce GTX 1660 Ti' (P:0 D:0)
[2021.09.30-07.59.10:309][  0]LogWindows:    3. 'NVIDIA GeForce GTX 1660 Ti' (P:0 D:0)
[2021.09.30-07.59.10:309][  0]LogWindows: DebugString: FoundDriverCount:4 
[2021.09.30-07.59.10:309][  0]LogD3D11RHI:     Adapter Name: NVIDIA GeForce GTX 1660 Ti
[2021.09.30-07.59.10:309][  0]LogD3D11RHI:   Driver Version: 471.96 (internal:30.0.14.7196, unified:471.96)
[2021.09.30-07.59.10:309][  0]LogD3D11RHI:      Driver Date: 8-27-2021
[2021.09.30-07.59.10:309][  0]LogRHI: Texture pool is 4193 MB (70% of 5991 MB)
[2021.09.30-07.59.10:427][  0]LogD3D11RHI: RHI has support for 64 bit atomics
[2021.09.30-07.59.10:428][  0]LogD3D11RHI: Async texture creation enabled
[2021.09.30-07.59.10:428][  0]LogD3D11RHI: Array index from any shader is supported
[2021.09.30-07.59.10:455][  0]LogD3D11RHI: GPU Timing Frequency: 1000.000000 (Debug: 2 1)
[2021.09.30-07.59.10:558][  0]LogRHI: GeForceNow SDK initialized: 1
[2021.09.30-07.59.11:379][  0]LogTargetPlatformManager: Display: Loaded TargetPlatform 'AllDesktop'
[2021.09.30-07.59.11:424][  0]LogTargetPlatformManager: Display: Loaded TargetPlatform 'Android'
[2021.09.30-07.59.11:424][  0]LogTargetPlatformManager: Display: Loaded TargetPlatform 'Android_ASTC'
[2021.09.30-07.59.11:424][  0]LogTargetPlatformManager: Display: Loaded TargetPlatform 'Android_DXT'
[2021.09.30-07.59.11:424][  0]LogTargetPlatformManager: Display: Loaded TargetPlatform 'Android_ETC2'
[2021.09.30-07.59.11:424][  0]LogTargetPlatformManager: Display: Loaded TargetPlatform 'AndroidClient'
[2021.09.30-07.59.11:424][  0]LogTargetPlatformManager: Display: Loaded TargetPlatform 'Android_ASTCClient'
[2021.09.30-07.59.11:424][  0]LogTargetPlatformManager: Display: Loaded TargetPlatform 'Android_DXTClient'
[2021.09.30-07.59.11:424][  0]LogTargetPlatformManager: Display: Loaded TargetPlatform 'Android_ETC2Client'
[2021.09.30-07.59.11:424][  0]LogTargetPlatformManager: Display: Loaded TargetPlatform 'Android_Multi'
[2021.09.30-07.59.11:424][  0]LogTargetPlatformManager: Display: Loaded TargetPlatform 'Android_MultiClient'
[2021.09.30-07.59.11:469][  0]LogTargetPlatformManager: Display: Loaded TargetPlatform 'IOSClient'
[2021.09.30-07.59.11:469][  0]LogTargetPlatformManager: Display: Loaded TargetPlatform 'IOS'
[2021.09.30-07.59.11:501][  0]LogTargetPlatformManager: Display: Loaded TargetPlatform 'Linux'
[2021.09.30-07.59.11:507][  0]LogTargetPlatformManager: Display: Loaded TargetPlatform 'LinuxNoEditor'
[2021.09.30-07.59.11:511][  0]LogTargetPlatformManager: Display: Loaded TargetPlatform 'LinuxClient'
[2021.09.30-07.59.11:516][  0]LogTargetPlatformManager: Display: Loaded TargetPlatform 'LinuxServer'
[2021.09.30-07.59.11:543][  0]LogTargetPlatformManager: Display: Loaded TargetPlatform 'LinuxAArch64NoEditor'
[2021.09.30-07.59.11:548][  0]LogTargetPlatformManager: Display: Loaded TargetPlatform 'LinuxAArch64Client'
[2021.09.30-07.59.11:553][  0]LogTargetPlatformManager: Display: Loaded TargetPlatform 'LinuxAArch64Server'
[2021.09.30-07.59.11:586][  0]LogTargetPlatformManager: Display: Loaded TargetPlatform 'Lumin'
[2021.09.30-07.59.11:586][  0]LogTargetPlatformManager: Display: Loaded TargetPlatform 'LuminClient'
[2021.09.30-07.59.11:597][  0]LogTargetPlatformManager: Display: Loaded TargetPlatform 'MacNoEditor'
[2021.09.30-07.59.11:607][  0]LogTargetPlatformManager: Display: Loaded TargetPlatform 'Mac'
[2021.09.30-07.59.11:623][  0]LogTargetPlatformManager: Display: Loaded TargetPlatform 'MacClient'
[2021.09.30-07.59.11:626][  0]LogTargetPlatformManager: Display: Loaded TargetPlatform 'MacServer'
[2021.09.30-07.59.11:636][  0]LogTargetPlatformManager: Display: Loaded TargetPlatform 'TVOSClient'
[2021.09.30-07.59.11:636][  0]LogTargetPlatformManager: Display: Loaded TargetPlatform 'TVOS'
[2021.09.30-07.59.11:645][  0]LogTargetPlatformManager: Display: Loaded TargetPlatform 'WindowsNoEditor'
[2021.09.30-07.59.11:654][  0]LogTargetPlatformManager: Display: Loaded TargetPlatform 'Windows'
[2021.09.30-07.59.11:659][  0]LogTargetPlatformManager: Display: Loaded TargetPlatform 'WindowsClient'
[2021.09.30-07.59.11:664][  0]LogTargetPlatformManager: Display: Loaded TargetPlatform 'WindowsServer'
[2021.09.30-07.59.11:664][  0]LogTargetPlatformManager: Display: Building Assets For Windows
[2021.09.30-07.59.11:703][  0]LogAudioDebug: Display: Lib vorbis DLL was dynamically loaded.
[2021.09.30-07.59.11:773][  0]LogTextureFormatOodle: Display: Oodle Texture 2.9.0 init RDO Off
[2021.09.30-07.59.11:904][  0]LogRendererCore: Ray tracing is disabled. Reason: r.RayTracing=0.
[2021.09.30-07.59.11:904][  0]LogShaderCompilers: Guid format shader working directory is -15 characters bigger than the processId version (F:/AnkouDW/Unreal Projects/HW_Yakovlev_A/HW_Yakovlev_A 4.27 - 2/Intermediate/Shaders/WorkingDirectory/6724/).
[2021.09.30-07.59.11:904][  0]LogShaderCompilers: Cleaned the shader compiler working directory 'C:/Users/AnkouDW/AppData/Local/Temp/UnrealShaderWorkingDir/6989D68248284FBD782BBDBE7854B2ED/'.
[2021.09.30-07.59.11:904][  0]LogXGEController: Cannot use XGE Controller as Incredibuild is not installed on this machine.
[2021.09.30-07.59.11:904][  0]LogShaderCompilers: Cannot use XGE Shader Compiler as Incredibuild is not installed on this machine.
[2021.09.30-07.59.11:904][  0]LogShaderCompilers: Display: Using Local Shader Compiler.
[2021.09.30-07.59.13:535][  0]LogDerivedDataCache: Display: Max Cache Size: 512 MB
[2021.09.30-07.59.13:778][  0]LogDerivedDataCache: Loaded boot cache 0.24s 95MB C:/Users/AnkouDW/AppData/Local/UnrealEngine/4.27/DerivedDataCache/Boot.ddc.
[2021.09.30-07.59.13:779][  0]LogDerivedDataCache: Display: Loaded Boot cache: C:/Users/AnkouDW/AppData/Local/UnrealEngine/4.27/DerivedDataCache/Boot.ddc
[2021.09.30-07.59.13:779][  0]LogDerivedDataCache: FDerivedDataBackendGraph:  Pak pak cache file F:/AnkouDW/Unreal Projects/HW_Yakovlev_A/HW_Yakovlev_A 4.27 - 2/DerivedDataCache/DDC.ddp not found, will not use a pak cache.
[2021.09.30-07.59.13:779][  0]LogDerivedDataCache: Unable to find inner node Pak for hierarchical cache Hierarchy.
[2021.09.30-07.59.13:779][  0]LogDerivedDataCache: FDerivedDataBackendGraph:  CompressedPak pak cache file F:/AnkouDW/Unreal Projects/HW_Yakovlev_A/HW_Yakovlev_A 4.27 - 2/DerivedDataCache/Compressed.ddp not found, will not use a pak cache.
[2021.09.30-07.59.13:779][  0]LogDerivedDataCache: Unable to find inner node CompressedPak for hierarchical cache Hierarchy.
[2021.09.30-07.59.13:825][  0]LogDerivedDataCache: Display: Pak cache opened for reading ../../../Engine/DerivedDataCache/Compressed.ddp.
[2021.09.30-07.59.13:825][  0]LogDerivedDataCache: FDerivedDataBackendGraph:  EnterprisePak pak cache file ../../../Enterprise/DerivedDataCache/Compressed.ddp not found, will not use a pak cache.
[2021.09.30-07.59.13:825][  0]LogDerivedDataCache: Unable to find inner node EnterprisePak for hierarchical cache Hierarchy.
[2021.09.30-07.59.13:848][  0]LogDerivedDataCache: Speed tests for C:/Users/AnkouDW/AppData/Local/UnrealEngine/Common/DerivedDataCache took 0.02 seconds
[2021.09.30-07.59.13:848][  0]LogDerivedDataCache: Display: Performance to C:/Users/AnkouDW/AppData/Local/UnrealEngine/Common/DerivedDataCache: Latency=0.09ms. RandomReadSpeed=67.53MBs, RandomWriteSpeed=118.22MBs. Assigned SpeedClass 'Local'
[2021.09.30-07.59.13:849][  0]LogDerivedDataCache: Using Local data cache path C:/Users/AnkouDW/AppData/Local/UnrealEngine/Common/DerivedDataCache: Writable
[2021.09.30-07.59.13:849][  0]LogDerivedDataCache: Shared data cache path not found in *engine.ini, will not use an Shared cache.
[2021.09.30-07.59.13:849][  0]LogDerivedDataCache: Unable to find inner node Shared for hierarchical cache Hierarchy.
[2021.09.30-07.59.13:914][  0]LogSlate: Using FreeType 2.10.0
[2021.09.30-07.59.13:915][  0]LogSlate: SlateFontServices - WITH_FREETYPE: 1, WITH_HARFBUZZ: 1
[2021.09.30-07.59.14:031][  0]LogAssetRegistry: FAssetRegistry took 0.0041 seconds to start up
[2021.09.30-07.59.14:444][  0]LogInit: Selected Device Profile: [Windows]
[2021.09.30-07.59.14:444][  0]LogInit: Active device profile: [0000022CDD83E400][0000022CCEE0A0C0 49] Windows
[2021.09.30-07.59.14:445][  0]LogInit: Profiles: [0000022CDD83E400][0000022CCEE0A0C0 49] Windows, [0000022CDD7FA200][0000022CD416A240 49] WindowsNoEditor, [0000022CDD83E700][0000022CD416E3C0 49] WindowsServer, [0000022CDD7FAD00][0000022CD4172540 49] WindowsClient, [0000022CDD83E900][0000022CDD5FA6C0 49] IOS, [0000022CDD7F9F00][0000022CDD5FE840 49] iPadAir, [0000022CDD83E600][0000022CDD6029C0 49] iPadAir2, [0000022CDD7B1B00][0000022CDD60AC80 49] IPadPro, [0000022CDD7B1C00][0000022CDD606CC0 49] iPadAir3, [0000022CDD83D800][0000022CD4166E00 49] iPadAir4, [0000022CDD7B1A00][0000022CDE620F40 49] iPadMini2, [0000022CDD83DF00][0000022CDE625080 49] iPadMini3, [0000022CDD7B3F00][0000022CDE6291C0 49] iPadMini4, [0000022CDD83DC00][0000022CDE631340 49] iPadMini5, [0000022CDD7B5300][0000022CDE639600 49] iPhone6, [0000022CDD7B5400][0000022CDE635640 49] iPodTouch6, [0000022CDD7B0500][0000022CDE641900 49] iPhone7, [0000022CDD7B0400][0000022CDE63D940 49] iPodTouch7, [0000022CDD7B7900][0000022CDE645AC0 49] iPhone5S, [0000022CDD7B1E00][0000022CDE6480C0 49] iPhone6Plus, [0000022CDD7B7600][0000022CDE64C240 49] iPhone6S, [0000022CDD7B1F00][0000022CDE6503C0 49] iPhone6SPlus, [0000022CDD7B7A00][0000022CDE654540 49] iPhone7Plus, [0000022CDD7B2000][0000022CDE6586C0 49] iPhoneSE, [0000022CDD7B7000][0000022CDE65C840 49] iPhone8, [0000022CDD7B2600][0000022CDE6609C0 49] iPhone8Plus, [0000022CDD7B4900][0000022CDE664B40 49] iPhoneX, [0000022CDD7B2B00][0000022CDE668CC0 49] iPhoneXS, [0000022CDD7B5D00][0000022CDE66CE40 49] iPhoneXSMax, [0000022CDD7B3400][0000022CDE62CF80 49] iPhoneXR, [0000022CDD7B7100][0000022CDE6710C0 49] iPhone11, [0000022CDD7B0300][0000022CDE675200 49] iPhone11Pro, [0000022CDD7B7D00][0000022CDE679340 49] iPhone11ProMax, [0000022CDD7B2300][0000022CDE6814C0 49] iPhoneSE2, [0000022CDD7B5A00][0000022CDE685640 49] iPhone12Mini, [0000022CDD7B2D00][0000022CDE6897C0 49] iPhone12, [0000022CDD7B6500][0000022CDE68D940 49] iPhone12Pro, [0000022CDD7B3200][0000022CDE691AC0 49] iPhone12ProMax, [0000022CDD7B7400][0000022CDE6940C0 49] iPadPro105, [0000022CDD7B3900][0000022CDE698240 49] iPadPro129, [0000022CDD7B7F00][0000022CDE69C3C0 49] iPadPro97, [0000022CDD7B0200][0000022CDE6A0540 49] iPadPro2_129, [0000022CDD7B4200][0000022CDE6A46C0 49] iPad5, [0000022CDD7B2F00][0000022CDE6A8840 49] iPad6, [0000022CDD7FAF00][0000022CDE6AC9C0 49] iPad7, [0000022CDD885C00][0000022CDE6B0B40 49] iPad8, [0000022CDD7F8C00][0000022CDE6B4CC0 49] iPadPro11, [0000022CDD884300][0000022CDE6B8E40 49] iPadPro2_11, [0000022CDD7FB700][0000022CDE6BCFC0 49] iPadPro3_129, [0000022CDD884D00][0000022CDE6C1140 49] iPadPro4_129, [0000022CDD7F9600][0000022CDE67D280 49] AppleTV, [0000022CDD884F00][0000022CDE6C53C0 49] AppleTV4K, [0000022CDD7B2C00][0000022CDE6C9500 49] TVOS, [0000022CDD7B5900][0000022CDE6D1680 49] Mac, [0000022CDD7B3E00][0000022CDE6D5800 49] MacClient, [0000022CDD7B5600][0000022CDE6D9980 49] MacNoEditor, [0000022CDD7B3100][0000022CDE6DDB00 49] MacServer, [0000022CDD7B5E00][0000022CDE6E0100 49] Linux, [0000022CDD7B3700][0000022CDE6E4280 49] LinuxAArch64, [0000022CDD7B7E00][0000022CDE6E8400 49] LinuxNoEditor, [0000022CDD7B2100][0000022CDE6EC580 49] LinuxAArch64NoEditor, [0000022CDD7B5700][0000022CDE6F0700 49] LinuxClient, [0000022CDD7B0F00][0000022CDE6F4880 49] LinuxAArch64Client, [0000022CDD7B4500][0000022CDE6F8A00 49] LinuxServer, [0000022CDD7B1D00][0000022CDE6FCB80 49] LinuxAArch64Server, [0000022CDD7B7200][0000022CDE700D00 49] Android, [0000022CDD7B1100][0000022CDE704E80 49] Android_Low, [0000022CDD7B6900][0000022CDE709000 49] Android_Mid, [0000022CDD7B0700][0000022CDE70D180 49] Android_High, [0000022CDD7B5500][0000022CDE711300 49] Android_Default, [0000022CDD7B0B00][0000022CDE6CD440 49] Android_Adreno4xx, [0000022CDD7B4C00][0000022CDE715580 49] Android_Adreno5xx_Low, [0000022CDD885F00][0000022CDE7196C0 49] Android_Adreno5xx, [0000022CDD7B7700][0000022CDE721840 49] Android_Adreno6xx, [0000022CDD7B1400][0000022CDE7259C0 49] Android_Adreno6xx_Vulkan, [0000022CDD7B5F00][0000022CDE729B40 49] Android_Mali_T6xx, [0000022CDD7B3800][0000022CDE72C140 49] Android_Mali_T7xx, [0000022CDD7B4A00][0000022CDE7302C0 49] Android_Mali_T8xx, [0000022CDD7B3D00][0000022CDE734440 49] Android_Mali_G71, [0000022CDD7B4300][0000022CDE7385C0 49] Android_Mali_G72, [0000022CDD7B1300][0000022CDE73C740 49] Android_Mali_G72_Vulkan, [0000022CDD7B4700][0000022CDE7408C0 49] Android_Mali_G76, [0000022CDD7B0C00][0000022CDE744A40 49] Android_Mali_G76_Vulkan, [0000022CDD7B6200][0000022CDE748BC0 49] Android_Mali_G77, [0000022CDD7B0A00][0000022CDE74CD40 49] Android_Mali_G77_Vulkan, [0000022CDD7B6300][0000022CDE750EC0 49] Android_Mali_G78, [0000022CDD7B2800][0000022CDE755040 49] Android_Mali_G78_Vulkan, [0000022CDD7B7300][0000022CDE7591C0 49] Android_Mali_G710, [0000022CDD7B3300][0000022CDE75D340 49] Android_Mali_G710_Vulkan, [0000022CDD7B4100][0000022CDE7614C0 49] Android_Vulkan_SM5, [0000022CDD7B0900][0000022CDE71D600 49] Android_PowerVR_G6xxx, [0000022CDD7B4400][0000022CDE765740 49] Android_PowerVR_GT7xxx, [0000022CDD7B1600][0000022CDE769880 49] Android_PowerVR_GE8xxx, [0000022CDD7B7C00][0000022CDE76D9C0 49] Android_PowerVR_GM9xxx, [0000022CDD7B0D00][0000022CDE775B40 49] Android_PowerVR_GM9xxx_Vulkan, [0000022CDD7B7B00][0000022CDE778140 49] Android_TegraK1, [0000022CDD83D600][0000022CDE77C2C0 49] Android_Unknown_Vulkan, [0000022CDD7F8900][0000022CDE780440 49] Lumin, [0000022CDD83DD00][0000022CDE7845C0 49] Lumin_Desktop, [0000022CDD7FA500][0000022CDE788740 49] HoloLens, 
[2021.09.30-07.59.15:055][  0]LogMeshReduction: Using QuadricMeshReduction for automatic static mesh reduction
[2021.09.30-07.59.15:055][  0]LogMeshReduction: Using SimplygonMeshReduction for automatic skeletal mesh reduction
[2021.09.30-07.59.15:055][  0]LogMeshReduction: Using ProxyLODMeshReduction for automatic mesh merging
[2021.09.30-07.59.15:055][  0]LogMeshReduction: No distributed automatic mesh merging module available
[2021.09.30-07.59.15:055][  0]LogMeshMerging: No distributed automatic mesh merging module available
[2021.09.30-07.59.15:129][  0]LogNetVersion: HW_Yakovlev_A 1.0.0, NetCL: 17155196, EngineNetVer: 17, GameNetVer: 0 (Checksum: 1106084798)
[2021.09.30-07.59.20:274][  0]LogTexture: Default maximum texture size for cubemaps generated from long-lat sources has been changed from 512 to unlimited. In order to preserve old behaiour for '/Engine/MapTemplates/Sky/DaylightAmbientCubemap.DaylightAmbientCubemap', its maximum texture size has been explicitly set to 512.
[2021.09.30-07.59.20:479][  0]LogHMD: PokeAHoleMaterial loaded successfully
[2021.09.30-07.59.20:487][  0]LogUObjectArray: 17178 objects as part of root set at end of initial load.
[2021.09.30-07.59.20:487][  0]LogUObjectAllocator: 4301856 out of 0 bytes used by permanent object pool.
[2021.09.30-07.59.20:487][  0]LogUObjectArray: CloseDisregardForGC: 0/0 objects in disregard for GC pool
[2021.09.30-07.59.22:132][  0]LogNiagaraDebuggerClient: Niagara Debugger Client Initialized | Session: 70787E084CBC90B43DD0798FB942F432 | Instance: 54E1E9674EA5C7E8EA598984D1156B27 (ADW-6724).
[2021.09.30-07.59.22:853][  0]LogStreaming: Warning: Failed to read file '../../../Engine/Content/Editor/Slate/Niagara/MenuSeparator.png' error.
[2021.09.30-07.59.22:853][  0]LogSlate: Could not find file for Slate resource: ../../../Engine/Content/Editor/Slate/Niagara/MenuSeparator.png
[2021.09.30-07.59.22:853][  0]LogStreaming: Warning: Failed to read file '../../../Engine/Content/Editor/Slate/Niagara/Common/Selector.png' error.
[2021.09.30-07.59.22:853][  0]LogSlate: Could not find file for Slate resource: ../../../Engine/Content/Editor/Slate/Niagara/Common/Selector.png
[2021.09.30-07.59.22:853][  0]LogStreaming: Warning: Failed to read file '../../../Engine/Content/Editor/Slate/Niagara/Common/Selection.png' error.
[2021.09.30-07.59.22:853][  0]LogSlate: Could not find file for Slate resource: ../../../Engine/Content/Editor/Slate/Niagara/Common/Selection.png
[2021.09.30-07.59.22:853][  0]LogStreaming: Warning: Failed to read file '../../../Engine/Content/Editor/Slate/Niagara/Common/DropZoneIndicator_Above.png' error.
[2021.09.30-07.59.22:853][  0]LogSlate: Could not find file for Slate resource: ../../../Engine/Content/Editor/Slate/Niagara/Common/DropZoneIndicator_Above.png
[2021.09.30-07.59.22:853][  0]LogStreaming: Warning: Failed to read file '../../../Engine/Content/Editor/Slate/Niagara/Common/DropZoneIndicator_Onto.png' error.
[2021.09.30-07.59.22:853][  0]LogSlate: Could not find file for Slate resource: ../../../Engine/Content/Editor/Slate/Niagara/Common/DropZoneIndicator_Onto.png
[2021.09.30-07.59.22:853][  0]LogStreaming: Warning: Failed to read file '../../../Engine/Content/Editor/Slate/Niagara/Common/DropZoneIndicator_Below.png' error.
[2021.09.30-07.59.22:853][  0]LogSlate: Could not find file for Slate resource: ../../../Engine/Content/Editor/Slate/Niagara/Common/DropZoneIndicator_Below.png
[2021.09.30-07.59.22:853][  0]LogStreaming: Warning: Failed to read file '../../../Engine/Content/Editor/Slate/Niagara/Common/RoundedSelection_16x.png' error.
[2021.09.30-07.59.22:853][  0]LogSlate: Could not find file for Slate resource: ../../../Engine/Content/Editor/Slate/Niagara/Common/RoundedSelection_16x.png
[2021.09.30-07.59.22:853][  0]LogImageWrapper: Warning: PNG Warning: Duplicate iCCP chunk
[2021.09.30-07.59.22:853][  0]LogStreaming: Warning: Failed to read file '../../../Engine/Content/Editor/Slate/Niagara/Common/FlatButton.png' error.
[2021.09.30-07.59.22:853][  0]LogSlate: Could not find file for Slate resource: ../../../Engine/Content/Editor/Slate/Niagara/Common/FlatButton.png
[2021.09.30-07.59.22:853][  0]LogImageWrapper: Warning: PNG Warning: Duplicate iCCP chunk
[2021.09.30-07.59.22:853][  0]LogPython: Using Python 3.7.7
[2021.09.30-07.59.24:804][  0]LogTcpMessaging: Initializing TcpMessaging bridge
[2021.09.30-07.59.24:912][  0]LogUdpMessaging: Initializing bridge on interface 0.0.0.0:0 to multicast group 230.0.0.1:6666.
[2021.09.30-07.59.26:876][  0]SourceControl: Source control is disabled
[2021.09.30-07.59.26:876][  0]SourceControl: Source control is disabled
[2021.09.30-07.59.26:965][  0]SourceControl: Source control is disabled
[2021.09.30-07.59.26:986][  0]SourceControl: Source control is disabled
[2021.09.30-07.59.27:056][  0]SourceControl: Source control is disabled
[2021.09.30-07.59.27:141][  0]LogUProjectInfo: Found projects:
[2021.09.30-07.59.27:146][  0]LogVSAccessor: Display: Unable to create Visual Studio setup instance: 80040154
[2021.09.30-07.59.27:147][  0]LogVSAccessor: Display: Unable to create Visual Studio setup instance: 80040154
[2021.09.30-07.59.27:147][  0]LogVSAccessor: Display: Unable to create Visual Studio setup instance: 80040154
[2021.09.30-07.59.36:262][  0]LogOpenImageDenoise: OIDN starting up
[2021.09.30-07.59.37:649][  0]LogAndroidPermission: UAndroidPermissionCallbackProxy::GetInstance
[2021.09.30-07.59.37:972][  0]LogAudioCaptureCore: Display: No Audio Capture implementations found. Audio input will be silent.
[2021.09.30-07.59.37:972][  0]LogAudioCaptureCore: Display: No Audio Capture implementations found. Audio input will be silent.
[2021.09.30-07.59.42:890][  0]LogCollectionManager: Loaded 0 collections in 0.020306 seconds
[2021.09.30-07.59.43:149][  0]LogFileCache: Scanning file cache for directory 'F:/AnkouDW/Unreal Projects/HW_Yakovlev_A/HW_Yakovlev_A 4.27 - 2/Saved/Collections/' took 0.02s
[2021.09.30-07.59.43:149][  0]LogFileCache: Scanning file cache for directory 'F:/AnkouDW/Unreal Projects/HW_Yakovlev_A/HW_Yakovlev_A 4.27 - 2/Content/Developers/AnkouDW/Collections/' took 0.01s
[2021.09.30-07.59.43:149][  0]LogFileCache: Scanning file cache for directory 'F:/AnkouDW/Unreal Projects/HW_Yakovlev_A/HW_Yakovlev_A 4.27 - 2/Content/Collections/' took 0.01s
[2021.09.30-07.59.43:752][  0]LogOcInput: OculusInput pre-init called
[2021.09.30-07.59.53:697][  0]LogStreaming: Warning: Failed to read file '../../../Engine/Content/Editor/Slate/Niagara/MenuSeparator.png' error.
[2021.09.30-07.59.53:697][  0]LogSlate: Could not find file for Slate resource: ../../../Engine/Content/Editor/Slate/Niagara/MenuSeparator.png
[2021.09.30-07.59.53:702][  0]LogStreaming: Warning: Failed to read file '../../../Engine/Content/Editor/Slate/Niagara/Common/Selector.png' error.
[2021.09.30-07.59.53:702][  0]LogSlate: Could not find file for Slate resource: ../../../Engine/Content/Editor/Slate/Niagara/Common/Selector.png
[2021.09.30-07.59.53:702][  0]LogStreaming: Warning: Failed to read file '../../../Engine/Content/Editor/Slate/Niagara/Common/Selection.png' error.
[2021.09.30-07.59.53:702][  0]LogSlate: Could not find file for Slate resource: ../../../Engine/Content/Editor/Slate/Niagara/Common/Selection.png
[2021.09.30-07.59.53:702][  0]LogStreaming: Warning: Failed to read file '../../../Engine/Content/Editor/Slate/Niagara/Common/DropZoneIndicator_Above.png' error.
[2021.09.30-07.59.53:702][  0]LogSlate: Could not find file for Slate resource: ../../../Engine/Content/Editor/Slate/Niagara/Common/DropZoneIndicator_Above.png
[2021.09.30-07.59.53:702][  0]LogStreaming: Warning: Failed to read file '../../../Engine/Content/Editor/Slate/Niagara/Common/DropZoneIndicator_Onto.png' error.
[2021.09.30-07.59.53:702][  0]LogSlate: Could not find file for Slate resource: ../../../Engine/Content/Editor/Slate/Niagara/Common/DropZoneIndicator_Onto.png
[2021.09.30-07.59.53:702][  0]LogStreaming: Warning: Failed to read file '../../../Engine/Content/Editor/Slate/Niagara/Common/DropZoneIndicator_Below.png' error.
[2021.09.30-07.59.53:702][  0]LogSlate: Could not find file for Slate resource: ../../../Engine/Content/Editor/Slate/Niagara/Common/DropZoneIndicator_Below.png
[2021.09.30-07.59.53:702][  0]LogStreaming: Warning: Failed to read file '../../../Engine/Content/Editor/Slate/Niagara/Common/RoundedSelection_16x.png' error.
[2021.09.30-07.59.53:702][  0]LogSlate: Could not find file for Slate resource: ../../../Engine/Content/Editor/Slate/Niagara/Common/RoundedSelection_16x.png
[2021.09.30-07.59.53:702][  0]LogStreaming: Warning: Failed to read file '../../../Engine/Content/Editor/Slate/Niagara/Common/FlatButton.png' error.
[2021.09.30-07.59.53:702][  0]LogSlate: Could not find file for Slate resource: ../../../Engine/Content/Editor/Slate/Niagara/Common/FlatButton.png
[2021.09.30-07.59.53:702][  0]LogImageWrapper: Warning: PNG Warning: Duplicate iCCP chunk
[2021.09.30-07.59.53:702][  0]LogImageWrapper: Warning: PNG Warning: Duplicate iCCP chunk
[2021.09.30-08.00.00:052][  0]LogAutomationTest: Warning: Smoke tests took >2s to run (5.21s). 'FAutomationTestAttemptToFindUninitializedScriptStructMembers' took 4826ms. SmokeFilter tier tests should take less than 1ms. Please optimize or move 'FAutomationTestAttemptToFindUninitializedScriptStructMembers' to a slower tier than SmokeFilter.
[2021.09.30-08.00.00:280][  0]LogEngine: Initializing Engine...
[2021.09.30-08.00.00:504][  0]LogHMD: Optional extension XR_KHR_opengl_enable is not available
[2021.09.30-08.00.00:504][  0]LogHMD: Optional extension XR_KHR_vulkan_enable is not available
[2021.09.30-08.00.00:504][  0]LogHMD: Optional extension XR_VARJO_quad_views is not available
[2021.09.30-08.00.00:529][  0]LogHMD: Failed to get an OpenXR system, result is XR_ERROR_FORM_FACTOR_UNAVAILABLE. Please check that your runtime supports VR headsets.
[2021.09.30-08.00.00:560][  0]LogHMD: Failed to initialize OpenVR with code 101
[2021.09.30-08.00.00:575][  0]LogMagicLeap: Warning: VR disabled because ZI is not enabled.  To enable, in the editor, Edit -> Project Settings -> Plugins -> Magic Leap Plugin -> Enable Zero Iteration
[2021.09.30-08.00.00:679][  0]LogStats: UGameplayTagsManager::InitializeManager -  0.007 s
[2021.09.30-08.00.01:477][  0]LogInit: Initializing FReadOnlyCVARCache
[2021.09.30-08.00.02:400][  0]LogAIModule: Creating AISystem for world Untitled
[2021.09.30-08.00.02:515][  0]LogAudio: Display: Initializing Audio Device Manager...
[2021.09.30-08.00.02:535][  0]LogAudio: Display: Loading Default Audio Settings Objects...
[2021.09.30-08.00.02:570][  0]LogAudio: Display: No default SoundConcurrencyObject specified (or failed to load).
[2021.09.30-08.00.02:608][  0]LogAudio: Display: Audio Device Manager Initialized
[2021.09.30-08.00.02:608][  0]LogAudio: Display: Creating Audio Device:                 Id: 1, Scope: Shared, Realtime: True
[2021.09.30-08.00.02:620][  0]LogAudioMixer: Display: Audio Mixer Platform Settings:
[2021.09.30-08.00.02:620][  0]LogAudioMixer: Display: 	Sample Rate:						  48000
[2021.09.30-08.00.02:620][  0]LogAudioMixer: Display: 	Callback Buffer Frame Size Requested: 1024
[2021.09.30-08.00.02:620][  0]LogAudioMixer: Display: 	Callback Buffer Frame Size To Use:	  1024
[2021.09.30-08.00.02:620][  0]LogAudioMixer: Display: 	Number of buffers to queue:			  2
[2021.09.30-08.00.02:620][  0]LogAudioMixer: Display: 	Max Channels (voices):				  32
[2021.09.30-08.00.02:620][  0]LogAudioMixer: Display: 	Number of Async Source Workers:		  0
[2021.09.30-08.00.02:630][  0]LogAudio: Display: AudioDevice MaxSources: 32
[2021.09.30-08.00.02:637][  0]LogAudio: Display: Audio Spatialization Plugin: None (built-in).
[2021.09.30-08.00.02:637][  0]LogAudio: Display: Audio Reverb Plugin: None (built-in).
[2021.09.30-08.00.02:637][  0]LogAudio: Display: Audio Occlusion Plugin: None (built-in).
[2021.09.30-08.00.02:637][  0]LogAudioMixer: Display: Initializing audio mixer.
[2021.09.30-08.00.02:819][  0]LogAudioMixer: Display: 0: FrontLeft
[2021.09.30-08.00.02:819][  0]LogAudioMixer: Display: 1: FrontRight
[2021.09.30-08.00.02:819][  0]LogAudioMixer: Display: 2: FrontCenter
[2021.09.30-08.00.02:819][  0]LogAudioMixer: Display: 3: LowFrequency
[2021.09.30-08.00.02:819][  0]LogAudioMixer: Display: 4: BackLeft
[2021.09.30-08.00.02:819][  0]LogAudioMixer: Display: 5: BackRight
[2021.09.30-08.00.02:819][  0]LogAudioMixer: Display: 6: SideLeft
[2021.09.30-08.00.02:819][  0]LogAudioMixer: Display: 7: SideRight
[2021.09.30-08.00.02:862][  0]LogAudioMixer: Display: Using Audio Device Динамики (3- Respawn)
[2021.09.30-08.00.02:943][  0]LogAudioMixer: Display: Initializing Sound Submixes...
[2021.09.30-08.00.03:026][  0]LogAudioMixer: Display: Creating Master Submix 'MasterSubmixDefault'
[2021.09.30-08.00.03:026][  0]LogAudioMixer: Display: Creating Master Submix 'MasterReverbSubmixDefault'
[2021.09.30-08.00.03:027][  0]LogAudioMixer: Display: Creating Master Submix 'MasterEQSubmixDefault'
[2021.09.30-08.00.03:037][  0]LogAudioMixer: FMixerPlatformXAudio2::StartAudioStream() called
[2021.09.30-08.00.03:037][  0]LogAudioMixer: Display: Output buffers initialized: Frames=1024, Channels=8, Samples=8192
[2021.09.30-08.00.03:040][  0]LogAudioMixer: Display: Starting AudioMixerPlatformInterface::RunInternal()
[2021.09.30-08.00.03:040][  0]LogAudioMixer: Display: FMixerPlatformXAudio2::SubmitBuffer() called for the first time
[2021.09.30-08.00.03:040][  0]LogInit: FAudioDevice initialized.
[2021.09.30-08.00.03:071][  0]LogAudioMixer: Display: Audio Buffer Underrun (starvation) detected.
[2021.09.30-08.00.03:071][  0]LogAudio: Display: Audio Device (ID: 1) registered with world 'Untitled'.
[2021.09.30-08.00.03:140][  0]LogNetVersion: Set ProjectVersion to 1.0.0.0. Version Checksum will be recalculated on next use.
[2021.09.30-08.00.03:141][  0]LogDerivedDataCache: Error: Could not save memory cache C:/Users/AnkouDW/AppData/Local/UnrealEngine/4.27/DerivedDataCache/Boot.ddc.
[2021.09.30-08.00.03:152][  0]LogInit: Texture streaming: Enabled
[2021.09.30-08.00.03:387][  0]LogAnalytics: Display: [UEEditor.Rocket.Release] APIServer = https://datarouter.ol.epicgames.com/. AppVersion = 4.27.0-17155196+++UE4+Release-4.27
[2021.09.30-08.00.03:503][  0]LogEngineSessionManager: EngineSessionManager initialized
[2021.09.30-08.00.03:520][  0]LogEngineSessionManager: EngineSessionManager sent abnormal shutdown report. Type=Crashed, SessionId={5F820531-4FF5-787B-2B60-3FBE162F9919}
[2021.09.30-08.00.03:544][  0]LogEditorSessionSummary: Verbose: Initializing EditorSessionSummaryWriter for editor session tracking
[2021.09.30-08.00.03:598][  0]LogEditorSessionSummary: EditorSessionSummaryWriter initialized
